#
# A fatal error has been detected by the Java Runtime Environment:
#
#  SIGSEGV (0xb) at pc=0x00000001076a8ced, pid=6393, tid=40963
#
# JRE version: OpenJDK Runtime Environment Temurin-17.0.4.1+1 (17.0.4.1+1) (build 17.0.4.1+1)
# Java VM: OpenJDK 64-Bit Server VM Temurin-17.0.4.1+1 (17.0.4.1+1, mixed mode, sharing, tiered, compressed oops, compressed class ptrs, g1 gc, bsd-amd64)
# Problematic frame:
# V  [libjvm.dylib+0x2a8ced]  _ZN12PhaseChaitin16gather_lrg_masksEb+0x12d
#
# No core dump will be written. Core dumps have been disabled. To enable core dumping, try "ulimit -c unlimited" before starting Java again
#
# If you would like to submit a bug report, please visit:
#   https://github.com/adoptium/adoptium-support/issues
#

---------------  S U M M A R Y ------------

Command Line: -ea -agentlib:jdwp=transport=dt_socket,address=127.0.0.1:55253 -Dfile.encoding=UTF-8 bluej.runtime.ExecServer UTF-8

Host: "MacBookPro15,3" x86_64 2900 MHz, 12 cores, 32G, Darwin 18.7.0, macOS 10.14.6 (18G9323)
Time: Mon Oct  2 18:25:12 2023 CDT elapsed time: 146.853390 seconds (0d 0h 2m 26s)

---------------  T H R E A D  ---------------

Current thread (0x00007f83c9806600):  JavaThread "C2 CompilerThread0" daemon [_thread_in_native, id=40963, stack(0x000070000c296000,0x000070000c396000)]


Current CompileTask:
C2: 146853 2224       4       sun.java2d.SunGraphics2D::drawImage (11 bytes)

Stack: [0x000070000c296000,0x000070000c396000],  sp=0x000070000c392810,  free space=1010k
Native frames: (J=compiled Java code, j=interpreted, Vv=VM code, C=native code)
V  [libjvm.dylib+0x2a8ced]  _ZN12PhaseChaitin16gather_lrg_masksEb+0x12d
V  [libjvm.dylib+0x2a8555]  _ZN12PhaseChaitin17Register_AllocateEv+0x8e5
V  [libjvm.dylib+0x3299c5]  _ZN7Compile8Code_GenEv+0x565
V  [libjvm.dylib+0x325d83]  _ZN7CompileC2EP5ciEnvP8ciMethodibbbbbP12DirectiveSet+0x1263
V  [libjvm.dylib+0x2878f6]  _ZN10C2Compiler14compile_methodEP5ciEnvP8ciMethodibP12DirectiveSet+0xb6
V  [libjvm.dylib+0x33a0f9]  _ZN13CompileBroker25invoke_compiler_on_methodEP11CompileTask+0x659
V  [libjvm.dylib+0x33999e]  _ZN13CompileBroker20compiler_thread_loopEv+0x3ee
V  [libjvm.dylib+0xaa3acf]  _ZN10JavaThread17thread_main_innerEv+0x14f
V  [libjvm.dylib+0xaa1e4a]  _ZN6Thread8call_runEv+0x11a
V  [libjvm.dylib+0x8ae6db]  _ZL19thread_native_entryP6Thread+0x14b
C  [libsystem_pthread.dylib+0x32eb]  _pthread_body+0x7e
C  [libsystem_pthread.dylib+0x6249]  _pthread_start+0x42
C  [libsystem_pthread.dylib+0x240d]  thread_start+0xd


siginfo: si_signo: 11 (SIGSEGV), si_code: 1 (SEGV_MAPERR), si_addr: 0x00007b83ca2a5f90

Register to memory mapping:

RAX=0x00007b83ca2a5f80 is an unknown value
RBX=0x000070000c3942c0 is pointing into the stack for thread: 0x00007f83c9806600
RCX=0x00007f83b0f90010 points into unknown readable memory: 0x0000000000000000 | 00 00 00 00 00 00 00 00
RDX=0x000000000000031a is an unknown value
RSP=0x000070000c392810 is pointing into the stack for thread: 0x00007f83c9806600
RBP=0x000070000c3928a0 is pointing into the stack for thread: 0x00007f83c9806600
RSI=0x0000000000000083 is an unknown value
RDI=0x00007f8379938160 points into unknown readable memory: 0x000000010805d3a0 | a0 d3 05 08 01 00 00 00
R8 =0x0 is NULL
R9 =0x0 is NULL
R10=0x0f0f0f0f0f0f0f0f is an unknown value
R11=0x0101010101010101 is an unknown value
R12=0x000070000c3942c0 is pointing into the stack for thread: 0x00007f83c9806600
R13=0x00007b83ca2a5f80 is an unknown value
R14=0x0000000000006c54 is an unknown value
R15=0x00007f83b1de0010 points into unknown readable memory: 0x0000000000000000 | 00 00 00 00 00 00 00 00


Registers:
RAX=0x00007b83ca2a5f80, RBX=0x000070000c3942c0, RCX=0x00007f83b0f90010, RDX=0x000000000000031a
RSP=0x000070000c392810, RBP=0x000070000c3928a0, RSI=0x0000000000000083, RDI=0x00007f8379938160
R8 =0x0000000000000000, R9 =0x0000000000000000, R10=0x0f0f0f0f0f0f0f0f, R11=0x0101010101010101
R12=0x000070000c3942c0, R13=0x00007b83ca2a5f80, R14=0x0000000000006c54, R15=0x00007f83b1de0010
RIP=0x00000001076a8ced, EFLAGS=0x0000000000010202, ERR=0x0000000000000004
  TRAPNO=0x000000000000000e

Top of Stack: (sp=0x000070000c392810)
0x000070000c392810:   00000000005391c0 00000000ffffffff
0x000070000c392820:   0000000000000002 0000000000000083
0x000070000c392830:   000000000000031a 00007f83b22516c0
0x000070000c392840:   00007f83781ef668 000000010057ce78
0x000070000c392850:   0000000000000001 000070000c3942c0
0x000070000c392860:   000000010c3928a0 00007f8379938160
0x000070000c392870:   000000000053a020 000000000000494a
0x000070000c392880:   00007f83c867fe10 000070000c3942c0
0x000070000c392890:   000070000c392ac8 00007f83c867fe20
0x000070000c3928a0:   000070000c392b30 00000001076a8555
0x000070000c3928b0:   000070000c394220 00007fff0000000a
0x000070000c3928c0:   000070000c3950b8 00007f83b1330010
0x000070000c3928d0:   0000000000000000 00007f83b1380010
0x000070000c3928e0:   00007f8379158010 00007f837915bd60
0x000070000c3928f0:   00007f839ff519a0 000070000c394220
0x000070000c392900:   000070000c3943c0 000070000000555b
0x000070000c392910:   000070000c392ac8 0000000105af4000
0x000070000c392920:   00000001080f0000 0000000000000000
0x000070000c392930:   000070000c3950b8 000070000c394200
0x000070000c392940:   00007fff00003c9b 0000000107f9c700
0x000070000c392950:   0000000000000000 000070000c3950b8
0x000070000c392960:   0000000000000000 0000000107f9c700
0x000070000c392970:   000070000c392900 00000001080f0000
0x000070000c392980:   0000000000000000 000070000c3950b8
0x000070000c392990:   000070000c394200 0000000b00000001
0x000070000c3929a0:   0000000107f9c693 0000000000000000
0x000070000c3929b0:   0000000000000000 0000000000000000
0x000070000c3929c0:   0000000107f9c693 0000000107eab200
0x000070000c3929d0:   000070000c392a20 000000010755ea51
0x000070000c3929e0:   00007f83b0e60010 0000000000000000
0x000070000c3929f0:   0000000000000000 0000000000000000
0x000070000c392a00:   00007f83c850a640 00007f83bff39600 

Instructions: (pc=0x00000001076a8ced)
0x00000001076a8bed:   40 08 48 8b 40 18 48 63 40 28 48 8b 97 08 01 00
0x00000001076a8bfd:   00 8b 04 82 48 8b 49 20 48 69 c0 a8 00 00 00 f2
0x00000001076a8c0d:   0f 10 04 01 f2 0f 58 05 f7 58 97 00 f2 0f 11 04
0x00000001076a8c1d:   01 48 8b 47 48 83 78 40 00 0f 84 f2 06 00 00 31
0x00000001076a8c2d:   d2 4c 89 65 b8 66 2e 0f 1f 84 00 00 00 00 00 0f
0x00000001076a8c3d:   1f 40 00 48 8b 48 30 48 8b 0c d1 83 79 28 02 0f
0x00000001076a8c4d:   82 bd 06 00 00 be 01 00 00 00 48 89 55 90 48 89
0x00000001076a8c5d:   4d a0 90 8b 41 18 41 bd 00 00 00 00 bf 00 00 00
0x00000001076a8c6d:   00 48 39 c6 73 0b 48 8b 41 20 4c 8b 2c f0 4c 89
0x00000001076a8c7d:   ef 8b 47 2c 83 e0 03 83 f8 02 48 89 7d c8 48 89
0x00000001076a8c8d:   75 88 75 1f 48 8b 07 ff 90 c8 00 00 00 48 8b 7d
0x00000001076a8c9d:   c8 89 45 b0 b0 01 89 45 ac eb 16 0f 1f 84 00 00
0x00000001076a8cad:   00 00 00 c7 45 b0 01 00 00 00 c7 45 ac 00 00 00
0x00000001076a8cbd:   00 48 63 47 28 49 8b 8c 24 08 01 00 00 44 8b 34
0x00000001076a8ccd:   81 4d 85 f6 0f 84 c9 02 00 00 48 8b 5d b8 48 8b
0x00000001076a8cdd:   43 70 4c 8b 78 20 49 8b 45 00 ff 50 28 49 89 c5
0x00000001076a8ced:   8b 40 10 48 83 f8 21 77 20 48 b9 00 00 00 60 03
0x00000001076a8cfd:   00 00 00 48 0f a3 c1 73 10 49 69 c6 a8 00 00 00
0x00000001076a8d0d:   41 80 8c 07 a6 00 00 00 02 48 8b 7d c8 8b 47 28
0x00000001076a8d1d:   48 89 c1 48 c1 e9 05 3b 4b 78 73 67 48 8b 93 80
0x00000001076a8d2d:   00 00 00 8b 0c 8a 0f a3 c1 73 58 49 69 ce a8 00
0x00000001076a8d3d:   00 00 41 0f b7 84 0f a6 00 00 00 89 c2 83 ca 10
0x00000001076a8d4d:   66 41 89 94 0f a6 00 00 00 8b 57 28 48 89 d6 48
0x00000001076a8d5d:   c1 ee 05 3b b3 98 00 00 00 73 28 48 8b 9b a0 00
0x00000001076a8d6d:   00 00 8b 34 b3 0f a3 d6 73 19 49 8d 8c 0f a6 00
0x00000001076a8d7d:   00 00 83 c8 30 66 89 01 66 2e 0f 1f 84 00 00 00
0x00000001076a8d8d:   00 00 90 4d 69 e6 a8 00 00 00 4b 83 7c 27 18 01
0x00000001076a8d9d:   48 19 c0 48 f7 d0 48 09 f8 4b 89 44 27 18 48 8b
0x00000001076a8dad:   07 ff 50 78 48 89 c3 4b 8d 84 27 90 00 00 00 43
0x00000001076a8dbd:   8b 8c 27 90 00 00 00 43 8b 94 27 94 00 00 00 39
0x00000001076a8dcd:   d1 76 20 8b 73 58 39 f1 73 3a 89 30 8b 4b 5c 39
0x00000001076a8ddd:   ca 48 8b 7d c8 77 38 eb 39 66 2e 0f 1f 84 00 00 


Stack slot to memory mapping:
stack at sp + 0 slots: 0x00000000005391c0 is an unknown value
stack at sp + 1 slots: 0x00000000ffffffff is an unknown value
stack at sp + 2 slots: 0x0000000000000002 is an unknown value
stack at sp + 3 slots: 0x0000000000000083 is an unknown value
stack at sp + 4 slots: 0x000000000000031a is an unknown value
stack at sp + 5 slots: 0x00007f83b22516c0 points into unknown readable memory: 0x0000000005555455 | 55 54 55 05 00 00 00 00
stack at sp + 6 slots: 0x00007f83781ef668 points into unknown readable memory: 0x00000001080ce8c8 | c8 e8 0c 08 01 00 00 00
stack at sp + 7 slots: 0x000000010057ce78 is an unknown value


---------------  P R O C E S S  ---------------

Threads class SMR info:
_java_thread_list=0x00007f83bf6b4c00, length=25, elements={
0x00007f83ca017a00, 0x00007f839f881600, 0x00007f83c9808400, 0x00007f83c9809400,
0x00007f83c9806000, 0x00007f83c9806600, 0x00007f83af855200, 0x00007f83c9814000,
0x00007f83af855800, 0x00007f83c9814600, 0x00007f839f881c00, 0x00007f83af855e00,
0x00007f83c8818400, 0x00007f83bf806200, 0x00007f83ca018000, 0x00007f83ca018600,
0x00007f8388000000, 0x00007f83af961a00, 0x00007f839f965400, 0x00007f83ca01c800,
0x00007f83c980a000, 0x00007f83ca13a200, 0x00007f83c9999800, 0x00007f83af97a200,
0x00007f83af90e000
}

Java Threads: ( => current thread )
  0x00007f83ca017a00 JavaThread "Reference Handler" daemon [_thread_blocked, id=18179, stack(0x000070000bd87000,0x000070000be87000)]
  0x00007f839f881600 JavaThread "Finalizer" daemon [_thread_blocked, id=21763, stack(0x000070000be8a000,0x000070000bf8a000)]
  0x00007f83c9808400 JavaThread "Signal Dispatcher" daemon [_thread_blocked, id=41987, stack(0x000070000bf8d000,0x000070000c08d000)]
  0x00007f83c9809400 JavaThread "Service Thread" daemon [_thread_blocked, id=22787, stack(0x000070000c090000,0x000070000c190000)]
  0x00007f83c9806000 JavaThread "Monitor Deflation Thread" daemon [_thread_blocked, id=41475, stack(0x000070000c193000,0x000070000c293000)]
=>0x00007f83c9806600 JavaThread "C2 CompilerThread0" daemon [_thread_in_native, id=40963, stack(0x000070000c296000,0x000070000c396000)]
  0x00007f83af855200 JavaThread "C1 CompilerThread0" daemon [_thread_blocked, id=40451, stack(0x000070000c399000,0x000070000c499000)]
  0x00007f83c9814000 JavaThread "Sweeper thread" daemon [_thread_blocked, id=40195, stack(0x000070000c49c000,0x000070000c59c000)]
  0x00007f83af855800 JavaThread "JDWP Transport Listener: dt_socket" daemon [_thread_blocked, id=39943, stack(0x000070000c59f000,0x000070000c69f000)]
  0x00007f83c9814600 JavaThread "JDWP Event Helper Thread" daemon [_thread_blocked, id=39427, stack(0x000070000c6a2000,0x000070000c7a2000)]
  0x00007f839f881c00 JavaThread "JDWP Command Reader" daemon [_thread_in_native, id=24067, stack(0x000070000c7a5000,0x000070000c8a5000)]
  0x00007f83af855e00 JavaThread "Notification Thread" daemon [_thread_blocked, id=24579, stack(0x000070000c8a8000,0x000070000c9a8000)]
  0x00007f83c8818400 JavaThread "Common-Cleaner" daemon [_thread_blocked, id=38915, stack(0x000070000caae000,0x000070000cbae000)]
  0x00007f83bf806200 JavaThread "AppKit Thread" daemon [_thread_in_native, id=775, stack(0x00007ffee992a000,0x00007ffeea12a000)]
  0x00007f83ca018000 JavaThread "BlueJ worker thread" [_thread_blocked, id=55811, stack(0x000070000d358000,0x000070000d458000)]
  0x00007f83ca018600 JavaThread "DestroyJavaVM" [_thread_blocked, id=8451, stack(0x000070000b672000,0x000070000b772000)]
  0x00007f8388000000 JavaThread "Java Sound Event Dispatcher" daemon [_thread_blocked, id=89347, stack(0x000070000ccb4000,0x000070000cdb4000)]
  0x00007f83af961a00 JavaThread "AWT-Shutdown" [_thread_blocked, id=126723, stack(0x000070000cdb7000,0x000070000ceb7000)]
  0x00007f839f965400 JavaThread "Thread-0" daemon [_thread_blocked, id=90631, stack(0x000070000d049000,0x000070000d149000)]
  0x00007f83ca01c800 JavaThread "Java2D Queue Flusher" daemon [_thread_blocked, id=90883, stack(0x000070000d255000,0x000070000d355000)]
  0x00007f83c980a000 JavaThread "Java2D Disposer" daemon [_thread_blocked, id=92171, stack(0x000070000d45b000,0x000070000d55b000)]
  0x00007f83ca13a200 JavaThread "AWT-EventQueue-0" [_thread_blocked, id=98067, stack(0x000070000d55e000,0x000070000d65e000)]
  0x00007f83c9999800 JavaThread "Thread-1" [_thread_in_native, id=99331, stack(0x000070000df7c000,0x000070000e07c000)]
  0x00007f83af97a200 JavaThread "Thread-2" [_thread_in_vm, id=99859, stack(0x000070000ceba000,0x000070000cfba000)]
  0x00007f83af90e000 JavaThread "main" [_thread_blocked, id=100611, stack(0x000070000e07f000,0x000070000e17f000)]

Other Threads:
  0x00007f83bf50d930 VMThread "VM Thread" [stack: 0x000070000bc84000,0x000070000bd84000] [id=17411]
  0x00007f83c850dde0 WatcherThread [stack: 0x000070000c9ab000,0x000070000caab000] [id=24835]
  0x00007f83c86076d0 GCTaskThread "GC Thread#0" [stack: 0x000070000b775000,0x000070000b875000] [id=19203]
  0x00007f83c8562800 GCTaskThread "GC Thread#1" [stack: 0x000070000d661000,0x000070000d761000] [id=94467]
  0x00007f83c85630f0 GCTaskThread "GC Thread#2" [stack: 0x000070000d764000,0x000070000d864000] [id=121859]
  0x00007f83c8563df0 GCTaskThread "GC Thread#3" [stack: 0x000070000d867000,0x000070000d967000] [id=121347]
  0x00007f83bf4ddbe0 GCTaskThread "GC Thread#4" [stack: 0x000070000d96a000,0x000070000da6a000] [id=120835]
  0x00007f83bf4de870 GCTaskThread "GC Thread#5" [stack: 0x000070000da6d000,0x000070000db6d000] [id=120579]
  0x00007f83c8564aa0 GCTaskThread "GC Thread#6" [stack: 0x000070000db70000,0x000070000dc70000] [id=95235]
  0x00007f83c85657a0 GCTaskThread "GC Thread#7" [stack: 0x000070000dc73000,0x000070000dd73000] [id=95491]
  0x00007f83c85664a0 GCTaskThread "GC Thread#8" [stack: 0x000070000dd76000,0x000070000de76000] [id=95747]
  0x00007f833f405e00 GCTaskThread "GC Thread#9" [stack: 0x000070000de79000,0x000070000df79000] [id=96259]
  0x00007f83bf5017d0 ConcurrentGCThread "G1 Main Marker" [stack: 0x000070000b878000,0x000070000b978000] [id=13059]
  0x00007f83bf502460 ConcurrentGCThread "G1 Conc#0" [stack: 0x000070000b97b000,0x000070000ba7b000] [id=13827]
  0x00007f83bf6144d0 ConcurrentGCThread "G1 Refine#0" [stack: 0x000070000ba7e000,0x000070000bb7e000] [id=14595]
  0x00007f83c8500460 ConcurrentGCThread "G1 Service" [stack: 0x000070000bb81000,0x000070000bc81000] [id=15107]

Threads with active compile tasks:
C2 CompilerThread0   146862 2224       4       sun.java2d.SunGraphics2D::drawImage (11 bytes)

VM state: not at safepoint (normal execution)

VM Mutex/Monitor currently owned by a thread: None

Heap address: 0x0000000600000000, size: 8192 MB, Compressed Oops mode: Zero based, Oop shift amount: 3

CDS archive(s) mapped at: [0x0000000800000000-0x0000000800bd4000-0x0000000800bd4000), size 12402688, SharedBaseAddress: 0x0000000800000000, ArchiveRelocationMode: 0.
Compressed class space mapped at: 0x0000000800c00000-0x0000000840c00000, reserved size: 1073741824
Narrow klass base: 0x0000000800000000, Narrow klass shift: 0, Narrow klass range: 0x100000000

GC Precious Log:
 CPUs: 12 total, 12 available
 Memory: 32768M
 Large Page Support: Disabled
 NUMA Support: Disabled
 Compressed Oops: Enabled (Zero based)
 Heap Region Size: 4M
 Heap Min Capacity: 8M
 Heap Initial Capacity: 512M
 Heap Max Capacity: 8G
 Pre-touch: Disabled
 Parallel Workers: 10
 Concurrent Workers: 3
 Concurrent Refinement Workers: 10
 Periodic GC: Disabled

Heap:
 garbage-first heap   total 532480K, used 246957K [0x0000000600000000, 0x0000000800000000)
  region size 4096K, 59 young (241664K), 4 survivors (16384K)
 Metaspace       used 9442K, committed 9664K, reserved 1064960K
  class space    used 964K, committed 1088K, reserved 1048576K

Heap Regions: E=young(eden), S=young(survivor), O=old, HS=humongous(starts), HC=humongous(continues), CS=collection set, F=free, OA=open archive, CA=closed archive, TAMS=top-at-mark-start (previous, next)
|   0|0x0000000600000000, 0x0000000600400000, 0x0000000600400000|100%| O|  |TAMS 0x0000000600000000, 0x0000000600000000| Untracked 
|   1|0x0000000600400000, 0x0000000600800000, 0x0000000600800000|100%| O|  |TAMS 0x0000000600400000, 0x0000000600400000| Untracked 
|   2|0x0000000600800000, 0x0000000600c00000, 0x0000000600c00000|100%| O|  |TAMS 0x0000000600800000, 0x0000000600800000| Untracked 
|   3|0x0000000600c00000, 0x0000000600ca3400, 0x0000000601000000| 15%| O|  |TAMS 0x0000000600c00000, 0x0000000600c00000| Untracked 
|   4|0x0000000601000000, 0x0000000601000000, 0x0000000601400000|  0%| F|  |TAMS 0x0000000601000000, 0x0000000601000000| Untracked 
|   5|0x0000000601400000, 0x0000000601400000, 0x0000000601800000|  0%| F|  |TAMS 0x0000000601400000, 0x0000000601400000| Untracked 
|   6|0x0000000601800000, 0x0000000601800000, 0x0000000601c00000|  0%| F|  |TAMS 0x0000000601800000, 0x0000000601800000| Untracked 
|   7|0x0000000601c00000, 0x0000000601c00000, 0x0000000602000000|  0%| F|  |TAMS 0x0000000601c00000, 0x0000000601c00000| Untracked 
|   8|0x0000000602000000, 0x0000000602000000, 0x0000000602400000|  0%| F|  |TAMS 0x0000000602000000, 0x0000000602000000| Untracked 
|   9|0x0000000602400000, 0x0000000602400000, 0x0000000602800000|  0%| F|  |TAMS 0x0000000602400000, 0x0000000602400000| Untracked 
|  10|0x0000000602800000, 0x0000000602800000, 0x0000000602c00000|  0%| F|  |TAMS 0x0000000602800000, 0x0000000602800000| Untracked 
|  11|0x0000000602c00000, 0x0000000602c00000, 0x0000000603000000|  0%| F|  |TAMS 0x0000000602c00000, 0x0000000602c00000| Untracked 
|  12|0x0000000603000000, 0x0000000603000000, 0x0000000603400000|  0%| F|  |TAMS 0x0000000603000000, 0x0000000603000000| Untracked 
|  13|0x0000000603400000, 0x0000000603400000, 0x0000000603800000|  0%| F|  |TAMS 0x0000000603400000, 0x0000000603400000| Untracked 
|  14|0x0000000603800000, 0x0000000603800000, 0x0000000603c00000|  0%| F|  |TAMS 0x0000000603800000, 0x0000000603800000| Untracked 
|  15|0x0000000603c00000, 0x0000000603c00000, 0x0000000604000000|  0%| F|  |TAMS 0x0000000603c00000, 0x0000000603c00000| Untracked 
|  16|0x0000000604000000, 0x0000000604000000, 0x0000000604400000|  0%| F|  |TAMS 0x0000000604000000, 0x0000000604000000| Untracked 
|  17|0x0000000604400000, 0x0000000604400000, 0x0000000604800000|  0%| F|  |TAMS 0x0000000604400000, 0x0000000604400000| Untracked 
|  18|0x0000000604800000, 0x0000000604800000, 0x0000000604c00000|  0%| F|  |TAMS 0x0000000604800000, 0x0000000604800000| Untracked 
|  19|0x0000000604c00000, 0x0000000604c00000, 0x0000000605000000|  0%| F|  |TAMS 0x0000000604c00000, 0x0000000604c00000| Untracked 
|  20|0x0000000605000000, 0x0000000605000000, 0x0000000605400000|  0%| F|  |TAMS 0x0000000605000000, 0x0000000605000000| Untracked 
|  21|0x0000000605400000, 0x0000000605400000, 0x0000000605800000|  0%| F|  |TAMS 0x0000000605400000, 0x0000000605400000| Untracked 
|  22|0x0000000605800000, 0x0000000605800000, 0x0000000605c00000|  0%| F|  |TAMS 0x0000000605800000, 0x0000000605800000| Untracked 
|  23|0x0000000605c00000, 0x0000000605c00000, 0x0000000606000000|  0%| F|  |TAMS 0x0000000605c00000, 0x0000000605c00000| Untracked 
|  24|0x0000000606000000, 0x0000000606000000, 0x0000000606400000|  0%| F|  |TAMS 0x0000000606000000, 0x0000000606000000| Untracked 
|  25|0x0000000606400000, 0x0000000606400000, 0x0000000606800000|  0%| F|  |TAMS 0x0000000606400000, 0x0000000606400000| Untracked 
|  26|0x0000000606800000, 0x0000000606800000, 0x0000000606c00000|  0%| F|  |TAMS 0x0000000606800000, 0x0000000606800000| Untracked 
|  27|0x0000000606c00000, 0x0000000606c00000, 0x0000000607000000|  0%| F|  |TAMS 0x0000000606c00000, 0x0000000606c00000| Untracked 
|  28|0x0000000607000000, 0x0000000607000000, 0x0000000607400000|  0%| F|  |TAMS 0x0000000607000000, 0x0000000607000000| Untracked 
|  29|0x0000000607400000, 0x0000000607400000, 0x0000000607800000|  0%| F|  |TAMS 0x0000000607400000, 0x0000000607400000| Untracked 
|  30|0x0000000607800000, 0x0000000607800000, 0x0000000607c00000|  0%| F|  |TAMS 0x0000000607800000, 0x0000000607800000| Untracked 
|  31|0x0000000607c00000, 0x0000000607c00000, 0x0000000608000000|  0%| F|  |TAMS 0x0000000607c00000, 0x0000000607c00000| Untracked 
|  32|0x0000000608000000, 0x0000000608000000, 0x0000000608400000|  0%| F|  |TAMS 0x0000000608000000, 0x0000000608000000| Untracked 
|  33|0x0000000608400000, 0x0000000608400000, 0x0000000608800000|  0%| F|  |TAMS 0x0000000608400000, 0x0000000608400000| Untracked 
|  34|0x0000000608800000, 0x0000000608800000, 0x0000000608c00000|  0%| F|  |TAMS 0x0000000608800000, 0x0000000608800000| Untracked 
|  35|0x0000000608c00000, 0x0000000608c00000, 0x0000000609000000|  0%| F|  |TAMS 0x0000000608c00000, 0x0000000608c00000| Untracked 
|  36|0x0000000609000000, 0x0000000609000000, 0x0000000609400000|  0%| F|  |TAMS 0x0000000609000000, 0x0000000609000000| Untracked 
|  37|0x0000000609400000, 0x0000000609400000, 0x0000000609800000|  0%| F|  |TAMS 0x0000000609400000, 0x0000000609400000| Untracked 
|  38|0x0000000609800000, 0x0000000609800000, 0x0000000609c00000|  0%| F|  |TAMS 0x0000000609800000, 0x0000000609800000| Untracked 
|  39|0x0000000609c00000, 0x0000000609c00000, 0x000000060a000000|  0%| F|  |TAMS 0x0000000609c00000, 0x0000000609c00000| Untracked 
|  40|0x000000060a000000, 0x000000060a000000, 0x000000060a400000|  0%| F|  |TAMS 0x000000060a000000, 0x000000060a000000| Untracked 
|  41|0x000000060a400000, 0x000000060a400000, 0x000000060a800000|  0%| F|  |TAMS 0x000000060a400000, 0x000000060a400000| Untracked 
|  42|0x000000060a800000, 0x000000060a800000, 0x000000060ac00000|  0%| F|  |TAMS 0x000000060a800000, 0x000000060a800000| Untracked 
|  43|0x000000060ac00000, 0x000000060ac00000, 0x000000060b000000|  0%| F|  |TAMS 0x000000060ac00000, 0x000000060ac00000| Untracked 
|  44|0x000000060b000000, 0x000000060b000000, 0x000000060b400000|  0%| F|  |TAMS 0x000000060b000000, 0x000000060b000000| Untracked 
|  45|0x000000060b400000, 0x000000060b400000, 0x000000060b800000|  0%| F|  |TAMS 0x000000060b400000, 0x000000060b400000| Untracked 
|  46|0x000000060b800000, 0x000000060b800000, 0x000000060bc00000|  0%| F|  |TAMS 0x000000060b800000, 0x000000060b800000| Untracked 
|  47|0x000000060bc00000, 0x000000060bc00000, 0x000000060c000000|  0%| F|  |TAMS 0x000000060bc00000, 0x000000060bc00000| Untracked 
|  48|0x000000060c000000, 0x000000060c000000, 0x000000060c400000|  0%| F|  |TAMS 0x000000060c000000, 0x000000060c000000| Untracked 
|  49|0x000000060c400000, 0x000000060c400000, 0x000000060c800000|  0%| F|  |TAMS 0x000000060c400000, 0x000000060c400000| Untracked 
|  50|0x000000060c800000, 0x000000060c800000, 0x000000060cc00000|  0%| F|  |TAMS 0x000000060c800000, 0x000000060c800000| Untracked 
|  51|0x000000060cc00000, 0x000000060cc93050, 0x000000060d000000| 14%| S|CS|TAMS 0x000000060cc00000, 0x000000060cc00000| Complete 
|  52|0x000000060d000000, 0x000000060d000000, 0x000000060d400000|  0%| F|  |TAMS 0x000000060d000000, 0x000000060d000000| Untracked 
|  53|0x000000060d400000, 0x000000060d800000, 0x000000060d800000|100%| S|CS|TAMS 0x000000060d400000, 0x000000060d400000| Complete 
|  54|0x000000060d800000, 0x000000060dc00000, 0x000000060dc00000|100%| S|CS|TAMS 0x000000060d800000, 0x000000060d800000| Complete 
|  55|0x000000060dc00000, 0x000000060e000000, 0x000000060e000000|100%| S|CS|TAMS 0x000000060dc00000, 0x000000060dc00000| Complete 
|  56|0x000000060e000000, 0x000000060e000000, 0x000000060e400000|  0%| F|  |TAMS 0x000000060e000000, 0x000000060e000000| Untracked 
|  57|0x000000060e400000, 0x000000060e400000, 0x000000060e800000|  0%| F|  |TAMS 0x000000060e400000, 0x000000060e400000| Untracked 
|  58|0x000000060e800000, 0x000000060e800000, 0x000000060ec00000|  0%| F|  |TAMS 0x000000060e800000, 0x000000060e800000| Untracked 
|  59|0x000000060ec00000, 0x000000060ec00000, 0x000000060f000000|  0%| F|  |TAMS 0x000000060ec00000, 0x000000060ec00000| Untracked 
|  60|0x000000060f000000, 0x000000060f000000, 0x000000060f400000|  0%| F|  |TAMS 0x000000060f000000, 0x000000060f000000| Untracked 
|  61|0x000000060f400000, 0x000000060f400000, 0x000000060f800000|  0%| F|  |TAMS 0x000000060f400000, 0x000000060f400000| Untracked 
|  62|0x000000060f800000, 0x000000060f800000, 0x000000060fc00000|  0%| F|  |TAMS 0x000000060f800000, 0x000000060f800000| Untracked 
|  63|0x000000060fc00000, 0x000000060fc00000, 0x0000000610000000|  0%| F|  |TAMS 0x000000060fc00000, 0x000000060fc00000| Untracked 
|  64|0x0000000610000000, 0x0000000610000000, 0x0000000610400000|  0%| F|  |TAMS 0x0000000610000000, 0x0000000610000000| Untracked 
|  65|0x0000000610400000, 0x0000000610400000, 0x0000000610800000|  0%| F|  |TAMS 0x0000000610400000, 0x0000000610400000| Untracked 
|  66|0x0000000610800000, 0x0000000610800000, 0x0000000610c00000|  0%| F|  |TAMS 0x0000000610800000, 0x0000000610800000| Untracked 
|  67|0x0000000610c00000, 0x0000000610c00000, 0x0000000611000000|  0%| F|  |TAMS 0x0000000610c00000, 0x0000000610c00000| Untracked 
|  68|0x0000000611000000, 0x0000000611000000, 0x0000000611400000|  0%| F|  |TAMS 0x0000000611000000, 0x0000000611000000| Untracked 
|  69|0x0000000611400000, 0x0000000611400000, 0x0000000611800000|  0%| F|  |TAMS 0x0000000611400000, 0x0000000611400000| Untracked 
|  70|0x0000000611800000, 0x0000000611800000, 0x0000000611c00000|  0%| F|  |TAMS 0x0000000611800000, 0x0000000611800000| Untracked 
|  71|0x0000000611c00000, 0x0000000611c00000, 0x0000000612000000|  0%| F|  |TAMS 0x0000000611c00000, 0x0000000611c00000| Untracked 
|  72|0x0000000612000000, 0x0000000612000000, 0x0000000612400000|  0%| F|  |TAMS 0x0000000612000000, 0x0000000612000000| Untracked 
|  73|0x0000000612400000, 0x00000006127a9820, 0x0000000612800000| 91%| E|  |TAMS 0x0000000612400000, 0x0000000612400000| Complete 
|  74|0x0000000612800000, 0x0000000612c00000, 0x0000000612c00000|100%| E|  |TAMS 0x0000000612800000, 0x0000000612800000| Complete 
|  75|0x0000000612c00000, 0x0000000613000000, 0x0000000613000000|100%| E|CS|TAMS 0x0000000612c00000, 0x0000000612c00000| Complete 
|  76|0x0000000613000000, 0x0000000613400000, 0x0000000613400000|100%| E|CS|TAMS 0x0000000613000000, 0x0000000613000000| Complete 
|  77|0x0000000613400000, 0x0000000613800000, 0x0000000613800000|100%| E|CS|TAMS 0x0000000613400000, 0x0000000613400000| Complete 
|  78|0x0000000613800000, 0x0000000613c00000, 0x0000000613c00000|100%| E|CS|TAMS 0x0000000613800000, 0x0000000613800000| Complete 
|  79|0x0000000613c00000, 0x0000000614000000, 0x0000000614000000|100%| E|CS|TAMS 0x0000000613c00000, 0x0000000613c00000| Complete 
|  80|0x0000000614000000, 0x0000000614400000, 0x0000000614400000|100%| E|CS|TAMS 0x0000000614000000, 0x0000000614000000| Complete 
|  81|0x0000000614400000, 0x0000000614800000, 0x0000000614800000|100%| E|CS|TAMS 0x0000000614400000, 0x0000000614400000| Complete 
|  82|0x0000000614800000, 0x0000000614c00000, 0x0000000614c00000|100%| E|CS|TAMS 0x0000000614800000, 0x0000000614800000| Complete 
|  83|0x0000000614c00000, 0x0000000615000000, 0x0000000615000000|100%| E|CS|TAMS 0x0000000614c00000, 0x0000000614c00000| Complete 
|  84|0x0000000615000000, 0x0000000615400000, 0x0000000615400000|100%| E|CS|TAMS 0x0000000615000000, 0x0000000615000000| Complete 
|  85|0x0000000615400000, 0x0000000615800000, 0x0000000615800000|100%| E|CS|TAMS 0x0000000615400000, 0x0000000615400000| Complete 
|  86|0x0000000615800000, 0x0000000615c00000, 0x0000000615c00000|100%| E|CS|TAMS 0x0000000615800000, 0x0000000615800000| Complete 
|  87|0x0000000615c00000, 0x0000000616000000, 0x0000000616000000|100%| E|CS|TAMS 0x0000000615c00000, 0x0000000615c00000| Complete 
|  88|0x0000000616000000, 0x0000000616400000, 0x0000000616400000|100%| E|CS|TAMS 0x0000000616000000, 0x0000000616000000| Complete 
|  89|0x0000000616400000, 0x0000000616800000, 0x0000000616800000|100%| E|CS|TAMS 0x0000000616400000, 0x0000000616400000| Complete 
|  90|0x0000000616800000, 0x0000000616c00000, 0x0000000616c00000|100%| E|CS|TAMS 0x0000000616800000, 0x0000000616800000| Complete 
|  91|0x0000000616c00000, 0x0000000617000000, 0x0000000617000000|100%| E|CS|TAMS 0x0000000616c00000, 0x0000000616c00000| Complete 
|  92|0x0000000617000000, 0x0000000617400000, 0x0000000617400000|100%| E|CS|TAMS 0x0000000617000000, 0x0000000617000000| Complete 
|  93|0x0000000617400000, 0x0000000617800000, 0x0000000617800000|100%| E|CS|TAMS 0x0000000617400000, 0x0000000617400000| Complete 
|  94|0x0000000617800000, 0x0000000617c00000, 0x0000000617c00000|100%| E|CS|TAMS 0x0000000617800000, 0x0000000617800000| Complete 
|  95|0x0000000617c00000, 0x0000000618000000, 0x0000000618000000|100%| E|CS|TAMS 0x0000000617c00000, 0x0000000617c00000| Complete 
|  96|0x0000000618000000, 0x0000000618400000, 0x0000000618400000|100%| E|CS|TAMS 0x0000000618000000, 0x0000000618000000| Complete 
|  97|0x0000000618400000, 0x0000000618800000, 0x0000000618800000|100%| E|CS|TAMS 0x0000000618400000, 0x0000000618400000| Complete 
|  98|0x0000000618800000, 0x0000000618c00000, 0x0000000618c00000|100%| E|CS|TAMS 0x0000000618800000, 0x0000000618800000| Complete 
|  99|0x0000000618c00000, 0x0000000619000000, 0x0000000619000000|100%| E|CS|TAMS 0x0000000618c00000, 0x0000000618c00000| Complete 
| 100|0x0000000619000000, 0x0000000619400000, 0x0000000619400000|100%| E|CS|TAMS 0x0000000619000000, 0x0000000619000000| Complete 
| 101|0x0000000619400000, 0x0000000619800000, 0x0000000619800000|100%| E|CS|TAMS 0x0000000619400000, 0x0000000619400000| Complete 
| 102|0x0000000619800000, 0x0000000619c00000, 0x0000000619c00000|100%| E|CS|TAMS 0x0000000619800000, 0x0000000619800000| Complete 
| 103|0x0000000619c00000, 0x000000061a000000, 0x000000061a000000|100%| E|CS|TAMS 0x0000000619c00000, 0x0000000619c00000| Complete 
| 104|0x000000061a000000, 0x000000061a400000, 0x000000061a400000|100%| E|CS|TAMS 0x000000061a000000, 0x000000061a000000| Complete 
| 105|0x000000061a400000, 0x000000061a800000, 0x000000061a800000|100%| E|CS|TAMS 0x000000061a400000, 0x000000061a400000| Complete 
| 106|0x000000061a800000, 0x000000061ac00000, 0x000000061ac00000|100%| E|CS|TAMS 0x000000061a800000, 0x000000061a800000| Complete 
| 107|0x000000061ac00000, 0x000000061b000000, 0x000000061b000000|100%| E|CS|TAMS 0x000000061ac00000, 0x000000061ac00000| Complete 
| 108|0x000000061b000000, 0x000000061b400000, 0x000000061b400000|100%| E|CS|TAMS 0x000000061b000000, 0x000000061b000000| Complete 
| 109|0x000000061b400000, 0x000000061b800000, 0x000000061b800000|100%| E|CS|TAMS 0x000000061b400000, 0x000000061b400000| Complete 
| 110|0x000000061b800000, 0x000000061bc00000, 0x000000061bc00000|100%| E|CS|TAMS 0x000000061b800000, 0x000000061b800000| Complete 
| 111|0x000000061bc00000, 0x000000061c000000, 0x000000061c000000|100%| E|CS|TAMS 0x000000061bc00000, 0x000000061bc00000| Complete 
| 112|0x000000061c000000, 0x000000061c400000, 0x000000061c400000|100%| E|CS|TAMS 0x000000061c000000, 0x000000061c000000| Complete 
| 113|0x000000061c400000, 0x000000061c800000, 0x000000061c800000|100%| E|CS|TAMS 0x000000061c400000, 0x000000061c400000| Complete 
| 114|0x000000061c800000, 0x000000061cc00000, 0x000000061cc00000|100%| E|CS|TAMS 0x000000061c800000, 0x000000061c800000| Complete 
| 115|0x000000061cc00000, 0x000000061d000000, 0x000000061d000000|100%| E|CS|TAMS 0x000000061cc00000, 0x000000061cc00000| Complete 
| 116|0x000000061d000000, 0x000000061d400000, 0x000000061d400000|100%| E|CS|TAMS 0x000000061d000000, 0x000000061d000000| Complete 
| 117|0x000000061d400000, 0x000000061d800000, 0x000000061d800000|100%| E|CS|TAMS 0x000000061d400000, 0x000000061d400000| Complete 
| 118|0x000000061d800000, 0x000000061dc00000, 0x000000061dc00000|100%| E|CS|TAMS 0x000000061d800000, 0x000000061d800000| Complete 
| 119|0x000000061dc00000, 0x000000061e000000, 0x000000061e000000|100%| E|CS|TAMS 0x000000061dc00000, 0x000000061dc00000| Complete 
| 120|0x000000061e000000, 0x000000061e400000, 0x000000061e400000|100%| E|CS|TAMS 0x000000061e000000, 0x000000061e000000| Complete 
| 121|0x000000061e400000, 0x000000061e800000, 0x000000061e800000|100%| E|CS|TAMS 0x000000061e400000, 0x000000061e400000| Complete 
| 122|0x000000061e800000, 0x000000061ec00000, 0x000000061ec00000|100%| E|CS|TAMS 0x000000061e800000, 0x000000061e800000| Complete 
| 123|0x000000061ec00000, 0x000000061f000000, 0x000000061f000000|100%| E|CS|TAMS 0x000000061ec00000, 0x000000061ec00000| Complete 
| 124|0x000000061f000000, 0x000000061f400000, 0x000000061f400000|100%| E|CS|TAMS 0x000000061f000000, 0x000000061f000000| Complete 
| 125|0x000000061f400000, 0x000000061f800000, 0x000000061f800000|100%| E|CS|TAMS 0x000000061f400000, 0x000000061f400000| Complete 
| 126|0x000000061f800000, 0x000000061fc00000, 0x000000061fc00000|100%| E|CS|TAMS 0x000000061f800000, 0x000000061f800000| Complete 
| 127|0x000000061fc00000, 0x0000000620000000, 0x0000000620000000|100%| E|CS|TAMS 0x000000061fc00000, 0x000000061fc00000| Complete 
|2046|0x00000007ff800000, 0x00000007ffb76000, 0x00000007ffc00000| 86%|OA|  |TAMS 0x00000007ff800000, 0x00000007ff800000| Untracked 
|2047|0x00000007ffc00000, 0x00000007ffc7f000, 0x0000000800000000| 12%|CA|  |TAMS 0x00000007ffc00000, 0x00000007ffc00000| Untracked 

Card table byte_map: [0x0000000111165000,0x0000000112165000] _byte_map_base: 0x000000010e165000

Marking Bits (Prev, Next): (CMBitMap*) 0x00007f83af800010, (CMBitMap*) 0x00007f83af800050
 Prev Bits: [0x0000000123cef000, 0x000000012bcef000)
 Next Bits: [0x000000012bcef000, 0x0000000133cef000)

Polling page: 0x0000000105b25000

Metaspace:

Usage:
  Non-class:      8.28 MB used.
      Class:    964.52 KB used.
       Both:      9.22 MB used.

Virtual space:
  Non-class space:       16.00 MB reserved,       8.38 MB ( 52%) committed,  2 nodes.
      Class space:        1.00 GB reserved,       1.06 MB ( <1%) committed,  1 nodes.
             Both:        1.02 GB reserved,       9.44 MB ( <1%) committed. 

Chunk freelists:
   Non-Class:  2.96 MB
       Class:  2.99 MB
        Both:  5.95 MB

MaxMetaspaceSize: unlimited
CompressedClassSpaceSize: 1.00 GB
Initial GC threshold: 21.00 MB
Current GC threshold: 21.00 MB
CDS: on
MetaspaceReclaimPolicy: balanced
 - commit_granule_bytes: 65536.
 - commit_granule_words: 8192.
 - virtual_space_node_default_size: 1048576.
 - enlarge_chunks_in_place: 1.
 - new_chunks_are_fully_committed: 0.
 - uncommit_free_chunks: 1.
 - use_allocation_guard: 0.
 - handle_deallocations: 1.


Internal statistics:

num_allocs_failed_limit: 0.
num_arena_births: 168.
num_arena_deaths: 0.
num_vsnodes_births: 3.
num_vsnodes_deaths: 0.
num_space_committed: 151.
num_space_uncommitted: 0.
num_chunks_returned_to_freelist: 0.
num_chunks_taken_from_freelist: 251.
num_chunk_merges: 0.
num_chunk_splits: 158.
num_chunks_enlarged: 96.
num_purges: 0.
num_inconsistent_stats: 0.

CodeHeap 'non-profiled nmethods': size=120028Kb used=1347Kb max_used=1347Kb free=118680Kb
 bounds [0x000000011c7b8000, 0x000000011ca28000, 0x0000000123cef000]
CodeHeap 'profiled nmethods': size=120028Kb used=4148Kb max_used=4148Kb free=115879Kb
 bounds [0x0000000115281000, 0x0000000115691000, 0x000000011c7b8000]
CodeHeap 'non-nmethods': size=5704Kb used=1358Kb max_used=1442Kb free=4345Kb
 bounds [0x0000000114cef000, 0x0000000114f5f000, 0x0000000115281000]
 total_blobs=2863 nmethods=2222 adapters=555
 compilation: enabled
              stopped_count=0, restarted_count=0
 full_count=0

Compilation events (20 events):
Event: 146.239 Thread 0x00007f83c9806600 nmethod 2214 0x000000011c907190 code [0x000000011c907360, 0x000000011c907558]
Event: 146.256 Thread 0x00007f83c9806600 2215  s    4       sun.java2d.Disposer::add (61 bytes)
Event: 146.257 Thread 0x00007f83c9806600 nmethod 2215 0x000000011c907690 code [0x000000011c907840, 0x000000011c907d68]
Event: 146.272 Thread 0x00007f83c9806600 2216       4       java.util.HashMap::getNode (150 bytes)
Event: 146.275 Thread 0x00007f83c9806600 nmethod 2216 0x000000011c907f90 code [0x000000011c908140, 0x000000011c908568]
Event: 146.369 Thread 0x00007f83c9806600 2217       4       mayflower.Actor::isTouching (17 bytes)
Event: 146.370 Thread 0x00007f83c9806600 nmethod 2217 0x000000011c908810 code [0x000000011c9089a0, 0x000000011c908a88]
Event: 146.418 Thread 0x00007f83af855200 2218       3       IceBlock::act (39 bytes)
Event: 146.419 Thread 0x00007f83af855200 nmethod 2218 0x0000000115689310 code [0x0000000115689560, 0x000000011568a0a0]
Event: 146.484 Thread 0x00007f83af855200 2219       3       java.awt.geom.Area::pathToCurves (292 bytes)
Event: 146.485 Thread 0x00007f83af855200 nmethod 2219 0x000000011568a390 code [0x000000011568a640, 0x000000011568b590]
Event: 146.485 Thread 0x00007f83af855200 2220       3       sun.awt.geom.Curve::insertMove (15 bytes)
Event: 146.486 Thread 0x00007f83af855200 nmethod 2220 0x000000011568bb90 code [0x000000011568bda0, 0x000000011568c5c0]
Event: 146.486 Thread 0x00007f83af855200 2221       3       sun.awt.geom.AreaOp$NZWindOp::<init> (5 bytes)
Event: 146.486 Thread 0x00007f83af855200 nmethod 2221 0x000000011568ca10 code [0x000000011568cbc0, 0x000000011568cd70]
Event: 146.500 Thread 0x00007f83c9806600 2222       4       sun.java2d.StateTrackableDelegate::createInstance (80 bytes)
Event: 146.501 Thread 0x00007f83c9806600 nmethod 2222 0x000000011c908b90 code [0x000000011c908d20, 0x000000011c908e38]
Event: 146.517 Thread 0x00007f83af855200 2223       3       Star::act (37 bytes)
Event: 146.517 Thread 0x00007f83c9806600 2224       4       sun.java2d.SunGraphics2D::drawImage (11 bytes)
Event: 146.517 Thread 0x00007f83af855200 nmethod 2223 0x000000011568ce90 code [0x000000011568d0e0, 0x000000011568de80]

GC Heap History (20 events):
Event: 136.057 GC heap before
{Heap before GC invocations=14 (full 0):
 garbage-first heap   total 532480K, used 315651K [0x0000000600000000, 0x0000000800000000)
  region size 4096K, 76 young (311296K), 3 survivors (12288K)
 Metaspace       used 9304K, committed 9472K, reserved 1064960K
  class space    used 951K, committed 1024K, reserved 1048576K
}
Event: 136.058 GC heap after
{Heap after GC invocations=15 (full 0):
 garbage-first heap   total 532480K, used 20675K [0x0000000600000000, 0x0000000800000000)
  region size 4096K, 3 young (12288K), 3 survivors (12288K)
 Metaspace       used 9304K, committed 9472K, reserved 1064960K
  class space    used 951K, committed 1024K, reserved 1048576K
}
Event: 137.237 GC heap before
{Heap before GC invocations=15 (full 0):
 garbage-first heap   total 532480K, used 315587K [0x0000000600000000, 0x0000000800000000)
  region size 4096K, 76 young (311296K), 3 survivors (12288K)
 Metaspace       used 9304K, committed 9472K, reserved 1064960K
  class space    used 951K, committed 1024K, reserved 1048576K
}
Event: 137.239 GC heap after
{Heap after GC invocations=16 (full 0):
 garbage-first heap   total 532480K, used 20814K [0x0000000600000000, 0x0000000800000000)
  region size 4096K, 3 young (12288K), 3 survivors (12288K)
 Metaspace       used 9304K, committed 9472K, reserved 1064960K
  class space    used 951K, committed 1024K, reserved 1048576K
}
Event: 138.418 GC heap before
{Heap before GC invocations=16 (full 0):
 garbage-first heap   total 532480K, used 315726K [0x0000000600000000, 0x0000000800000000)
  region size 4096K, 76 young (311296K), 3 survivors (12288K)
 Metaspace       used 9304K, committed 9472K, reserved 1064960K
  class space    used 951K, committed 1024K, reserved 1048576K
}
Event: 138.419 GC heap after
{Heap after GC invocations=17 (full 0):
 garbage-first heap   total 532480K, used 20754K [0x0000000600000000, 0x0000000800000000)
  region size 4096K, 3 young (12288K), 3 survivors (12288K)
 Metaspace       used 9304K, committed 9472K, reserved 1064960K
  class space    used 951K, committed 1024K, reserved 1048576K
}
Event: 139.598 GC heap before
{Heap before GC invocations=17 (full 0):
 garbage-first heap   total 532480K, used 315666K [0x0000000600000000, 0x0000000800000000)
  region size 4096K, 76 young (311296K), 3 survivors (12288K)
 Metaspace       used 9304K, committed 9472K, reserved 1064960K
  class space    used 951K, committed 1024K, reserved 1048576K
}
Event: 139.600 GC heap after
{Heap after GC invocations=18 (full 0):
 garbage-first heap   total 532480K, used 20701K [0x0000000600000000, 0x0000000800000000)
  region size 4096K, 3 young (12288K), 3 survivors (12288K)
 Metaspace       used 9304K, committed 9472K, reserved 1064960K
  class space    used 951K, committed 1024K, reserved 1048576K
}
Event: 140.779 GC heap before
{Heap before GC invocations=18 (full 0):
 garbage-first heap   total 532480K, used 315613K [0x0000000600000000, 0x0000000800000000)
  region size 4096K, 76 young (311296K), 3 survivors (12288K)
 Metaspace       used 9304K, committed 9472K, reserved 1064960K
  class space    used 951K, committed 1024K, reserved 1048576K
}
Event: 140.782 GC heap after
{Heap after GC invocations=19 (full 0):
 garbage-first heap   total 532480K, used 20794K [0x0000000600000000, 0x0000000800000000)
  region size 4096K, 1 young (4096K), 1 survivors (4096K)
 Metaspace       used 9304K, committed 9472K, reserved 1064960K
  class space    used 951K, committed 1024K, reserved 1048576K
}
Event: 141.992 GC heap before
{Heap before GC invocations=19 (full 0):
 garbage-first heap   total 532480K, used 323898K [0x0000000600000000, 0x0000000800000000)
  region size 4096K, 76 young (311296K), 1 survivors (4096K)
 Metaspace       used 9304K, committed 9472K, reserved 1064960K
  class space    used 951K, committed 1024K, reserved 1048576K
}
Event: 141.993 GC heap after
{Heap after GC invocations=20 (full 0):
 garbage-first heap   total 532480K, used 24787K [0x0000000600000000, 0x0000000800000000)
  region size 4096K, 2 young (8192K), 2 survivors (8192K)
 Metaspace       used 9304K, committed 9472K, reserved 1064960K
  class space    used 951K, committed 1024K, reserved 1048576K
}
Event: 143.189 GC heap before
{Heap before GC invocations=20 (full 0):
 garbage-first heap   total 532480K, used 323795K [0x0000000600000000, 0x0000000800000000)
  region size 4096K, 76 young (311296K), 2 survivors (8192K)
 Metaspace       used 9332K, committed 9472K, reserved 1064960K
  class space    used 954K, committed 1024K, reserved 1048576K
}
Event: 143.190 GC heap after
{Heap after GC invocations=21 (full 0):
 garbage-first heap   total 532480K, used 20771K [0x0000000600000000, 0x0000000800000000)
  region size 4096K, 1 young (4096K), 1 survivors (4096K)
 Metaspace       used 9332K, committed 9472K, reserved 1064960K
  class space    used 954K, committed 1024K, reserved 1048576K
}
Event: 144.402 GC heap before
{Heap before GC invocations=21 (full 0):
 garbage-first heap   total 532480K, used 323875K [0x0000000600000000, 0x0000000800000000)
  region size 4096K, 76 young (311296K), 1 survivors (4096K)
 Metaspace       used 9334K, committed 9472K, reserved 1064960K
  class space    used 954K, committed 1024K, reserved 1048576K
}
Event: 144.403 GC heap after
{Heap after GC invocations=22 (full 0):
 garbage-first heap   total 532480K, used 20791K [0x0000000600000000, 0x0000000800000000)
  region size 4096K, 1 young (4096K), 1 survivors (4096K)
 Metaspace       used 9334K, committed 9472K, reserved 1064960K
  class space    used 954K, committed 1024K, reserved 1048576K
}
Event: 145.517 GC heap before
{Heap before GC invocations=22 (full 0):
 garbage-first heap   total 532480K, used 323895K [0x0000000600000000, 0x0000000800000000)
  region size 4096K, 76 young (311296K), 1 survivors (4096K)
 Metaspace       used 9394K, committed 9664K, reserved 1064960K
  class space    used 964K, committed 1088K, reserved 1048576K
}
Event: 145.519 GC heap after
{Heap after GC invocations=23 (full 0):
 garbage-first heap   total 532480K, used 31425K [0x0000000600000000, 0x0000000800000000)
  region size 4096K, 4 young (16384K), 4 survivors (16384K)
 Metaspace       used 9394K, committed 9664K, reserved 1064960K
  class space    used 964K, committed 1088K, reserved 1048576K
}
Event: 145.976 GC heap before
{Heap before GC invocations=23 (full 0):
 garbage-first heap   total 532480K, used 322241K [0x0000000600000000, 0x0000000800000000)
  region size 4096K, 76 young (311296K), 4 survivors (16384K)
 Metaspace       used 9437K, committed 9664K, reserved 1064960K
  class space    used 964K, committed 1088K, reserved 1048576K
}
Event: 145.978 GC heap after
{Heap after GC invocations=24 (full 0):
 garbage-first heap   total 532480K, used 29869K [0x0000000600000000, 0x0000000800000000)
  region size 4096K, 4 young (16384K), 4 survivors (16384K)
 Metaspace       used 9437K, committed 9664K, reserved 1064960K
  class space    used 964K, committed 1088K, reserved 1048576K
}

Deoptimization events (20 events):
Event: 145.859 Thread 0x00007f83ca13a200 DEOPT PACKING pc=0x000000011c8c7c08 sp=0x000070000d65c540
Event: 145.859 Thread 0x00007f83ca13a200 DEOPT UNPACKING pc=0x0000000114d41099 sp=0x000070000d65c540 mode 2
Event: 145.859 Thread 0x00007f83ca13a200 Uncommon trap: trap_request=0xffffff45 fr.pc=0x000000011c84d4dc relative=0x000000000000031c
Event: 145.859 Thread 0x00007f83ca13a200 Uncommon trap: reason=unstable_if action=reinterpret pc=0x000000011c84d4dc method=sun.java2d.SunGraphics2D.setColor(Ljava/awt/Color;)V @ 35 c2
Event: 145.859 Thread 0x00007f83ca13a200 DEOPT PACKING pc=0x000000011c84d4dc sp=0x000070000d65c720
Event: 145.859 Thread 0x00007f83ca13a200 DEOPT UNPACKING pc=0x0000000114d41099 sp=0x000070000d65c6d8 mode 2
Event: 145.860 Thread 0x00007f83ca13a200 Uncommon trap: trap_request=0xffffffde fr.pc=0x000000011c8c7c08 relative=0x0000000000000dc8
Event: 145.860 Thread 0x00007f83ca13a200 Uncommon trap: reason=class_check action=maybe_recompile pc=0x000000011c8c7c08 method=sun.java2d.SunGraphics2D.validateCompClip()V @ 32 c2
Event: 145.860 Thread 0x00007f83ca13a200 DEOPT PACKING pc=0x000000011c8c7c08 sp=0x000070000d65c180
Event: 145.860 Thread 0x00007f83ca13a200 DEOPT UNPACKING pc=0x0000000114d41099 sp=0x000070000d65c180 mode 2
Event: 145.860 Thread 0x00007f83ca13a200 Uncommon trap: trap_request=0xffffffde fr.pc=0x000000011c8c7c08 relative=0x0000000000000dc8
Event: 145.860 Thread 0x00007f83ca13a200 Uncommon trap: reason=class_check action=maybe_recompile pc=0x000000011c8c7c08 method=sun.java2d.SunGraphics2D.validateCompClip()V @ 32 c2
Event: 145.860 Thread 0x00007f83ca13a200 DEOPT PACKING pc=0x000000011c8c7c08 sp=0x000070000d65be60
Event: 145.860 Thread 0x00007f83ca13a200 DEOPT UNPACKING pc=0x0000000114d41099 sp=0x000070000d65be60 mode 2
Event: 145.861 Thread 0x00007f83c9999800 Uncommon trap: trap_request=0xffffff45 fr.pc=0x000000011c839c84 relative=0x0000000000000264
Event: 145.861 Thread 0x00007f83c9999800 Uncommon trap: reason=unstable_if action=reinterpret pc=0x000000011c839c84 method=java.awt.geom.Rectangle2D.intersects(DDDD)Z @ 52 c2
Event: 145.861 Thread 0x00007f83c9999800 DEOPT PACKING pc=0x000000011c839c84 sp=0x000070000e07b5e0
Event: 145.861 Thread 0x00007f83c9999800 DEOPT UNPACKING pc=0x0000000114d41099 sp=0x000070000e07b5b0 mode 2
Event: 145.861 Thread 0x00007f83af97a200 DEOPT PACKING pc=0x00000001154541d0 sp=0x000070000cfb9a20
Event: 145.861 Thread 0x00007f83af97a200 DEOPT UNPACKING pc=0x0000000114d4182f sp=0x000070000cfb8ee0 mode 0

Classes unloaded (0 events):
No events

Classes redefined (0 events):
No events

Internal exceptions (20 events):
Event: 0.499 Thread 0x00007f83c880b600 Exception <a 'java/lang/ClassNotFoundException'{0x000000061fee4668}: sun/awt/resources/spi/awtosxProvider> (0x000000061fee4668) 
thrown [src/hotspot/share/classfile/systemDictionary.cpp, line 256]
Event: 119.896 Thread 0x00007f839f973200 Exception <a 'java/lang/NoSuchMethodError'{0x000000061f381b50}: 'void java.lang.invoke.DirectMethodHandle$Holder.invokeStatic(java.lang.Object, java.lang.Object)'> (0x000000061f381b50) 
thrown [src/hotspot/share/interpreter/linkResolver.cpp, line 759]
Event: 121.171 Thread 0x00007f839f973200 Exception <a 'java/lang/NoSuchMethodError'{0x000000061ece3258}: 'void java.lang.invoke.DirectMethodHandle$Holder.invokeSpecial(java.lang.Object, java.lang.Object, java.lang.Object)'> (0x000000061ece3258) 
thrown [src/hotspot/share/interpreter/linkResolver.cpp, line 759]
Event: 121.181 Thread 0x00007f839f973200 Exception <a 'java/lang/NoSuchMethodError'{0x000000061ecf68d8}: 'void java.lang.invoke.DirectMethodHandle$Holder.invokeStaticInit(java.lang.Object)'> (0x000000061ecf68d8) 
thrown [src/hotspot/share/interpreter/linkResolver.cpp, line 759]
Event: 121.190 Thread 0x00007f839f973200 Exception <a 'java/lang/NoSuchMethodError'{0x000000061ed196e0}: 'java.lang.Object java.lang.invoke.DirectMethodHandle$Holder.newInvokeSpecial(java.lang.Object, java.lang.Object, java.lang.Object, java.lang.Object, java.lang.Object)'> (0x000000061ed196e0) 
thrown [src/hotspot/share/interpreter/linkResolver.cpp, line 759]
Event: 121.191 Thread 0x00007f839f973200 Exception <a 'java/lang/NoSuchMethodError'{0x000000061eda0138}: 'java.lang.Object java.lang.invoke.DirectMethodHandle$Holder.invokeStatic(java.lang.Object, int, java.lang.Object, java.lang.Object, java.lang.Object, java.lang.Object)'> (0x000000061eda0138) 
thrown [src/hotspot/share/interpreter/linkResolver.cpp, line 759]
Event: 121.196 Thread 0x00007f839f973200 Exception <a 'java/lang/NoSuchMethodError'{0x000000061edc5828}: 'java.lang.Object java.lang.invoke.DirectMethodHandle$Holder.invokeStatic(java.lang.Object, int, java.lang.Object)'> (0x000000061edc5828) 
thrown [src/hotspot/share/interpreter/linkResolver.cpp, line 759]
Event: 121.201 Thread 0x00007f839f973200 Exception <a 'java/lang/ClassNotFoundException'{0x000000061edf6178}: com/apple/laf/resources/spi/aquaProvider> (0x000000061edf6178) 
thrown [src/hotspot/share/classfile/systemDictionary.cpp, line 256]
Event: 121.223 Thread 0x00007f839f973200 Exception <a 'java/lang/ClassNotFoundException'{0x000000061ee651f8}: com/sun/swing/internal/plaf/basic/resources/spi/basicProvider> (0x000000061ee651f8) 
thrown [src/hotspot/share/classfile/systemDictionary.cpp, line 256]
Event: 121.778 Thread 0x00007f839f973200 Exception <a 'java/lang/NoSuchMethodError'{0x0000000618398a68}: 'java.lang.Object java.lang.invoke.DirectMethodHandle$Holder.newInvokeSpecial(java.lang.Object, java.lang.Object, java.lang.Object, int, java.lang.Object)'> (0x0000000618398a68) 
thrown [src/hotspot/share/interpreter/linkResolver.cpp, line 759]
Event: 121.779 Thread 0x00007f839f973200 Exception <a 'java/lang/NoSuchMethodError'{0x00000006183a0628}: 'java.lang.Object java.lang.invoke.Invokers$Holder.linkToTargetMethod(java.lang.Object, java.lang.Object, int, java.lang.Object, java.lang.Object)'> (0x00000006183a0628) 
thrown [src/hotspot/share/interpreter/linkResolver.cpp, line 759]
Event: 121.799 Thread 0x00007f839f973200 Exception <a 'java/lang/NoSuchMethodError'{0x00000006183b1a48}: 'java.lang.Object java.lang.invoke.Invokers$Holder.linkToTargetMethod(int, int, int, int, java.lang.Object)'> (0x00000006183b1a48) 
thrown [src/hotspot/share/interpreter/linkResolver.cpp, line 759]
Event: 121.801 Thread 0x00007f839f973200 Exception <a 'java/lang/NoSuchMethodError'{0x00000006183b57d8}: 'void java.lang.invoke.DirectMethodHandle$Holder.invokeStatic(java.lang.Object, java.lang.Object, long)'> (0x00000006183b57d8) 
thrown [src/hotspot/share/interpreter/linkResolver.cpp, line 759]
Event: 121.812 Thread 0x00007f83bf806200 Exception <a 'java/lang/NoSuchMethodError'{0x0000000617c1c8c0}: 'void java.lang.invoke.DirectMethodHandle$Holder.invokeSpecial(java.lang.Object, java.lang.Object, long)'> (0x0000000617c1c8c0) 
thrown [src/hotspot/share/interpreter/linkResolver.cpp, line 759]
Event: 121.846 Thread 0x00007f839f973200 Exception <a 'java/lang/NoSuchMethodError'{0x00000006183cca38}: 'void java.lang.invoke.DirectMethodHandle$Holder.invokeStatic(java.lang.Object, long, long)'> (0x00000006183cca38) 
thrown [src/hotspot/share/interpreter/linkResolver.cpp, line 759]
Event: 121.847 Thread 0x00007f839f973200 Exception <a 'java/lang/NoSuchMethodError'{0x00000006183d2308}: 'java.lang.Object java.lang.invoke.DirectMethodHandle$Holder.newInvokeSpecial(java.lang.Object, long)'> (0x00000006183d2308) 
thrown [src/hotspot/share/interpreter/linkResolver.cpp, line 759]
Event: 121.849 Thread 0x00007f839f973200 Exception <a 'java/lang/NoSuchMethodError'{0x00000006183e0a90}: 'java.lang.Object java.lang.invoke.DirectMethodHandle$Holder.newInvokeSpecial(java.lang.Object, java.lang.Object, int)'> (0x00000006183e0a90) 
thrown [src/hotspot/share/interpreter/linkResolver.cpp, line 759]
Event: 121.853 Thread 0x00007f83bf806200 Exception <a 'java/lang/NoSuchMethodError'{0x0000000617c29758}: 'void java.lang.invoke.DirectMethodHandle$Holder.invokeStatic(java.lang.Object, long)'> (0x0000000617c29758) 
thrown [src/hotspot/share/interpreter/linkResolver.cpp, line 759]
Event: 121.892 Thread 0x00007f83ca13a200 Exception <a 'java/lang/NoSuchMethodError'{0x0000000617845180}: 'int java.lang.invoke.DirectMethodHandle$Holder.invokeSpecial(java.lang.Object, java.lang.Object, java.lang.Object)'> (0x0000000617845180) 
thrown [src/hotspot/share/interpreter/linkResolver.cpp, line 759]
Event: 145.859 Thread 0x00007f83af97a200 Implicit null exception at 0x000000011c8f0740 to 0x000000011c8f5418

VM Operations (20 events):
Event: 144.193 Executing VM operation: Cleanup
Event: 144.193 Executing VM operation: Cleanup done
Event: 144.402 Executing VM operation: G1CollectForAllocation
Event: 144.403 Executing VM operation: G1CollectForAllocation done
Event: 144.403 Executing VM operation: Cleanup
Event: 144.403 Executing VM operation: Cleanup done
Event: 145.459 Executing VM operation: HandshakeAllThreads
Event: 145.459 Executing VM operation: HandshakeAllThreads done
Event: 145.459 Executing VM operation: Cleanup
Event: 145.459 Executing VM operation: Cleanup done
Event: 145.459 Executing VM operation: HandshakeAllThreads
Event: 145.459 Executing VM operation: HandshakeAllThreads done
Event: 145.461 Executing VM operation: HandshakeAllThreads
Event: 145.461 Executing VM operation: HandshakeAllThreads done
Event: 145.516 Executing VM operation: G1CollectForAllocation
Event: 145.519 Executing VM operation: G1CollectForAllocation done
Event: 145.520 Executing VM operation: Cleanup
Event: 145.520 Executing VM operation: Cleanup done
Event: 145.976 Executing VM operation: G1CollectForAllocation
Event: 145.978 Executing VM operation: G1CollectForAllocation done

Events (20 events):
Event: 142.956 loading class java/awt/SentEvent
Event: 142.956 loading class java/awt/SentEvent done
Event: 142.961 Thread 0x00007f8378805a00 Thread added: 0x00007f8378805a00
Event: 142.961 Protecting memory [0x000070000cbb1000,0x000070000cbb5000] with protection modes 0
Event: 142.961 Protecting memory [0x000070000e07f000,0x000070000e083000] with protection modes 3
Event: 142.961 Thread 0x00007f83bf8d3400 Thread exited: 0x00007f83bf8d3400
Event: 143.784 Thread 0x00007f83c9813a00 Thread added: 0x00007f83c9813a00
Event: 143.784 Protecting memory [0x000070000ceba000,0x000070000cebe000] with protection modes 0
Event: 143.784 Protecting memory [0x000070000cbb1000,0x000070000cbb5000] with protection modes 3
Event: 143.784 Thread 0x00007f8378805a00 Thread exited: 0x00007f8378805a00
Event: 145.345 Thread 0x00007f83785e4200 Thread added: 0x00007f83785e4200
Event: 145.345 Protecting memory [0x000070000cbb1000,0x000070000cbb5000] with protection modes 0
Event: 145.346 Protecting memory [0x000070000ceba000,0x000070000cebe000] with protection modes 3
Event: 145.346 Thread 0x00007f83c9813a00 Thread exited: 0x00007f83c9813a00
Event: 145.859 Thread 0x00007f83af97a200 Thread added: 0x00007f83af97a200
Event: 145.859 Protecting memory [0x000070000ceba000,0x000070000cebe000] with protection modes 0
Event: 145.859 Thread 0x00007f83af90e000 Thread added: 0x00007f83af90e000
Event: 145.859 Protecting memory [0x000070000e07f000,0x000070000e083000] with protection modes 0
Event: 145.859 Protecting memory [0x000070000cbb1000,0x000070000cbb5000] with protection modes 3
Event: 145.859 Thread 0x00007f83785e4200 Thread exited: 0x00007f83785e4200


Dynamic libraries:
0x00007fff60b53000 	/usr/lib/libz.1.dylib
0x0000000105adf000 	/Applications/BlueJ.app/Contents/PlugIns/x64/Contents/Home/lib/libjli.dylib
0x00007fff34c83000 	/System/Library/Frameworks/Cocoa.framework/Versions/A/Cocoa
0x00007fff40a53000 	/System/Library/Frameworks/Security.framework/Versions/A/Security
0x00007fff33915000 	/System/Library/Frameworks/ApplicationServices.framework/Versions/A/ApplicationServices
0x00007fff5e4a9000 	/usr/lib/libSystem.B.dylib
0x00007fff61349000 	/usr/lib/system/libcache.dylib
0x00007fff6134e000 	/usr/lib/system/libcommonCrypto.dylib
0x00007fff61359000 	/usr/lib/system/libcompiler_rt.dylib
0x00007fff61361000 	/usr/lib/system/libcopyfile.dylib
0x00007fff6136b000 	/usr/lib/system/libcorecrypto.dylib
0x00007fff61477000 	/usr/lib/system/libdispatch.dylib
0x00007fff614b1000 	/usr/lib/system/libdyld.dylib
0x00007fff614de000 	/usr/lib/system/libkeymgr.dylib
0x00007fff614ec000 	/usr/lib/system/liblaunch.dylib
0x00007fff614ed000 	/usr/lib/system/libmacho.dylib
0x00007fff614f3000 	/usr/lib/system/libquarantine.dylib
0x00007fff614f6000 	/usr/lib/system/libremovefile.dylib
0x00007fff614f8000 	/usr/lib/system/libsystem_asl.dylib
0x00007fff61510000 	/usr/lib/system/libsystem_blocks.dylib
0x00007fff61511000 	/usr/lib/system/libsystem_c.dylib
0x00007fff61599000 	/usr/lib/system/libsystem_configuration.dylib
0x00007fff6159d000 	/usr/lib/system/libsystem_coreservices.dylib
0x00007fff615a1000 	/usr/lib/system/libsystem_darwin.dylib
0x00007fff615a8000 	/usr/lib/system/libsystem_dnssd.dylib
0x00007fff615af000 	/usr/lib/system/libsystem_info.dylib
0x00007fff61624000 	/usr/lib/system/libsystem_m.dylib
0x00007fff61670000 	/usr/lib/system/libsystem_malloc.dylib
0x00007fff6169b000 	/usr/lib/system/libsystem_networkextension.dylib
0x00007fff616a6000 	/usr/lib/system/libsystem_notify.dylib
0x00007fff616c3000 	/usr/lib/system/libsystem_sandbox.dylib
0x00007fff616c7000 	/usr/lib/system/libsystem_secinit.dylib
0x00007fff615fb000 	/usr/lib/system/libsystem_kernel.dylib
0x00007fff616ae000 	/usr/lib/system/libsystem_platform.dylib
0x00007fff616b8000 	/usr/lib/system/libsystem_pthread.dylib
0x00007fff616ca000 	/usr/lib/system/libsystem_symptoms.dylib
0x00007fff616d2000 	/usr/lib/system/libsystem_trace.dylib
0x00007fff616e9000 	/usr/lib/system/libunwind.dylib
0x00007fff616ef000 	/usr/lib/system/libxpc.dylib
0x00007fff5fce3000 	/usr/lib/libobjc.A.dylib
0x00007fff5e742000 	/usr/lib/libc++abi.dylib
0x00007fff5e6ee000 	/usr/lib/libc++.1.dylib
0x00007fff354f8000 	/System/Library/Frameworks/CoreFoundation.framework/Versions/A/CoreFoundation
0x00007fff37780000 	/System/Library/Frameworks/Foundation.framework/Versions/C/Foundation
0x00007fff32b0e000 	/System/Library/Frameworks/AppKit.framework/Versions/C/AppKit
0x00007fff35081000 	/System/Library/Frameworks/CoreData.framework/Versions/A/CoreData
0x00007fff57f6e000 	/System/Library/PrivateFrameworks/RemoteViewServices.framework/Versions/A/RemoteViewServices
0x00007fff5c1e5000 	/System/Library/PrivateFrameworks/UIFoundation.framework/Versions/A/UIFoundation
0x00007fff5d8ca000 	/System/Library/PrivateFrameworks/XCTTargetBootstrap.framework/Versions/A/XCTTargetBootstrap
0x00007fff35407000 	/System/Library/Frameworks/CoreDisplay.framework/Versions/A/CoreDisplay
0x00007fff52ca4000 	/System/Library/PrivateFrameworks/IconServices.framework/Versions/A/IconServices
0x00007fff3a0b7000 	/System/Library/Frameworks/Metal.framework/Versions/A/Metal
0x00007fff4a1e2000 	/System/Library/PrivateFrameworks/DesktopServicesPriv.framework/Versions/A/DesktopServicesPriv
0x00007fff5f046000 	/usr/lib/libenergytrace.dylib
0x00007fff5a6cd000 	/System/Library/PrivateFrameworks/SkyLight.framework/Versions/A/SkyLight
0x00007fff35940000 	/System/Library/Frameworks/CoreGraphics.framework/Versions/A/CoreGraphics
0x00007fff318da000 	/System/Library/Frameworks/Accelerate.framework/Versions/A/Accelerate
0x00007fff37eca000 	/System/Library/Frameworks/IOSurface.framework/Versions/A/IOSurface
0x00007fff4a04e000 	/System/Library/PrivateFrameworks/DFRFoundation.framework/Versions/A/DFRFoundation
0x00007fff33df8000 	/System/Library/Frameworks/AudioToolbox.framework/Versions/A/AudioToolbox
0x00007fff34071000 	/System/Library/Frameworks/AudioUnit.framework/Versions/A/AudioUnit
0x00007fff4a0e3000 	/System/Library/PrivateFrameworks/DataDetectorsCore.framework/Versions/A/DataDetectorsCore
0x00007fff34786000 	/System/Library/Frameworks/Carbon.framework/Versions/A/Frameworks/HIToolbox.framework/Versions/A/HIToolbox
0x00007fff5f19f000 	/usr/lib/libicucore.A.dylib
0x00007fff3ffc4000 	/System/Library/Frameworks/QuartzCore.framework/Versions/A/QuartzCore
0x00007fff34b5b000 	/System/Library/Frameworks/Carbon.framework/Versions/A/Frameworks/SpeechRecognition.framework/Versions/A/SpeechRecognition
0x00007fff5e5fd000 	/usr/lib/libauto.dylib
0x00007fff60a46000 	/usr/lib/libxml2.2.dylib
0x00007fff49c29000 	/System/Library/PrivateFrameworks/CoreUI.framework/Versions/A/CoreUI
0x00007fff34f6c000 	/System/Library/Frameworks/CoreAudio.framework/Versions/A/CoreAudio
0x00007fff375b4000 	/System/Library/Frameworks/DiskArbitration.framework/Versions/A/DiskArbitration
0x00007fff5f44d000 	/usr/lib/liblangid.dylib
0x00007fff540b0000 	/System/Library/PrivateFrameworks/MultitouchSupport.framework/Versions/A/MultitouchSupport
0x00007fff37e39000 	/System/Library/Frameworks/IOKit.framework/Versions/A/IOKit
0x00007fff5e069000 	/usr/lib/libDiagnosticMessagesClient.dylib
0x00007fff36750000 	/System/Library/Frameworks/CoreServices.framework/Versions/A/CoreServices
0x00007fff55d6d000 	/System/Library/PrivateFrameworks/PerformanceAnalysis.framework/Versions/A/PerformanceAnalysis
0x00007fff3f1ab000 	/System/Library/Frameworks/OpenGL.framework/Versions/A/OpenGL
0x00007fff34c91000 	/System/Library/Frameworks/ColorSync.framework/Versions/A/ColorSync
0x00007fff35fd2000 	/System/Library/Frameworks/CoreImage.framework/Versions/A/CoreImage
0x00007fff37128000 	/System/Library/Frameworks/CoreText.framework/Versions/A/CoreText
0x00007fff37f2d000 	/System/Library/Frameworks/ImageIO.framework/Versions/A/ImageIO
0x00007fff46279000 	/System/Library/PrivateFrameworks/Backup.framework/Versions/A/Backup
0x00007fff5e550000 	/usr/lib/libarchive.2.dylib
0x00007fff343ca000 	/System/Library/Frameworks/CFNetwork.framework/Versions/A/CFNetwork
0x00007fff411b0000 	/System/Library/Frameworks/SystemConfiguration.framework/Versions/A/SystemConfiguration
0x00007fff5df9a000 	/usr/lib/libCRFSuite.dylib
0x00007fff5e6cf000 	/usr/lib/libbsm.0.dylib
0x00007fff614df000 	/usr/lib/system/libkxld.dylib
0x00007fff45669000 	/System/Library/PrivateFrameworks/AppleFSCompression.framework/Versions/A/AppleFSCompression
0x00007fff5e369000 	/usr/lib/libOpenScriptingUtil.dylib
0x00007fff5e9f7000 	/usr/lib/libcoretls.dylib
0x00007fff5ea0e000 	/usr/lib/libcoretls_cfhelpers.dylib
0x00007fff6047a000 	/usr/lib/libpam.2.dylib
0x00007fff6063a000 	/usr/lib/libsqlite3.dylib
0x00007fff60a34000 	/usr/lib/libxar.1.dylib
0x00007fff5e6e0000 	/usr/lib/libbz2.1.0.dylib
0x00007fff5f44f000 	/usr/lib/liblzma.5.dylib
0x00007fff5f900000 	/usr/lib/libnetwork.dylib
0x00007fff5e539000 	/usr/lib/libapple_nghttp2.dylib
0x00007fff60481000 	/usr/lib/libpcap.A.dylib
0x00007fff36aef000 	/System/Library/Frameworks/CoreServices.framework/Versions/A/Frameworks/FSEvents.framework/Versions/A/FSEvents
0x00007fff367ce000 	/System/Library/Frameworks/CoreServices.framework/Versions/A/Frameworks/CarbonCore.framework/Versions/A/CarbonCore
0x00007fff36caa000 	/System/Library/Frameworks/CoreServices.framework/Versions/A/Frameworks/Metadata.framework/Versions/A/Metadata
0x00007fff36d49000 	/System/Library/Frameworks/CoreServices.framework/Versions/A/Frameworks/OSServices.framework/Versions/A/OSServices
0x00007fff36d94000 	/System/Library/Frameworks/CoreServices.framework/Versions/A/Frameworks/SearchKit.framework/Versions/A/SearchKit
0x00007fff36751000 	/System/Library/Frameworks/CoreServices.framework/Versions/A/Frameworks/AE.framework/Versions/A/AE
0x00007fff36af8000 	/System/Library/Frameworks/CoreServices.framework/Versions/A/Frameworks/LaunchServices.framework/Versions/A/LaunchServices
0x00007fff36aa6000 	/System/Library/Frameworks/CoreServices.framework/Versions/A/Frameworks/DictionaryServices.framework/Versions/A/DictionaryServices
0x00007fff36dfc000 	/System/Library/Frameworks/CoreServices.framework/Versions/A/Frameworks/SharedFileList.framework/Versions/A/SharedFileList
0x00007fff3b186000 	/System/Library/Frameworks/NetFS.framework/Versions/A/NetFS
0x00007fff54316000 	/System/Library/PrivateFrameworks/NetAuth.framework/Versions/A/NetAuth
0x00007fff5dcce000 	/System/Library/PrivateFrameworks/login.framework/Versions/A/Frameworks/loginsupport.framework/Versions/A/loginsupport
0x00007fff5bdee000 	/System/Library/PrivateFrameworks/TCC.framework/Versions/A/TCC
0x00007fff49286000 	/System/Library/PrivateFrameworks/CoreNLP.framework/Versions/A/CoreNLP
0x00007fff53dab000 	/System/Library/PrivateFrameworks/MetadataUtilities.framework/Versions/A/MetadataUtilities
0x00007fff5f524000 	/usr/lib/libmecabra.dylib
0x00007fff33916000 	/System/Library/Frameworks/ApplicationServices.framework/Versions/A/Frameworks/ATS.framework/Versions/A/ATS
0x00007fff33c65000 	/System/Library/Frameworks/ApplicationServices.framework/Versions/A/Frameworks/ColorSyncLegacy.framework/Versions/A/ColorSyncLegacy
0x00007fff33d04000 	/System/Library/Frameworks/ApplicationServices.framework/Versions/A/Frameworks/HIServices.framework/Versions/A/HIServices
0x00007fff33d57000 	/System/Library/Frameworks/ApplicationServices.framework/Versions/A/Frameworks/LangAnalysis.framework/Versions/A/LangAnalysis
0x00007fff33d67000 	/System/Library/Frameworks/ApplicationServices.framework/Versions/A/Frameworks/PrintCore.framework/Versions/A/PrintCore
0x00007fff33db1000 	/System/Library/Frameworks/ApplicationServices.framework/Versions/A/Frameworks/QD.framework/Versions/A/QD
0x00007fff33deb000 	/System/Library/Frameworks/ApplicationServices.framework/Versions/A/Frameworks/SpeechSynthesis.framework/Versions/A/SpeechSynthesis
0x00007fff5e76a000 	/usr/lib/libcompression.dylib
0x00007fff3a387000 	/System/Library/Frameworks/MetalPerformanceShaders.framework/Versions/A/MetalPerformanceShaders
0x00007fff318f2000 	/System/Library/Frameworks/Accelerate.framework/Versions/A/Frameworks/vImage.framework/Versions/A/vImage
0x00007fff3296c000 	/System/Library/Frameworks/Accelerate.framework/Versions/A/Frameworks/vecLib.framework/Versions/A/vecLib
0x00007fff328b8000 	/System/Library/Frameworks/Accelerate.framework/Versions/A/Frameworks/vecLib.framework/Versions/A/libvMisc.dylib
0x00007fff326d0000 	/System/Library/Frameworks/Accelerate.framework/Versions/A/Frameworks/vecLib.framework/Versions/A/libvDSP.dylib
0x00007fff31f8c000 	/System/Library/Frameworks/Accelerate.framework/Versions/A/Frameworks/vecLib.framework/Versions/A/libBLAS.dylib
0x00007fff32279000 	/System/Library/Frameworks/Accelerate.framework/Versions/A/Frameworks/vecLib.framework/Versions/A/libLAPACK.dylib
0x00007fff32623000 	/System/Library/Frameworks/Accelerate.framework/Versions/A/Frameworks/vecLib.framework/Versions/A/libLinearAlgebra.dylib
0x00007fff326bc000 	/System/Library/Frameworks/Accelerate.framework/Versions/A/Frameworks/vecLib.framework/Versions/A/libSparseBLAS.dylib
0x00007fff32639000 	/System/Library/Frameworks/Accelerate.framework/Versions/A/Frameworks/vecLib.framework/Versions/A/libQuadrature.dylib
0x00007fff32206000 	/System/Library/Frameworks/Accelerate.framework/Versions/A/Frameworks/vecLib.framework/Versions/A/libBNNS.dylib
0x00007fff3263f000 	/System/Library/Frameworks/Accelerate.framework/Versions/A/Frameworks/vecLib.framework/Versions/A/libSparse.dylib
0x00007fff505d4000 	/System/Library/PrivateFrameworks/GPUWrangler.framework/Versions/A/GPUWrangler
0x00007fff528d9000 	/System/Library/PrivateFrameworks/IOAccelerator.framework/Versions/A/IOAccelerator
0x00007fff528e4000 	/System/Library/PrivateFrameworks/IOPresentment.framework/Versions/A/IOPresentment
0x00007fff4a05e000 	/System/Library/PrivateFrameworks/DSExternalDisplay.framework/Versions/A/DSExternalDisplay
0x00007fff3e602000 	/System/Library/Frameworks/OpenGL.framework/Versions/A/Libraries/libCoreFSCache.dylib
0x00007fff3a17b000 	/System/Library/Frameworks/MetalPerformanceShaders.framework/Frameworks/MPSCore.framework/Versions/A/MPSCore
0x00007fff3a19b000 	/System/Library/Frameworks/MetalPerformanceShaders.framework/Frameworks/MPSImage.framework/Versions/A/MPSImage
0x00007fff3a240000 	/System/Library/Frameworks/MetalPerformanceShaders.framework/Frameworks/MPSNeuralNetwork.framework/Versions/A/MPSNeuralNetwork
0x00007fff3a218000 	/System/Library/Frameworks/MetalPerformanceShaders.framework/Frameworks/MPSMatrix.framework/Versions/A/MPSMatrix
0x00007fff3a36c000 	/System/Library/Frameworks/MetalPerformanceShaders.framework/Frameworks/MPSRayIntersector.framework/Versions/A/MPSRayIntersector
0x00007fff53dd4000 	/System/Library/PrivateFrameworks/MetalTools.framework/Versions/A/MetalTools
0x00007fff44f13000 	/System/Library/PrivateFrameworks/AggregateDictionary.framework/Versions/A/AggregateDictionary
0x00007fff5e349000 	/usr/lib/libMobileGestalt.dylib
0x00007fff3728d000 	/System/Library/Frameworks/CoreVideo.framework/Versions/A/CoreVideo
0x00007fff513e5000 	/System/Library/PrivateFrameworks/GraphVisualizer.framework/Versions/A/GraphVisualizer
0x00007fff4b264000 	/System/Library/PrivateFrameworks/FaceCore.framework/Versions/A/FaceCore
0x00007fff3dc30000 	/System/Library/Frameworks/OpenCL.framework/Versions/A/OpenCL
0x00007fff5e0a1000 	/usr/lib/libFosl_dynamic.dylib
0x00007fff54b82000 	/System/Library/PrivateFrameworks/OTSVG.framework/Versions/A/OTSVG
0x00007fff33a1a000 	/System/Library/Frameworks/ApplicationServices.framework/Versions/A/Frameworks/ATS.framework/Versions/A/Resources/libFontParser.dylib
0x00007fff33b32000 	/System/Library/Frameworks/ApplicationServices.framework/Versions/A/Frameworks/ATS.framework/Versions/A/Resources/libFontRegistry.dylib
0x00007fff3819d000 	/System/Library/Frameworks/ImageIO.framework/Versions/A/Resources/libJPEG.dylib
0x00007fff384c2000 	/System/Library/Frameworks/ImageIO.framework/Versions/A/Resources/libTIFF.dylib
0x00007fff38498000 	/System/Library/Frameworks/ImageIO.framework/Versions/A/Resources/libPng.dylib
0x00007fff380bb000 	/System/Library/Frameworks/ImageIO.framework/Versions/A/Resources/libGIF.dylib
0x00007fff380c0000 	/System/Library/Frameworks/ImageIO.framework/Versions/A/Resources/libJP2.dylib
0x00007fff384bf000 	/System/Library/Frameworks/ImageIO.framework/Versions/A/Resources/libRadiance.dylib
0x00007fff457c0000 	/System/Library/PrivateFrameworks/AppleJPEG.framework/Versions/A/AppleJPEG
0x00007fff3e60d000 	/System/Library/Frameworks/OpenGL.framework/Versions/A/Libraries/libGFXShared.dylib
0x00007fff3e7d0000 	/System/Library/Frameworks/OpenGL.framework/Versions/A/Libraries/libGLU.dylib
0x00007fff3e616000 	/System/Library/Frameworks/OpenGL.framework/Versions/A/Libraries/libGL.dylib
0x00007fff3e622000 	/System/Library/Frameworks/OpenGL.framework/Versions/A/Libraries/libGLImage.dylib
0x00007fff3e5ff000 	/System/Library/Frameworks/OpenGL.framework/Versions/A/Libraries/libCVMSPluginSupport.dylib
0x00007fff3e608000 	/System/Library/Frameworks/OpenGL.framework/Versions/A/Libraries/libCoreVMClient.dylib
0x00007fff5eebb000 	/usr/lib/libcups.2.dylib
0x00007fff39682000 	/System/Library/Frameworks/Kerberos.framework/Versions/A/Kerberos
0x00007fff37b9d000 	/System/Library/Frameworks/GSS.framework/Versions/A/GSS
0x00007fff605cf000 	/usr/lib/libresolv.9.dylib
0x00007fff5f0ae000 	/usr/lib/libiconv.2.dylib
0x00007fff5155a000 	/System/Library/PrivateFrameworks/Heimdal.framework/Versions/A/Heimdal
0x00007fff5f07e000 	/usr/lib/libheimdal-asn1.dylib
0x00007fff3dca4000 	/System/Library/Frameworks/OpenDirectory.framework/Versions/A/OpenDirectory
0x00007fff47fe9000 	/System/Library/PrivateFrameworks/CommonAuth.framework/Versions/A/CommonAuth
0x00007fff3dc88000 	/System/Library/Frameworks/OpenDirectory.framework/Versions/A/Frameworks/CFOpenDirectory.framework/Versions/A/CFOpenDirectory
0x00007fff40d55000 	/System/Library/Frameworks/SecurityFoundation.framework/Versions/A/SecurityFoundation
0x00007fff44459000 	/System/Library/PrivateFrameworks/APFS.framework/Versions/A/APFS
0x00007fff60a30000 	/usr/lib/libutil.dylib
0x00007fff5e758000 	/usr/lib/libcharset.1.dylib
0x00007fff45a5d000 	/System/Library/PrivateFrameworks/AppleSauce.framework/Versions/A/AppleSauce
0x00007fff45bde000 	/System/Library/PrivateFrameworks/AssertionServices.framework/Versions/A/AssertionServices
0x00007fff4630f000 	/System/Library/PrivateFrameworks/BaseBoard.framework/Versions/A/BaseBoard
0x00007fff5f47f000 	/usr/lib/libmecab.1.0.0.dylib
0x00007fff5f078000 	/usr/lib/libgermantok.dylib
0x00007fff5e526000 	/usr/lib/libThaiTokenizer.dylib
0x00007fff5dfd1000 	/usr/lib/libChineseTokenizer.dylib
0x00007fff52f91000 	/System/Library/PrivateFrameworks/LanguageModeling.framework/Versions/A/LanguageModeling
0x00007fff48ccb000 	/System/Library/PrivateFrameworks/CoreEmoji.framework/Versions/A/CoreEmoji
0x00007fff5306d000 	/System/Library/PrivateFrameworks/Lexicon.framework/Versions/A/Lexicon
0x00007fff530b0000 	/System/Library/PrivateFrameworks/LinguisticData.framework/Versions/A/LinguisticData
0x00007fff5e759000 	/usr/lib/libcmph.dylib
0x00007fff40e13000 	/System/Library/Frameworks/ServiceManagement.framework/Versions/A/ServiceManagement
0x00007fff46270000 	/System/Library/PrivateFrameworks/BackgroundTaskManagement.framework/Versions/A/BackgroundTaskManagement
0x00007fff60b2a000 	/usr/lib/libxslt.1.dylib
0x00007fff34a88000 	/System/Library/Frameworks/Carbon.framework/Versions/A/Frameworks/Ink.framework/Versions/A/Ink
0x00007fff5c060000 	/System/Library/PrivateFrameworks/TextureIO.framework/Versions/A/TextureIO
0x00007fff5e57a000 	/usr/lib/libate.dylib
0x00007fff49fad000 	/System/Library/PrivateFrameworks/CrashReporterSupport.framework/Versions/A/CrashReporterSupport
0x00007fff5979a000 	/System/Library/PrivateFrameworks/Sharing.framework/Versions/A/Sharing
0x00007fff45fc2000 	/System/Library/PrivateFrameworks/AuthKit.framework/Versions/A/AuthKit
0x00007fff45515000 	/System/Library/PrivateFrameworks/Apple80211.framework/Versions/A/Apple80211
0x00007fff49d55000 	/System/Library/PrivateFrameworks/CoreUtils.framework/Versions/A/CoreUtils
0x00007fff372ce000 	/System/Library/Frameworks/CoreWLAN.framework/Versions/A/CoreWLAN
0x00007fff37ccc000 	/System/Library/Frameworks/IOBluetooth.framework/Versions/A/IOBluetooth
0x00007fff57c0e000 	/System/Library/PrivateFrameworks/ProtocolBuffer.framework/Versions/A/ProtocolBuffer
0x00007fff5400c000 	/System/Library/PrivateFrameworks/MobileKeyBag.framework/Versions/A/MobileKeyBag
0x00007fff49599000 	/System/Library/PrivateFrameworks/CorePhoneNumbers.framework/Versions/A/CorePhoneNumbers
0x00007fff45774000 	/System/Library/PrivateFrameworks/AppleIDAuthSupport.framework/Versions/A/AppleIDAuthSupport
0x00007fff52f64000 	/System/Library/PrivateFrameworks/KeychainCircle.framework/Versions/A/KeychainCircle
0x00007fff57dc4000 	/System/Library/PrivateFrameworks/ROCKit.framework/Versions/A/ROCKit
0x00007fff49f49000 	/System/Library/PrivateFrameworks/CoreWiFi.framework/Versions/A/CoreWiFi
0x00007fff35056000 	/System/Library/Frameworks/CoreBluetooth.framework/Versions/A/CoreBluetooth
0x00007fff4a1a4000 	/System/Library/PrivateFrameworks/DebugSymbols.framework/Versions/A/DebugSymbols
0x00007fff49b15000 	/System/Library/PrivateFrameworks/CoreSymbolication.framework/Versions/A/CoreSymbolication
0x00007fff5b87d000 	/System/Library/PrivateFrameworks/Symbolication.framework/Versions/A/Symbolication
0x00007fff5b120000 	/System/Library/PrivateFrameworks/SpeechRecognitionCore.framework/Versions/A/SpeechRecognitionCore
0x0000000107400000 	/Applications/BlueJ.app/Contents/PlugIns/x64/Contents/Home/lib/server/libjvm.dylib
0x0000000105b19000 	/Applications/BlueJ.app/Contents/PlugIns/x64/Contents/Home/lib/libjimage.dylib
0x0000000105b27000 	/Applications/BlueJ.app/Contents/PlugIns/x64/Contents/Home/lib/libjdwp.dylib
0x0000000105b6a000 	/Applications/BlueJ.app/Contents/PlugIns/x64/Contents/Home/lib/./libjava.dylib
0x00000001131ea000 	/Applications/BlueJ.app/Contents/PlugIns/x64/Contents/Home/lib/libdt_socket.dylib
0x00000001131f6000 	/Applications/BlueJ.app/Contents/PlugIns/x64/Contents/Home/lib/libnio.dylib
0x000000011320b000 	/Applications/BlueJ.app/Contents/PlugIns/x64/Contents/Home/lib/./libnet.dylib
0x0000000113225000 	/Applications/BlueJ.app/Contents/PlugIns/x64/Contents/Home/lib/libzip.dylib
0x0000000113233000 	/Applications/BlueJ.app/Contents/PlugIns/x64/Contents/Home/lib/libawt.dylib
0x00000001132f2000 	/Applications/BlueJ.app/Contents/PlugIns/x64/Contents/Home/lib/./libmlib_image.dylib
0x00007fff39674000 	/System/Library/Frameworks/JavaVM.framework/Versions/A/Frameworks/JavaRuntimeSupport.framework/Versions/A/JavaRuntimeSupport
0x00007fff3966b000 	/System/Library/Frameworks/JavaVM.framework/Versions/A/Frameworks/JavaNativeFoundation.framework/Versions/A/JavaNativeFoundation
0x00007fff3967d000 	/System/Library/Frameworks/JavaVM.framework/Versions/A/JavaVM
0x00007fff34781000 	/System/Library/Frameworks/Carbon.framework/Versions/A/Carbon
0x00007fff52e83000 	/System/Library/PrivateFrameworks/JavaLaunching.framework/Versions/A/JavaLaunching
0x00007fff34782000 	/System/Library/Frameworks/Carbon.framework/Versions/A/Frameworks/CommonPanels.framework/Versions/A/CommonPanels
0x00007fff34a7e000 	/System/Library/Frameworks/Carbon.framework/Versions/A/Frameworks/Help.framework/Versions/A/Help
0x00007fff34a82000 	/System/Library/Frameworks/Carbon.framework/Versions/A/Frameworks/ImageCapture.framework/Versions/A/ImageCapture
0x00007fff34b1e000 	/System/Library/Frameworks/Carbon.framework/Versions/A/Frameworks/OpenScripting.framework/Versions/A/OpenScripting
0x00007fff34b56000 	/System/Library/Frameworks/Carbon.framework/Versions/A/Frameworks/Print.framework/Versions/A/Print
0x00007fff34b58000 	/System/Library/Frameworks/Carbon.framework/Versions/A/Frameworks/SecurityHI.framework/Versions/A/SecurityHI
0x0000000113c00000 	/Applications/BlueJ.app/Contents/PlugIns/x64/Contents/Home/lib/libawt_lwawt.dylib
0x000000011338e000 	/Applications/BlueJ.app/Contents/PlugIns/x64/Contents/Home/lib/./libosxapp.dylib
0x00007fff37759000 	/System/Library/Frameworks/ExceptionHandling.framework/Versions/A/ExceptionHandling
0x0000000113d2a000 	/Applications/BlueJ.app/Contents/PlugIns/x64/Contents/Home/lib/libfontmanager.dylib
0x0000000113eb5000 	/Applications/BlueJ.app/Contents/PlugIns/x64/Contents/Home/lib/./libfreetype.dylib
0x00007fff4971d000 	/System/Library/PrivateFrameworks/CoreServicesInternal.framework/Versions/A/CoreServicesInternal
0x00007fff29c5a000 	/System/Library/CoreServices/RawCamera.bundle/Contents/MacOS/RawCamera
0x00007fff53e78000 	/System/Library/PrivateFrameworks/MobileAsset.framework/Versions/A/MobileAsset
0x00007fff5b7cb000 	/System/Library/PrivateFrameworks/StreamingZip.framework/Versions/A/StreamingZip
0x00007fff39a0f000 	/System/Library/Frameworks/MediaToolbox.framework/Versions/A/MediaToolbox
0x00007fff4886f000 	/System/Library/PrivateFrameworks/CoreAVCHD.framework/Versions/A/CoreAVCHD
0x00007fff39955000 	/System/Library/Frameworks/MediaAccessibility.framework/Versions/A/MediaAccessibility
0x00007fff538d4000 	/System/Library/PrivateFrameworks/Mangrove.framework/Versions/A/Mangrove
0x00007fff365ef000 	/System/Library/Frameworks/CoreMedia.framework/Versions/A/CoreMedia
0x00007fff4147c000 	/System/Library/Frameworks/VideoToolbox.framework/Versions/A/VideoToolbox
0x00007fff4848b000 	/System/Library/PrivateFrameworks/CoreAUC.framework/Versions/A/CoreAUC
0x00007fff60638000 	/usr/lib/libspindump.dylib
0x00007fff45b43000 	/System/Library/PrivateFrameworks/AppleVA.framework/Versions/A/AppleVA
0x00007fff318db000 	/System/Library/Frameworks/Accelerate.framework/Versions/A/Frameworks/vImage.framework/Versions/A/Libraries/libCGInterfaces.dylib
0x00007fff33bce000 	/System/Library/Frameworks/ApplicationServices.framework/Versions/A/Frameworks/ATS.framework/Versions/A/Resources/libTrueTypeScaler.dylib
0x00007fff2b40f000 	/System/Library/Extensions/AMDRadeonX5000MTLDriver.bundle/Contents/MacOS/AMDRadeonX5000MTLDriver
0x00007fff528cf000 	/System/Library/PrivateFrameworks/IOAccelMemoryInfo.framework/Versions/A/IOAccelMemoryInfo
0x00007fff2ea9c000 	/System/Library/Extensions/AppleIntelKBLGraphicsMTLDriver.bundle/Contents/MacOS/AppleIntelKBLGraphicsMTLDriver
0x00007fff4ef33000 	/System/Library/PrivateFrameworks/GPUCompiler.framework/Versions/3902/Libraries/libmetal_timestamp.dylib
0x00007fff5d019000 	/System/Library/PrivateFrameworks/ViewBridge.framework/Versions/A/ViewBridge
0x0000000113fef000 	/usr/lib/libobjc-trampolines.dylib
0x0000000114145000 	/Applications/BlueJ.app/Contents/PlugIns/x64/Contents/Home/lib/libjsound.dylib
0x00007fff3636c000 	/System/Library/Frameworks/CoreMIDI.framework/Versions/A/CoreMIDI
0x00007fff5f047000 	/usr/lib/libexpat.1.dylib
0x0000000138a16000 	/System/Library/Components/CoreAudio.component/Contents/MacOS/CoreAudio
0x00007fff3f1bb000 	/System/Library/Frameworks/OpenGL.framework/Versions/A/Resources/GLEngine.bundle/GLEngine
0x00007fff3e65d000 	/System/Library/Frameworks/OpenGL.framework/Versions/A/Libraries/libGLProgrammability.dylib
0x00007fff2dcc8000 	/System/Library/Extensions/AppleIntelKBLGraphicsGLDriver.bundle/Contents/MacOS/AppleIntelKBLGraphicsGLDriver
0x00007fff505c8000 	/System/Library/PrivateFrameworks/GPUSupport.framework/Versions/A/Libraries/libGPUSupportMercury.dylib
0x0000000138c5a000 	/System/Library/Extensions/AMDRadeonX5000GLDriver.bundle/Contents/MacOS/AMDRadeonX5000GLDriver
0x00007fff2aa69000 	/System/Library/Extensions/AMDRadeonX5000GLDriver.bundle/Contents/MacOS/ATIRadeonX5000SCLib.dylib
0x00007fff3f353000 	/System/Library/Frameworks/OpenGL.framework/Versions/A/Resources/GLRendererFloat.bundle/GLRendererFloat
0x00007fff3dc27000 	/System/Library/Frameworks/OpenCL.framework/Versions/A/Libraries/libcldcpuengine.dylib
0x00007fff5ebad000 	/usr/lib/libcrypto.35.dylib
0x00007fff5c1de000 	/System/Library/PrivateFrameworks/TrustEvaluationAgent.framework/Versions/A/TrustEvaluationAgent
0x0000000138eb3000 	/Applications/BlueJ.app/Contents/PlugIns/x64/Contents/Home/lib/libosxui.dylib
0x000000013c3fc000 	/Applications/BlueJ.app/Contents/PlugIns/x64/Contents/Home/lib/libmanagement.dylib
0x000000013c406000 	/Applications/BlueJ.app/Contents/PlugIns/x64/Contents/Home/lib/libmanagement_ext.dylib


VM Arguments:
jvm_args: -ea -agentlib:jdwp=transport=dt_socket,address=127.0.0.1:55253 -Dfile.encoding=UTF-8 
java_command: bluej.runtime.ExecServer UTF-8
java_class_path (initial): /Applications/BlueJ.app/Contents/Java/bluejcore.jar:/Applications/BlueJ.app/Contents/Java/javafx-base-20.0.1.jar:/Applications/BlueJ.app/Contents/Java/javafx-graphics-20.0.1.jar:/Applications/BlueJ.app/Contents/Java/javafx-controls-20.0.1.jar:/Applications/BlueJ.app/Contents/Java/javafx-fxml-20.0.1-mac.jar:/Applications/BlueJ.app/Contents/Java/javafx-controls-20.0.1-mac.jar:/Applications/BlueJ.app/Contents/Java/javafx-web-20.0.1-mac.jar:/Applications/BlueJ.app/Contents/Java/javafx-media-20.0.1.jar:/Applications/BlueJ.app/Contents/Java/javafx-base-20.0.1-mac.jar:/Applications/BlueJ.app/Contents/Java/javafx-media-20.0.1-mac.jar:/Applications/BlueJ.app/Contents/Java/javafx-graphics-20.0.1-mac.jar:/Applications/BlueJ.app/Contents/Java/javafx-swing-20.0.1-mac.jar:/Applications/BlueJ.app/Contents/Java/junit-4.12.jar:/Applications/BlueJ.app/Contents/Java/junit-jupiter-params-5.5.2.jar:/Applications/BlueJ.app/Contents/Java/junit-jupiter-api-5.5.2.jar:/Applications/BlueJ.app/Contents/Java/junit-jupiter-engine-5.5.2.jar:/Applications/BlueJ.app/Contents/Java/junit-platform-suite-api-1.5.2.jar:/Applications/BlueJ.app/Contents/Java/junit-vintage-engine-5.5.2.jar:/Applications/BlueJ.app/Contents/Java/junit-jupiter-5.5.2.jar:/Applications/BlueJ.app/Contents/Java/junit-platform-engine-1.5.2.jar:/Applications/BlueJ.app/Contents/Java/junit-platform-launcher-1.5.2.jar:/Applications/BlueJ.app/Contents/Java/junit-platform-commons-1.5.2.jar:/Applications/BlueJ.app/Contents/Java/hamcrest-core-1.3.jar:/Applications/BlueJ.app/Contents/Java/opentest4j-1.2.0.jar:/Applications/BlueJ.app/Contents/Java/lang-stride.jar:/Users/sylvie_ruseva/Downloads/mayflower3.3.7.jar
Launcher Type: SUN_STANDARD

[Global flags]
     intx CICompilerCount                          = 4                                         {product} {ergonomic}
     uint ConcGCThreads                            = 3                                         {product} {ergonomic}
     uint G1ConcRefinementThreads                  = 10                                        {product} {ergonomic}
   size_t G1HeapRegionSize                         = 4194304                                   {product} {ergonomic}
    uintx GCDrainStackTargetSize                   = 64                                        {product} {ergonomic}
   size_t InitialHeapSize                          = 536870912                                 {product} {ergonomic}
   size_t MarkStackSize                            = 4194304                                   {product} {ergonomic}
   size_t MaxHeapSize                              = 8589934592                                {product} {ergonomic}
   size_t MaxNewSize                               = 5150605312                                {product} {ergonomic}
   size_t MinHeapDeltaBytes                        = 4194304                                   {product} {ergonomic}
   size_t MinHeapSize                              = 8388608                                   {product} {ergonomic}
    uintx NonNMethodCodeHeapSize                   = 5839372                                {pd product} {ergonomic}
    uintx NonProfiledCodeHeapSize                  = 122909434                              {pd product} {ergonomic}
    uintx ProfiledCodeHeapSize                     = 122909434                              {pd product} {ergonomic}
    uintx ReservedCodeCacheSize                    = 251658240                              {pd product} {ergonomic}
     bool SegmentedCodeCache                       = true                                      {product} {ergonomic}
   size_t SoftMaxHeapSize                          = 8589934592                             {manageable} {ergonomic}
     bool UseCompressedClassPointers               = true                           {product lp64_product} {ergonomic}
     bool UseCompressedOops                        = true                           {product lp64_product} {ergonomic}
     bool UseG1GC                                  = true                                      {product} {ergonomic}
     bool UseNUMA                                  = false                                     {product} {ergonomic}
     bool UseNUMAInterleaving                      = false                                     {product} {ergonomic}

Logging:
Log output configuration:
 #0: stdout all=warning uptime,level,tags
 #1: stderr all=off uptime,level,tags

Environment Variables:
JAVA_HOME=/Applications/BlueJ.app/Contents/PlugIns/x64/Contents/Home
PATH=/usr/bin:/bin:/usr/sbin:/sbin
SHELL=/bin/bash
LC_CTYPE=UTF-8
TMPDIR=/var/folders/_4/nb3d316x11ddkqfrnpcb1x5m0000gp/T/

Signal Handlers:
   SIGSEGV: _ZL13crash_handleriP9__siginfoPv in libjvm.dylib, mask=11100110000111110111111111111111, flags=SA_RESTART|SA_SIGINFO
    SIGBUS: _ZL13crash_handleriP9__siginfoPv in libjvm.dylib, mask=11100110000111110111111111111111, flags=SA_RESTART|SA_SIGINFO
    SIGFPE: _ZL13crash_handleriP9__siginfoPv in libjvm.dylib, mask=11100110000111110111111111111111, flags=SA_RESTART|SA_SIGINFO
   SIGPIPE: _ZL17javaSignalHandleriP9__siginfoPv in libjvm.dylib, mask=11100110000111110111111111111111, flags=SA_RESTART|SA_SIGINFO
   SIGXFSZ: _ZL17javaSignalHandleriP9__siginfoPv in libjvm.dylib, mask=11100110000111110111111111111111, flags=SA_RESTART|SA_SIGINFO
    SIGILL: _ZL13crash_handleriP9__siginfoPv in libjvm.dylib, mask=11100110000111110111111111111111, flags=SA_RESTART|SA_SIGINFO
   SIGUSR2: _ZL10SR_handleriP9__siginfoP17__darwin_ucontext in libjvm.dylib, mask=00100000000000000000000000000000, flags=SA_RESTART|SA_SIGINFO
    SIGHUP: _ZL11UserHandleriPvS_ in libjvm.dylib, mask=11100110000111110111111111111111, flags=SA_RESTART|SA_SIGINFO
    SIGINT: _ZL11UserHandleriPvS_ in libjvm.dylib, mask=11100110000111110111111111111111, flags=SA_RESTART|SA_SIGINFO
   SIGTERM: _ZL11UserHandleriPvS_ in libjvm.dylib, mask=11100110000111110111111111111111, flags=SA_RESTART|SA_SIGINFO
   SIGQUIT: _ZL11UserHandleriPvS_ in libjvm.dylib, mask=11100110000111110111111111111111, flags=SA_RESTART|SA_SIGINFO
  *** Handler was modified!
  *** Expected: _ZL17javaSignalHandleriP9__siginfoPv in libjvm.dylib, mask=11100110100111111111111111111111, flags=SA_RESTART|SA_SIGINFO
   SIGTRAP: _ZL13crash_handleriP9__siginfoPv in libjvm.dylib, mask=11100110000111110111111111111111, flags=SA_RESTART|SA_SIGINFO


---------------  S Y S T E M  ---------------

OS:
uname: Darwin 18.7.0 Darwin Kernel Version 18.7.0: Tue Jun 22 19:37:08 PDT 2021; root:xnu-4903.278.70~1/RELEASE_X86_64 x86_64
OS uptime: 1 days 16:03 hours
rlimit (soft/hard): STACK 8192k/65532k , CORE 0k/infinity , NPROC 2837/4256 , NOFILE 10240/infinity , AS infinity/infinity , CPU infinity/infinity , DATA infinity/infinity , FSIZE infinity/infinity , MEMLOCK infinity/infinity , RSS infinity/infinity
load average: 2.30 2.58 2.36

CPU: total 12 (initial active 12) (6 cores per cpu, 2 threads per core) family 6 model 158 stepping 10 microcode 0xf2, cx8, cmov, fxsr, ht, mmx, 3dnowpref, sse, sse2, sse3, ssse3, sse4.1, sse4.2, popcnt, lzcnt, tsc, tscinvbit, avx, avx2, aes, erms, clmul, bmi1, bmi2, rtm, adx, fma, vzeroupper, clflush, clflushopt

Memory: 4k page, physical 33554432k(1257396k free), swap 3145728k(1383424k free)

vm_info: OpenJDK 64-Bit Server VM (17.0.4.1+1) for bsd-amd64 JRE (17.0.4.1+1), built on Aug 17 2022 13:35:43 by "temurin" with clang 4.2.1 Compatible Apple LLVM 10.0.1 (clang-1001.0.46.4)

END.
