#
# A fatal error has been detected by the Java Runtime Environment:
#
#  SIGSEGV (0xb) at pc=0x0000000110a5dcf3, pid=12123, tid=118019
#
# JRE version: OpenJDK Runtime Environment Temurin-17.0.4.1+1 (17.0.4.1+1) (build 17.0.4.1+1)
# Java VM: OpenJDK 64-Bit Server VM Temurin-17.0.4.1+1 (17.0.4.1+1, mixed mode, sharing, tiered, compressed oops, compressed class ptrs, g1 gc, bsd-amd64)
# Problematic frame:
# V  [libjvm.dylib+0x45dcf3]  _ZN20G1ParScanThreadState11do_oop_evacI9narrowOopEEvPT_+0x53
#
# No core dump will be written. Core dumps have been disabled. To enable core dumping, try "ulimit -c unlimited" before starting Java again
#
# If you would like to submit a bug report, please visit:
#   https://github.com/adoptium/adoptium-support/issues
#

---------------  S U M M A R Y ------------

Command Line: -ea -agentlib:jdwp=transport=dt_socket,address=127.0.0.1:58458 -Dfile.encoding=UTF-8 bluej.runtime.ExecServer UTF-8

Host: "MacBookPro15,3" x86_64 2900 MHz, 12 cores, 32G, Darwin 18.7.0, macOS 10.14.6 (18G9323)
Time: Sat Oct  7 10:02:39 2023 CDT elapsed time: 21.217989 seconds (0d 0h 0m 21s)

---------------  T H R E A D  ---------------

Current thread (0x00007ff5dc4147e0):  GCTaskThread "GC Thread#3" [stack: 0x000070000a53d000,0x000070000a63d000] [id=118019]

Stack: [0x000070000a53d000,0x000070000a63d000],  sp=0x000070000a63cbf0,  free space=1022k
Native frames: (J=compiled Java code, j=interpreted, Vv=VM code, C=native code)
V  [libjvm.dylib+0x45dcf3]  _ZN20G1ParScanThreadState11do_oop_evacI9narrowOopEEvPT_+0x53
V  [libjvm.dylib+0x45c19e]  _ZN20G1ParScanThreadState23trim_queue_to_thresholdEj+0x33e
V  [libjvm.dylib+0x45c468]  _ZN20G1ParScanThreadState20steal_and_trim_queueEP19GenericTaskQueueSetI17OverflowTaskQueueI11ScannerTaskL8MEMFLAGS5ELj131072EELS3_5EE+0x1b8
V  [libjvm.dylib+0x4235e9]  _ZN29G1ParEvacuateFollowersClosure7do_voidEv+0xb9
V  [libjvm.dylib+0x4261b4]  _ZN25G1EvacuateRegionsBaseTask21evacuate_live_objectsEP20G1ParScanThreadStatejN14G1GCPhaseTimes11GCParPhasesES3_+0x94
V  [libjvm.dylib+0x425f74]  _ZN25G1EvacuateRegionsBaseTask4workEj+0x84
V  [libjvm.dylib+0xb5176a]  _ZN10GangWorker4loopEv+0x6a
V  [libjvm.dylib+0xb516e6]  _ZN10GangWorker3runEv+0x16
V  [libjvm.dylib+0xaa1e4a]  _ZN6Thread8call_runEv+0x11a
V  [libjvm.dylib+0x8ae6db]  _ZL19thread_native_entryP6Thread+0x14b
C  [libsystem_pthread.dylib+0x32eb]  _pthread_body+0x7e
C  [libsystem_pthread.dylib+0x6249]  _pthread_start+0x42
C  [libsystem_pthread.dylib+0x240d]  thread_start+0xd


siginfo: si_signo: 11 (SIGSEGV), si_code: 1 (SEGV_MAPERR), si_addr: 0x0000000000002000

Register to memory mapping:

RAX=0x0 is NULL
RBX=0x0000000000000003 is an unknown value
RCX=0x0000000000000016 is an unknown value
RDX=0x0000000000002000 is an unknown value
RSP=0x000070000a63cbf0 points into unknown readable memory: 0x0000000000000000 | 00 00 00 00 00 00 00 00
RBP=0x000070000a63cc10 points into unknown readable memory: 0x000070000a63cc50 | 50 cc 63 0a 00 70 00 00
RSI=0x0 is NULL
RDI=0x0 is NULL
R8 =0x0000000000000005 is an unknown value
R9 =0x0 is NULL
R10=0x000000060d9af5b8 is an oop: sun.awt.image.BufImgSurfaceManager 
{0x000000060d9af5b8} - klass: 'sun/awt/image/BufImgSurfaceManager'
 - ---- fields (total size 3 words):
 - private 'cacheMap' 'Ljava/util/concurrent/ConcurrentHashMap;' @12  
[error occurred during error reporting (printing register info), id 0xb, SIGSEGV (0xb) at pc=0x0000000110b1c7e5]

Registers:
RAX=0x0000000000000000, RBX=0x0000000000000003, RCX=0x0000000000000016, RDX=0x0000000000002000
RSP=0x000070000a63cbf0, RBP=0x000070000a63cc10, RSI=0x0000000000000000, RDI=0x0000000000000000
R8 =0x0000000000000005, R9 =0x0000000000000000, R10=0x000000060d9af5b8, R11=0x0000000000000003
R12=0x0000000111322a40, R13=0x000000060e40c64c, R14=0x00007ff64c702f60, R15=0x000000060e40c64c
RIP=0x0000000110a5dcf3, EFLAGS=0x0000000000010246, ERR=0x0000000000000004
  TRAPNO=0x000000000000000e

Top of Stack: (sp=0x000070000a63cbf0)
0x000070000a63cbf0:   0000000000000000 00007ff64c702f60
0x000070000a63cc00:   0000000000000000 ffffffff00000000
0x000070000a63cc10:   000070000a63cc50 0000000110a5c19e
0x000070000a63cc20:   00007ff64c702f78 0000000000000000
0x000070000a63cc30:   000070000a63cc70 000000060ddf5b50
0x000070000a63cc40:   00007ff64c702f60 00007ff64c608d80
0x000070000a63cc50:   000070000a63cca0 0000000110a5c468
0x000070000a63cc60:   00007ff64d000000 00007ff64c702f78
0x000070000a63cc70:   000000060ddf5b52 0000000000000013
0x000070000a63cc80:   0000000000000009 000070000a63cd48
0x000070000a63cc90:   00007ff64c702f60 0000000000000011
0x000070000a63cca0:   000070000a63cd30 0000000110a235e9
0x000070000a63ccb0:   0000000000000000 0000000000000000
0x000070000a63ccc0:   0000000000000000 00007ff64e2012e0
0x000070000a63ccd0:   000070000a63cd10 0000000110a4ca62
0x000070000a63cce0:   0000000000000000 0000000000000000
0x000070000a63ccf0:   3f41c74a00000000 00007ff5dc406360
0x000070000a63cd00:   000070000a63cd10 0000000000000013
0x000070000a63cd10:   0000000e56dae061 0000000000000009
0x000070000a63cd20:   00000004f0820581 000070000854a340
0x000070000a63cd30:   000070000a63cdd0 0000000110a261b4
0x000070000a63cd40:   00007ff64e200dc0 00000001112faad0
0x000070000a63cd50:   0000000000000000 0000000000000000
0x000070000a63cd60:   0000000000000000 00007ff64d000000
0x000070000a63cd70:   00007ff64c702f60 00007ff64c608d80
0x000070000a63cd80:   000070000854a340 0000000000000013
0x000070000a63cd90:   00007ff5dc406360 0000000000000000
0x000070000a63cda0:   0000001300000015 000070000854a310
0x000070000a63cdb0:   00007ff64c65a558 00007ff64c702f60
0x000070000a63cdc0:   0000000000000009 00007ff64e1fc030
0x000070000a63cdd0:   000070000a63ce20 0000000110a25f74
0x000070000a63cde0:   00007ff64c65a170 00007ff64c65a180 

Instructions: (pc=0x0000000110a5dcf3)
0x0000000110a5dbf3:   c0 74 20 48 89 80 00 02 00 00 48 c7 80 10 02 00
0x0000000110a5dc03:   00 00 00 00 00 48 c7 80 08 02 00 00 00 00 00 00
0x0000000110a5dc13:   49 89 c4 48 8b 55 d0 eb 11 b9 08 02 00 00 48 8b
0x0000000110a5dc23:   55 d0 31 c0 4c 89 21 49 89 c4 48 8d 44 da 20 4c
0x0000000110a5dc33:   89 20 48 81 04 da 18 02 00 00 49 8b 84 24 00 02
0x0000000110a5dc43:   00 00 4c 89 28 49 83 84 24 00 02 00 00 08 41 83
0x0000000110a5dc53:   7e 20 01 74 38 45 84 ff 74 33 49 8b 5e 18 49 c1
0x0000000110a5dc63:   ed 09 48 8b 43 60 4c 03 68 40 48 8b 70 38 49 29
0x0000000110a5dc73:   f5 4c 39 ab b0 01 00 00 74 13 48 8d 7b 18 4c 01
0x0000000110a5dc83:   ee e8 a7 73 00 00 4c 89 ab b0 01 00 00 48 83 c4
0x0000000110a5dc93:   08 5b 41 5c 41 5d 41 5e 41 5f 5d c3 90 55 48 89
0x0000000110a5dca3:   e5 41 57 41 56 41 54 53 49 89 f7 8b 16 4c 8d 25
0x0000000110a5dcb3:   89 4d 8c 00 41 8b 5c 24 08 89 d9 48 d3 e2 49 89
0x0000000110a5dcc3:   fe 49 8b 3c 24 48 01 fa 49 8b 46 08 8a 88 90 05
0x0000000110a5dcd3:   00 00 48 89 d6 48 d3 ee 48 8b 80 80 05 00 00 0f
0x0000000110a5dce3:   b7 34 70 89 f0 c1 e8 08 84 c0 0f 88 cf 00 00 00
0x0000000110a5dcf3:   48 8b 0a 89 c8 83 e0 03 48 83 f8 03 75 23 48 8d
0x0000000110a5dd03:   15 49 7e 90 00 89 ce 83 e6 07 48 83 e1 fc 31 c0
0x0000000110a5dd13:   80 3a 00 48 0f 44 c1 48 83 fe 05 48 0f 45 c1 eb
0x0000000110a5dd23:   11 4c 89 f7 e8 44 ef ff ff 49 8b 3c 24 41 8b 5c
0x0000000110a5dd33:   24 08 48 89 c2 48 29 fa 89 d9 48 d3 ea 41 89 17
0x0000000110a5dd43:   48 89 c2 4c 31 fa 48 8d 0d d0 81 90 00 8a 09 48
0x0000000110a5dd53:   d3 ea 48 85 d2 74 68 49 8b 56 08 8a 8a c0 01 00
0x0000000110a5dd63:   00 4c 89 fe 48 d3 ee 48 8b 8a b0 01 00 00 48 8b
0x0000000110a5dd73:   0c f1 8b 49 74 f6 c1 02 75 45 8a 8a 90 05 00 00
0x0000000110a5dd83:   48 d3 e8 48 8b 8a 80 05 00 00 80 3c 41 00 74 2f
0x0000000110a5dd93:   49 c1 ef 09 49 8b 46 60 4c 03 78 40 48 8b 70 38
0x0000000110a5dda3:   49 29 f7 4d 39 be b0 01 00 00 74 13 49 8d 7e 18
0x0000000110a5ddb3:   4c 01 fe e8 75 72 00 00 4d 89 be b0 01 00 00 5b
0x0000000110a5ddc3:   41 5c 41 5e 41 5f 5d c3 0f 1f 44 00 00 55 48 89
0x0000000110a5ddd3:   e5 41 57 41 56 41 55 41 54 53 48 83 ec 18 49 89
0x0000000110a5dde3:   f7 48 89 fb 48 8b 06 48 8d 0d 60 7d 90 00 89 c2 


Stack slot to memory mapping:
stack at sp + 0 slots: 0x0 is NULL
stack at sp + 1 slots: 0x00007ff64c702f60 points into unknown readable memory: 0x00000001112fc890 | 90 c8 2f 11 01 00 00 00
stack at sp + 2 slots: 0x0 is NULL
stack at sp + 3 slots: 0xffffffff00000000 is an unknown value
stack at sp + 4 slots: 0x000070000a63cc50 points into unknown readable memory: 0x000070000a63cca0 | a0 cc 63 0a 00 70 00 00
stack at sp + 5 slots: 0x0000000110a5c19e: _ZN20G1ParScanThreadState23trim_queue_to_thresholdEj+0x33e in /Applications/BlueJ.app/Contents/PlugIns/x64/Contents/Home/lib/server/libjvm.dylib at 0x0000000110600000
stack at sp + 6 slots: 0x00007ff64c702f78 points into unknown readable memory: 0x00000001112fcad0 | d0 ca 2f 11 01 00 00 00
stack at sp + 7 slots: 0x0 is NULL


---------------  P R O C E S S  ---------------

Threads class SMR info:
_java_thread_list=0x00007ff63c407340, length=24, elements={
0x00007ff64f84f000, 0x00007ff64f08e200, 0x00007ff64f08d400, 0x00007ff64f850800,
0x00007ff64f850e00, 0x00007ff64f851400, 0x00007ff64f854800, 0x00007ff64f854e00,
0x00007ff64e809600, 0x00007ff64f08da00, 0x00007ff658862200, 0x00007ff64f855400,
0x00007ff64e809c00, 0x00007ff65886a000, 0x00007ff64e88ce00, 0x00007ff65886f800,
0x00007ff64d012800, 0x00007ff64d09c200, 0x00007ff64f275000, 0x00007ff64d09dc00,
0x00007ff64d014400, 0x00007ff6580e6e00, 0x00007ff64d800a00, 0x00007ff63c800000
}

Java Threads: ( => current thread )
  0x00007ff64f84f000 JavaThread "Reference Handler" daemon [_thread_blocked, id=14083, stack(0x000070000854e000,0x000070000864e000)]
  0x00007ff64f08e200 JavaThread "Finalizer" daemon [_thread_blocked, id=21763, stack(0x0000700008651000,0x0000700008751000)]
  0x00007ff64f08d400 JavaThread "Signal Dispatcher" daemon [_thread_blocked, id=41987, stack(0x0000700008754000,0x0000700008854000)]
  0x00007ff64f850800 JavaThread "Service Thread" daemon [_thread_blocked, id=41731, stack(0x0000700008857000,0x0000700008957000)]
  0x00007ff64f850e00 JavaThread "Monitor Deflation Thread" daemon [_thread_blocked, id=41219, stack(0x000070000895a000,0x0000700008a5a000)]
  0x00007ff64f851400 JavaThread "C2 CompilerThread0" daemon [_thread_blocked, id=40707, stack(0x0000700008a5d000,0x0000700008b5d000)]
  0x00007ff64f854800 JavaThread "C1 CompilerThread0" daemon [_thread_blocked, id=40451, stack(0x0000700008b60000,0x0000700008c60000)]
  0x00007ff64f854e00 JavaThread "Sweeper thread" daemon [_thread_blocked, id=39939, stack(0x0000700008c63000,0x0000700008d63000)]
  0x00007ff64e809600 JavaThread "JDWP Transport Listener: dt_socket" daemon [_thread_blocked, id=39687, stack(0x0000700008d66000,0x0000700008e66000)]
  0x00007ff64f08da00 JavaThread "JDWP Event Helper Thread" daemon [_thread_blocked, id=23555, stack(0x0000700008e69000,0x0000700008f69000)]
  0x00007ff658862200 JavaThread "JDWP Command Reader" daemon [_thread_in_native, id=38915, stack(0x0000700008f6c000,0x000070000906c000)]
  0x00007ff64f855400 JavaThread "Notification Thread" daemon [_thread_blocked, id=38659, stack(0x000070000906f000,0x000070000916f000)]
  0x00007ff64e809c00 JavaThread "Common-Cleaner" daemon [_thread_blocked, id=38147, stack(0x0000700009275000,0x0000700009375000)]
  0x00007ff65886a000 JavaThread "AppKit Thread" daemon [_thread_blocked, id=775, stack(0x00007ffee06d7000,0x00007ffee0ed7000)]
  0x00007ff64e88ce00 JavaThread "AWT-Shutdown" [_thread_blocked, id=29739, stack(0x0000700009378000,0x0000700009478000)]
  0x00007ff65886f800 JavaThread "BlueJ worker thread" [_thread_blocked, id=57859, stack(0x0000700009a9c000,0x0000700009b9c000)]
  0x00007ff64d012800 JavaThread "DestroyJavaVM" [_thread_blocked, id=7683, stack(0x0000700007e39000,0x0000700007f39000)]
  0x00007ff64d09c200 JavaThread "Java Sound Event Dispatcher" daemon [_thread_blocked, id=92679, stack(0x0000700009ca2000,0x0000700009da2000)]
  0x00007ff64f275000 JavaThread "Thread-0" daemon [_thread_blocked, id=124167, stack(0x0000700009e28000,0x0000700009f28000)]
  0x00007ff64d09dc00 JavaThread "Java2D Queue Flusher" daemon [_thread_blocked, id=94211, stack(0x0000700009f2b000,0x000070000a02b000)]
  0x00007ff64d014400 JavaThread "Java2D Disposer" daemon [_thread_blocked, id=123147, stack(0x000070000a02e000,0x000070000a12e000)]
  0x00007ff6580e6e00 JavaThread "AWT-EventQueue-0" [_thread_blocked, id=119571, stack(0x000070000a131000,0x000070000a231000)]
  0x00007ff64d800a00 JavaThread "Thread-1" [_thread_blocked, id=99607, stack(0x000070000a234000,0x000070000a334000)]
  0x00007ff63c800000 JavaThread "main" [_thread_blocked, id=100099, stack(0x000070000a337000,0x000070000a437000)]

Other Threads:
  0x00007ff64e210480 VMThread "VM Thread" [stack: 0x000070000844b000,0x000070000854b000] [id=13571]
  0x00007ff64e21efb0 WatcherThread [stack: 0x0000700009172000,0x0000700009272000] [id=24067]
  0x00007ff64e2021d0 GCTaskThread "GC Thread#0" [stack: 0x0000700007f3c000,0x000070000803c000] [id=11779]
  0x00007ff5dc406ac0 GCTaskThread "GC Thread#1" [stack: 0x0000700009b9f000,0x0000700009c9f000] [id=99095]
  0x00007ff5dc4142b0 GCTaskThread "GC Thread#2" [stack: 0x000070000a43a000,0x000070000a53a000] [id=62751]
=>0x00007ff5dc4147e0 GCTaskThread "GC Thread#3" [stack: 0x000070000a53d000,0x000070000a63d000] [id=118019]
  0x00007ff64c679510 GCTaskThread "GC Thread#4" [stack: 0x000070000a640000,0x000070000a740000] [id=117507]
  0x00007ff64c679980 GCTaskThread "GC Thread#5" [stack: 0x000070000a743000,0x000070000a843000] [id=117251]
  0x00007ff64c67a210 GCTaskThread "GC Thread#6" [stack: 0x000070000a846000,0x000070000a946000] [id=116739]
  0x00007ff64c67aec0 GCTaskThread "GC Thread#7" [stack: 0x000070000a949000,0x000070000aa49000] [id=116227]
  0x00007ff64c67bb70 GCTaskThread "GC Thread#8" [stack: 0x000070000aa4c000,0x000070000ab4c000] [id=100611]
  0x00007ff64c67c820 GCTaskThread "GC Thread#9" [stack: 0x000070000ab4f000,0x000070000ac4f000] [id=100867]
  0x00007ff64e10a260 ConcurrentGCThread "G1 Main Marker" [stack: 0x000070000803f000,0x000070000813f000] [id=18179]
  0x00007ff64e202b70 ConcurrentGCThread "G1 Conc#0" [stack: 0x0000700008142000,0x0000700008242000] [id=12291]
  0x00007ff64c4237f0 ConcurrentGCThread "G1 Refine#0" [stack: 0x0000700008245000,0x0000700008345000] [id=12547]
  0x00007ff64e206550 ConcurrentGCThread "G1 Service" [stack: 0x0000700008348000,0x0000700008448000] [id=16387]

Threads with active compile tasks:

VM state: at safepoint (normal execution)

VM Mutex/Monitor currently owned by a thread:  ([mutex/lock_event])
[0x00007ff64c406c00] Threads_lock - owner thread: 0x00007ff64e210480
[0x00007ff64c4078d0] Heap_lock - owner thread: 0x00007ff64d800a00

Heap address: 0x0000000600000000, size: 8192 MB, Compressed Oops mode: Zero based, Oop shift amount: 3

CDS archive(s) mapped at: [0x0000000800000000-0x0000000800bd4000-0x0000000800bd4000), size 12402688, SharedBaseAddress: 0x0000000800000000, ArchiveRelocationMode: 0.
Compressed class space mapped at: 0x0000000800c00000-0x0000000840c00000, reserved size: 1073741824
Narrow klass base: 0x0000000800000000, Narrow klass shift: 0, Narrow klass range: 0x100000000

GC Precious Log:
 CPUs: 12 total, 12 available
 Memory: 32768M
 Large Page Support: Disabled
 NUMA Support: Disabled
 Compressed Oops: Enabled (Zero based)
 Heap Region Size: 4M
 Heap Min Capacity: 8M
 Heap Initial Capacity: 512M
 Heap Max Capacity: 8G
 Pre-touch: Disabled
 Parallel Workers: 10
 Concurrent Workers: 3
 Concurrent Refinement Workers: 10
 Periodic GC: Disabled

Heap:
 garbage-first heap   total 532480K, used 323256K [0x0000000600000000, 0x0000000800000000)
  region size 4096K, 75 young (307200K), 5 survivors (20480K)
 Metaspace       used 9762K, committed 9984K, reserved 1064960K
  class space    used 1004K, committed 1088K, reserved 1048576K

Heap Regions: E=young(eden), S=young(survivor), O=old, HS=humongous(starts), HC=humongous(continues), CS=collection set, F=free, OA=open archive, CA=closed archive, TAMS=top-at-mark-start (previous, next)
|   0|0x0000000600000000, 0x0000000600400000, 0x0000000600400000|100%| O|  |TAMS 0x0000000600000000, 0x0000000600000000| Untracked 
|   1|0x0000000600400000, 0x0000000600800000, 0x0000000600800000|100%| O|  |TAMS 0x0000000600400000, 0x0000000600400000| Untracked 
|   2|0x0000000600800000, 0x0000000600b78630, 0x0000000600c00000| 86%| O|  |TAMS 0x0000000600800000, 0x0000000600800000| Untracked 
|   3|0x0000000600c00000, 0x0000000600c00000, 0x0000000601000000|  0%| F|  |TAMS 0x0000000600c00000, 0x0000000600c00000| Untracked 
|   4|0x0000000601000000, 0x0000000601000000, 0x0000000601400000|  0%| F|  |TAMS 0x0000000601000000, 0x0000000601000000| Untracked 
|   5|0x0000000601400000, 0x0000000601400000, 0x0000000601800000|  0%| F|  |TAMS 0x0000000601400000, 0x0000000601400000| Untracked 
|   6|0x0000000601800000, 0x0000000601800000, 0x0000000601c00000|  0%| F|  |TAMS 0x0000000601800000, 0x0000000601800000| Untracked 
|   7|0x0000000601c00000, 0x0000000601c00000, 0x0000000602000000|  0%| F|  |TAMS 0x0000000601c00000, 0x0000000601c00000| Untracked 
|   8|0x0000000602000000, 0x0000000602000000, 0x0000000602400000|  0%| F|  |TAMS 0x0000000602000000, 0x0000000602000000| Untracked 
|   9|0x0000000602400000, 0x0000000602400000, 0x0000000602800000|  0%| F|  |TAMS 0x0000000602400000, 0x0000000602400000| Untracked 
|  10|0x0000000602800000, 0x0000000602800000, 0x0000000602c00000|  0%| F|  |TAMS 0x0000000602800000, 0x0000000602800000| Untracked 
|  11|0x0000000602c00000, 0x0000000602c00000, 0x0000000603000000|  0%| F|  |TAMS 0x0000000602c00000, 0x0000000602c00000| Untracked 
|  12|0x0000000603000000, 0x0000000603000000, 0x0000000603400000|  0%| F|  |TAMS 0x0000000603000000, 0x0000000603000000| Untracked 
|  13|0x0000000603400000, 0x0000000603400000, 0x0000000603800000|  0%| F|  |TAMS 0x0000000603400000, 0x0000000603400000| Untracked 
|  14|0x0000000603800000, 0x0000000603800000, 0x0000000603c00000|  0%| F|  |TAMS 0x0000000603800000, 0x0000000603800000| Untracked 
|  15|0x0000000603c00000, 0x0000000603c00000, 0x0000000604000000|  0%| F|  |TAMS 0x0000000603c00000, 0x0000000603c00000| Untracked 
|  16|0x0000000604000000, 0x0000000604000000, 0x0000000604400000|  0%| F|  |TAMS 0x0000000604000000, 0x0000000604000000| Untracked 
|  17|0x0000000604400000, 0x0000000604400000, 0x0000000604800000|  0%| F|  |TAMS 0x0000000604400000, 0x0000000604400000| Untracked 
|  18|0x0000000604800000, 0x0000000604800000, 0x0000000604c00000|  0%| F|  |TAMS 0x0000000604800000, 0x0000000604800000| Untracked 
|  19|0x0000000604c00000, 0x0000000604c00000, 0x0000000605000000|  0%| F|  |TAMS 0x0000000604c00000, 0x0000000604c00000| Untracked 
|  20|0x0000000605000000, 0x0000000605000000, 0x0000000605400000|  0%| F|  |TAMS 0x0000000605000000, 0x0000000605000000| Untracked 
|  21|0x0000000605400000, 0x0000000605400000, 0x0000000605800000|  0%| F|  |TAMS 0x0000000605400000, 0x0000000605400000| Untracked 
|  22|0x0000000605800000, 0x0000000605800000, 0x0000000605c00000|  0%| F|  |TAMS 0x0000000605800000, 0x0000000605800000| Untracked 
|  23|0x0000000605c00000, 0x0000000605c00000, 0x0000000606000000|  0%| F|  |TAMS 0x0000000605c00000, 0x0000000605c00000| Untracked 
|  24|0x0000000606000000, 0x0000000606000000, 0x0000000606400000|  0%| F|  |TAMS 0x0000000606000000, 0x0000000606000000| Untracked 
|  25|0x0000000606400000, 0x0000000606400000, 0x0000000606800000|  0%| F|  |TAMS 0x0000000606400000, 0x0000000606400000| Untracked 
|  26|0x0000000606800000, 0x0000000606800000, 0x0000000606c00000|  0%| F|  |TAMS 0x0000000606800000, 0x0000000606800000| Untracked 
|  27|0x0000000606c00000, 0x0000000606c00000, 0x0000000607000000|  0%| F|  |TAMS 0x0000000606c00000, 0x0000000606c00000| Untracked 
|  28|0x0000000607000000, 0x0000000607000000, 0x0000000607400000|  0%| F|  |TAMS 0x0000000607000000, 0x0000000607000000| Untracked 
|  29|0x0000000607400000, 0x0000000607400000, 0x0000000607800000|  0%| F|  |TAMS 0x0000000607400000, 0x0000000607400000| Untracked 
|  30|0x0000000607800000, 0x0000000607800000, 0x0000000607c00000|  0%| F|  |TAMS 0x0000000607800000, 0x0000000607800000| Untracked 
|  31|0x0000000607c00000, 0x0000000607c00000, 0x0000000608000000|  0%| F|  |TAMS 0x0000000607c00000, 0x0000000607c00000| Untracked 
|  32|0x0000000608000000, 0x0000000608000000, 0x0000000608400000|  0%| F|  |TAMS 0x0000000608000000, 0x0000000608000000| Untracked 
|  33|0x0000000608400000, 0x0000000608400000, 0x0000000608800000|  0%| F|  |TAMS 0x0000000608400000, 0x0000000608400000| Untracked 
|  34|0x0000000608800000, 0x0000000608800000, 0x0000000608c00000|  0%| F|  |TAMS 0x0000000608800000, 0x0000000608800000| Untracked 
|  35|0x0000000608c00000, 0x0000000608c00000, 0x0000000609000000|  0%| F|  |TAMS 0x0000000608c00000, 0x0000000608c00000| Untracked 
|  36|0x0000000609000000, 0x0000000609000000, 0x0000000609400000|  0%| F|  |TAMS 0x0000000609000000, 0x0000000609000000| Untracked 
|  37|0x0000000609400000, 0x0000000609400000, 0x0000000609800000|  0%| F|  |TAMS 0x0000000609400000, 0x0000000609400000| Untracked 
|  38|0x0000000609800000, 0x0000000609800000, 0x0000000609c00000|  0%| F|  |TAMS 0x0000000609800000, 0x0000000609800000| Untracked 
|  39|0x0000000609c00000, 0x0000000609c00000, 0x000000060a000000|  0%| F|  |TAMS 0x0000000609c00000, 0x0000000609c00000| Untracked 
|  40|0x000000060a000000, 0x000000060a000000, 0x000000060a400000|  0%| F|  |TAMS 0x000000060a000000, 0x000000060a000000| Untracked 
|  41|0x000000060a400000, 0x000000060a400000, 0x000000060a800000|  0%| F|  |TAMS 0x000000060a400000, 0x000000060a400000| Untracked 
|  42|0x000000060a800000, 0x000000060a800000, 0x000000060ac00000|  0%| F|  |TAMS 0x000000060a800000, 0x000000060a800000| Untracked 
|  43|0x000000060ac00000, 0x000000060ac00000, 0x000000060b000000|  0%| F|  |TAMS 0x000000060ac00000, 0x000000060ac00000| Untracked 
|  44|0x000000060b000000, 0x000000060b000000, 0x000000060b400000|  0%| F|  |TAMS 0x000000060b000000, 0x000000060b000000| Untracked 
|  45|0x000000060b400000, 0x000000060b400000, 0x000000060b800000|  0%| F|  |TAMS 0x000000060b400000, 0x000000060b400000| Untracked 
|  46|0x000000060b800000, 0x000000060b898ae0, 0x000000060bc00000| 14%| E|CS|TAMS 0x000000060b800000, 0x000000060b800000| Complete 
|  47|0x000000060bc00000, 0x000000060bc00000, 0x000000060c000000|  0%| F|  |TAMS 0x000000060bc00000, 0x000000060bc00000| Untracked 
|  48|0x000000060c000000, 0x000000060c336408, 0x000000060c400000| 80%| S|  |TAMS 0x000000060c000000, 0x000000060c000000| Complete 
|  49|0x000000060c400000, 0x000000060c800000, 0x000000060c800000|100%| S|  |TAMS 0x000000060c400000, 0x000000060c400000| Complete 
|  50|0x000000060c800000, 0x000000060cc00000, 0x000000060cc00000|100%| S|  |TAMS 0x000000060c800000, 0x000000060c800000| Complete 
|  51|0x000000060cc00000, 0x000000060d000000, 0x000000060d000000|100%| S|  |TAMS 0x000000060cc00000, 0x000000060cc00000| Complete 
|  52|0x000000060d000000, 0x000000060d400000, 0x000000060d400000|100%| E|CS|TAMS 0x000000060d000000, 0x000000060d000000| Complete 
|  53|0x000000060d400000, 0x000000060d800000, 0x000000060d800000|100%| E|CS|TAMS 0x000000060d400000, 0x000000060d400000| Complete 
|  54|0x000000060d800000, 0x000000060dc00000, 0x000000060dc00000|100%| E|CS|TAMS 0x000000060d800000, 0x000000060d800000| Complete 
|  55|0x000000060dc00000, 0x000000060e000000, 0x000000060e000000|100%| E|CS|TAMS 0x000000060dc00000, 0x000000060dc00000| Complete 
|  56|0x000000060e000000, 0x000000060e400000, 0x000000060e400000|100%| E|CS|TAMS 0x000000060e000000, 0x000000060e000000| Complete 
|  57|0x000000060e400000, 0x000000060e800000, 0x000000060e800000|100%| S|  |TAMS 0x000000060e400000, 0x000000060e400000| Complete 
|  58|0x000000060e800000, 0x000000060eba9820, 0x000000060ec00000| 91%| E|CS|TAMS 0x000000060e800000, 0x000000060e800000| Complete 
|  59|0x000000060ec00000, 0x000000060f000000, 0x000000060f000000|100%| E|CS|TAMS 0x000000060ec00000, 0x000000060ec00000| Complete 
|  60|0x000000060f000000, 0x000000060f400000, 0x000000060f400000|100%| E|CS|TAMS 0x000000060f000000, 0x000000060f000000| Complete 
|  61|0x000000060f400000, 0x000000060f800000, 0x000000060f800000|100%| E|CS|TAMS 0x000000060f400000, 0x000000060f400000| Complete 
|  62|0x000000060f800000, 0x000000060fc00000, 0x000000060fc00000|100%| E|CS|TAMS 0x000000060f800000, 0x000000060f800000| Complete 
|  63|0x000000060fc00000, 0x0000000610000000, 0x0000000610000000|100%| E|CS|TAMS 0x000000060fc00000, 0x000000060fc00000| Complete 
|  64|0x0000000610000000, 0x0000000610400000, 0x0000000610400000|100%| E|CS|TAMS 0x0000000610000000, 0x0000000610000000| Complete 
|  65|0x0000000610400000, 0x0000000610800000, 0x0000000610800000|100%| E|CS|TAMS 0x0000000610400000, 0x0000000610400000| Complete 
|  66|0x0000000610800000, 0x0000000610c00000, 0x0000000610c00000|100%| E|CS|TAMS 0x0000000610800000, 0x0000000610800000| Complete 
|  67|0x0000000610c00000, 0x0000000611000000, 0x0000000611000000|100%| E|CS|TAMS 0x0000000610c00000, 0x0000000610c00000| Complete 
|  68|0x0000000611000000, 0x0000000611400000, 0x0000000611400000|100%| E|CS|TAMS 0x0000000611000000, 0x0000000611000000| Complete 
|  69|0x0000000611400000, 0x0000000611800000, 0x0000000611800000|100%| E|CS|TAMS 0x0000000611400000, 0x0000000611400000| Complete 
|  70|0x0000000611800000, 0x0000000611c00000, 0x0000000611c00000|100%| E|CS|TAMS 0x0000000611800000, 0x0000000611800000| Complete 
|  71|0x0000000611c00000, 0x0000000612000000, 0x0000000612000000|100%| E|CS|TAMS 0x0000000611c00000, 0x0000000611c00000| Complete 
|  72|0x0000000612000000, 0x0000000612400000, 0x0000000612400000|100%| E|CS|TAMS 0x0000000612000000, 0x0000000612000000| Complete 
|  73|0x0000000612400000, 0x0000000612800000, 0x0000000612800000|100%| E|CS|TAMS 0x0000000612400000, 0x0000000612400000| Complete 
|  74|0x0000000612800000, 0x0000000612c00000, 0x0000000612c00000|100%| E|CS|TAMS 0x0000000612800000, 0x0000000612800000| Complete 
|  75|0x0000000612c00000, 0x0000000613000000, 0x0000000613000000|100%| E|CS|TAMS 0x0000000612c00000, 0x0000000612c00000| Complete 
|  76|0x0000000613000000, 0x0000000613400000, 0x0000000613400000|100%| E|CS|TAMS 0x0000000613000000, 0x0000000613000000| Complete 
|  77|0x0000000613400000, 0x0000000613800000, 0x0000000613800000|100%| E|CS|TAMS 0x0000000613400000, 0x0000000613400000| Complete 
|  78|0x0000000613800000, 0x0000000613c00000, 0x0000000613c00000|100%| E|CS|TAMS 0x0000000613800000, 0x0000000613800000| Complete 
|  79|0x0000000613c00000, 0x0000000614000000, 0x0000000614000000|100%| E|CS|TAMS 0x0000000613c00000, 0x0000000613c00000| Complete 
|  80|0x0000000614000000, 0x0000000614400000, 0x0000000614400000|100%| E|CS|TAMS 0x0000000614000000, 0x0000000614000000| Complete 
|  81|0x0000000614400000, 0x0000000614800000, 0x0000000614800000|100%| E|CS|TAMS 0x0000000614400000, 0x0000000614400000| Complete 
|  82|0x0000000614800000, 0x0000000614c00000, 0x0000000614c00000|100%| E|CS|TAMS 0x0000000614800000, 0x0000000614800000| Complete 
|  83|0x0000000614c00000, 0x0000000615000000, 0x0000000615000000|100%| E|CS|TAMS 0x0000000614c00000, 0x0000000614c00000| Complete 
|  84|0x0000000615000000, 0x0000000615400000, 0x0000000615400000|100%| E|CS|TAMS 0x0000000615000000, 0x0000000615000000| Complete 
|  85|0x0000000615400000, 0x0000000615800000, 0x0000000615800000|100%| E|CS|TAMS 0x0000000615400000, 0x0000000615400000| Complete 
|  86|0x0000000615800000, 0x0000000615c00000, 0x0000000615c00000|100%| E|CS|TAMS 0x0000000615800000, 0x0000000615800000| Complete 
|  87|0x0000000615c00000, 0x0000000616000000, 0x0000000616000000|100%| E|CS|TAMS 0x0000000615c00000, 0x0000000615c00000| Complete 
|  88|0x0000000616000000, 0x0000000616400000, 0x0000000616400000|100%| E|CS|TAMS 0x0000000616000000, 0x0000000616000000| Complete 
|  89|0x0000000616400000, 0x0000000616800000, 0x0000000616800000|100%| E|CS|TAMS 0x0000000616400000, 0x0000000616400000| Complete 
|  90|0x0000000616800000, 0x0000000616c00000, 0x0000000616c00000|100%| E|CS|TAMS 0x0000000616800000, 0x0000000616800000| Complete 
|  91|0x0000000616c00000, 0x0000000617000000, 0x0000000617000000|100%| E|CS|TAMS 0x0000000616c00000, 0x0000000616c00000| Complete 
|  92|0x0000000617000000, 0x0000000617400000, 0x0000000617400000|100%| E|CS|TAMS 0x0000000617000000, 0x0000000617000000| Complete 
|  93|0x0000000617400000, 0x0000000617800000, 0x0000000617800000|100%| E|CS|TAMS 0x0000000617400000, 0x0000000617400000| Complete 
|  94|0x0000000617800000, 0x0000000617c00000, 0x0000000617c00000|100%| E|CS|TAMS 0x0000000617800000, 0x0000000617800000| Complete 
|  95|0x0000000617c00000, 0x0000000618000000, 0x0000000618000000|100%| E|CS|TAMS 0x0000000617c00000, 0x0000000617c00000| Complete 
|  96|0x0000000618000000, 0x0000000618400000, 0x0000000618400000|100%| E|CS|TAMS 0x0000000618000000, 0x0000000618000000| Complete 
|  97|0x0000000618400000, 0x0000000618800000, 0x0000000618800000|100%| E|CS|TAMS 0x0000000618400000, 0x0000000618400000| Complete 
|  98|0x0000000618800000, 0x0000000618c00000, 0x0000000618c00000|100%| E|CS|TAMS 0x0000000618800000, 0x0000000618800000| Complete 
|  99|0x0000000618c00000, 0x0000000619000000, 0x0000000619000000|100%| E|CS|TAMS 0x0000000618c00000, 0x0000000618c00000| Complete 
| 100|0x0000000619000000, 0x0000000619400000, 0x0000000619400000|100%| E|CS|TAMS 0x0000000619000000, 0x0000000619000000| Complete 
| 101|0x0000000619400000, 0x0000000619800000, 0x0000000619800000|100%| E|CS|TAMS 0x0000000619400000, 0x0000000619400000| Complete 
| 102|0x0000000619800000, 0x0000000619c00000, 0x0000000619c00000|100%| E|CS|TAMS 0x0000000619800000, 0x0000000619800000| Complete 
| 103|0x0000000619c00000, 0x000000061a000000, 0x000000061a000000|100%| E|CS|TAMS 0x0000000619c00000, 0x0000000619c00000| Complete 
| 104|0x000000061a000000, 0x000000061a400000, 0x000000061a400000|100%| E|CS|TAMS 0x000000061a000000, 0x000000061a000000| Complete 
| 105|0x000000061a400000, 0x000000061a800000, 0x000000061a800000|100%| E|CS|TAMS 0x000000061a400000, 0x000000061a400000| Complete 
| 106|0x000000061a800000, 0x000000061ac00000, 0x000000061ac00000|100%| E|CS|TAMS 0x000000061a800000, 0x000000061a800000| Complete 
| 107|0x000000061ac00000, 0x000000061b000000, 0x000000061b000000|100%| E|CS|TAMS 0x000000061ac00000, 0x000000061ac00000| Complete 
| 108|0x000000061b000000, 0x000000061b400000, 0x000000061b400000|100%| E|CS|TAMS 0x000000061b000000, 0x000000061b000000| Complete 
| 109|0x000000061b400000, 0x000000061b800000, 0x000000061b800000|100%| E|CS|TAMS 0x000000061b400000, 0x000000061b400000| Complete 
| 110|0x000000061b800000, 0x000000061bc00000, 0x000000061bc00000|100%| E|CS|TAMS 0x000000061b800000, 0x000000061b800000| Complete 
| 111|0x000000061bc00000, 0x000000061c000000, 0x000000061c000000|100%| E|CS|TAMS 0x000000061bc00000, 0x000000061bc00000| Complete 
| 112|0x000000061c000000, 0x000000061c400000, 0x000000061c400000|100%| E|CS|TAMS 0x000000061c000000, 0x000000061c000000| Complete 
| 113|0x000000061c400000, 0x000000061c800000, 0x000000061c800000|100%| E|CS|TAMS 0x000000061c400000, 0x000000061c400000| Complete 
| 114|0x000000061c800000, 0x000000061cc00000, 0x000000061cc00000|100%| E|CS|TAMS 0x000000061c800000, 0x000000061c800000| Complete 
| 115|0x000000061cc00000, 0x000000061d000000, 0x000000061d000000|100%| E|CS|TAMS 0x000000061cc00000, 0x000000061cc00000| Complete 
| 116|0x000000061d000000, 0x000000061d400000, 0x000000061d400000|100%| E|CS|TAMS 0x000000061d000000, 0x000000061d000000| Complete 
| 117|0x000000061d400000, 0x000000061d800000, 0x000000061d800000|100%| E|CS|TAMS 0x000000061d400000, 0x000000061d400000| Complete 
| 118|0x000000061d800000, 0x000000061dc00000, 0x000000061dc00000|100%| E|CS|TAMS 0x000000061d800000, 0x000000061d800000| Complete 
| 119|0x000000061dc00000, 0x000000061e000000, 0x000000061e000000|100%| E|CS|TAMS 0x000000061dc00000, 0x000000061dc00000| Complete 
| 120|0x000000061e000000, 0x000000061e400000, 0x000000061e400000|100%| E|CS|TAMS 0x000000061e000000, 0x000000061e000000| Complete 
| 121|0x000000061e400000, 0x000000061e800000, 0x000000061e800000|100%| E|CS|TAMS 0x000000061e400000, 0x000000061e400000| Complete 
| 122|0x000000061e800000, 0x000000061ec00000, 0x000000061ec00000|100%| E|CS|TAMS 0x000000061e800000, 0x000000061e800000| Complete 
| 123|0x000000061ec00000, 0x000000061f000000, 0x000000061f000000|100%| E|CS|TAMS 0x000000061ec00000, 0x000000061ec00000| Complete 
| 124|0x000000061f000000, 0x000000061f400000, 0x000000061f400000|100%| E|CS|TAMS 0x000000061f000000, 0x000000061f000000| Complete 
| 125|0x000000061f400000, 0x000000061f800000, 0x000000061f800000|100%| E|CS|TAMS 0x000000061f400000, 0x000000061f400000| Complete 
| 126|0x000000061f800000, 0x000000061fc00000, 0x000000061fc00000|100%| E|CS|TAMS 0x000000061f800000, 0x000000061f800000| Complete 
| 127|0x000000061fc00000, 0x0000000620000000, 0x0000000620000000|100%| E|CS|TAMS 0x000000061fc00000, 0x000000061fc00000| Complete 
|2046|0x00000007ff800000, 0x00000007ffb76000, 0x00000007ffc00000| 86%|OA|  |TAMS 0x00000007ff800000, 0x00000007ff800000| Untracked 
|2047|0x00000007ffc00000, 0x00000007ffc7f000, 0x0000000800000000| 12%|CA|  |TAMS 0x00000007ffc00000, 0x00000007ffc00000| Untracked 

Card table byte_map: [0x000000012a246000,0x000000012b246000] _byte_map_base: 0x0000000127246000

Marking Bits (Prev, Next): (CMBitMap*) 0x00007ff64e807810, (CMBitMap*) 0x00007ff64e807850
 Prev Bits: [0x000000012c246000, 0x0000000134246000)
 Next Bits: [0x0000000134246000, 0x000000013c246000)

Polling page: 0x000000010ed78000

Metaspace:

Usage:
  Non-class:      8.55 MB used.
      Class:   1004.69 KB used.
       Both:      9.53 MB used.

Virtual space:
  Non-class space:       16.00 MB reserved,       8.69 MB ( 54%) committed,  2 nodes.
      Class space:        1.00 GB reserved,       1.06 MB ( <1%) committed,  1 nodes.
             Both:        1.02 GB reserved,       9.75 MB ( <1%) committed. 

Chunk freelists:
   Non-Class:  2.97 MB
       Class:  2.75 MB
        Both:  5.72 MB

MaxMetaspaceSize: unlimited
CompressedClassSpaceSize: 1.00 GB
Initial GC threshold: 21.00 MB
Current GC threshold: 21.00 MB
CDS: on
MetaspaceReclaimPolicy: balanced
 - commit_granule_bytes: 65536.
 - commit_granule_words: 8192.
 - virtual_space_node_default_size: 1048576.
 - enlarge_chunks_in_place: 1.
 - new_chunks_are_fully_committed: 0.
 - uncommit_free_chunks: 1.
 - use_allocation_guard: 0.
 - handle_deallocations: 1.


Internal statistics:

num_allocs_failed_limit: 0.
num_arena_births: 166.
num_arena_deaths: 0.
num_vsnodes_births: 3.
num_vsnodes_deaths: 0.
num_space_committed: 156.
num_space_uncommitted: 0.
num_chunks_returned_to_freelist: 0.
num_chunks_taken_from_freelist: 253.
num_chunk_merges: 0.
num_chunk_splits: 156.
num_chunks_enlarged: 89.
num_purges: 0.
num_inconsistent_stats: 0.

CodeHeap 'non-profiled nmethods': size=120028Kb used=1479Kb max_used=1479Kb free=118548Kb
 bounds [0x0000000122d0f000, 0x0000000122f7f000, 0x000000012a246000]
CodeHeap 'profiled nmethods': size=120028Kb used=4144Kb max_used=4144Kb free=115884Kb
 bounds [0x000000011b7d8000, 0x000000011bbe8000, 0x0000000122d0f000]
CodeHeap 'non-nmethods': size=5704Kb used=1359Kb max_used=1461Kb free=4344Kb
 bounds [0x000000011b246000, 0x000000011b4b6000, 0x000000011b7d8000]
 total_blobs=2792 nmethods=2150 adapters=556
 compilation: enabled
              stopped_count=0, restarted_count=0
 full_count=0

Compilation events (20 events):
Event: 20.444 Thread 0x00007ff64f851400 2142       4       sun.awt.geom.AreaOp::finalizeSubCurves (92 bytes)
Event: 20.459 Thread 0x00007ff64f851400 nmethod 2142 0x0000000122e7bc90 code [0x0000000122e7be60, 0x0000000122e7d398]
Event: 20.459 Thread 0x00007ff64f851400 2141       4       sun.awt.geom.CurveLink::<init> (73 bytes)
Event: 20.460 Thread 0x00007ff64f851400 nmethod 2141 0x0000000122e7db10 code [0x0000000122e7dca0, 0x0000000122e7df38]
Event: 20.806 Thread 0x00007ff64f851400 2143       4       sun.java2d.pipe.Region::getInstanceXYWH (16 bytes)
Event: 20.807 Thread 0x00007ff64f851400 nmethod 2143 0x0000000122e7e090 code [0x0000000122e7e220, 0x0000000122e7e3d8]
Event: 20.855 Thread 0x00007ff64f851400 2144       4       sun.java2d.pipe.Region::getIntersectionXYXY (108 bytes)
Event: 20.857 Thread 0x00007ff64f851400 nmethod 2144 0x0000000122e7e590 code [0x0000000122e7e720, 0x0000000122e7e9d8]
Event: 20.954 Thread 0x00007ff64f851400 2145       4       sun.java2d.SunGraphics2D::invalidateTransform (226 bytes)
Event: 20.958 Thread 0x00007ff64f851400 nmethod 2145 0x0000000122e7ec90 code [0x0000000122e7ee40, 0x0000000122e7f6f8]
Event: 20.964 Thread 0x00007ff64f854800 2146       3       java.lang.String::checkIndex (48 bytes)
Event: 20.965 Thread 0x00007ff64f854800 nmethod 2146 0x000000011bbe3310 code [0x000000011bbe3580, 0x000000011bbe3cf0]
Event: 20.970 Thread 0x00007ff64f851400 2147       4       java.util.concurrent.locks.AbstractQueuedSynchronizer$Node::setPrevRelaxed (12 bytes)
Event: 20.971 Thread 0x00007ff64f851400 nmethod 2147 0x0000000122e7f910 code [0x0000000122e7fa80, 0x0000000122e7fbf8]
Event: 20.971 Thread 0x00007ff64f851400 2149       4       jdk.internal.misc.Unsafe::putIntOpaque (9 bytes)
Event: 20.971 Thread 0x00007ff64f851400 nmethod 2149 0x0000000122e7fc90 code [0x0000000122e7fe00, 0x0000000122e7fe98]
Event: 20.971 Thread 0x00007ff64f851400 2148       4       java.util.concurrent.locks.AbstractQueuedSynchronizer::casTail (13 bytes)
Event: 20.971 Thread 0x00007ff64f851400 nmethod 2148 0x0000000122e7ff90 code [0x0000000122e80100, 0x0000000122e80278]
Event: 20.988 Thread 0x00007ff64f851400 2150       4       sun.java2d.SunGraphics2D::validateBasicStroke (332 bytes)
Event: 20.990 Thread 0x00007ff64f851400 nmethod 2150 0x0000000122e80310 code [0x0000000122e80500, 0x0000000122e808a8]

GC Heap History (20 events):
Event: 9.671 GC heap after
{Heap after GC invocations=8 (full 0):
 garbage-first heap   total 532480K, used 29457K [0x0000000600000000, 0x0000000800000000)
  region size 4096K, 4 young (16384K), 4 survivors (16384K)
 Metaspace       used 9526K, committed 9728K, reserved 1064960K
  class space    used 1004K, committed 1088K, reserved 1048576K
}
Event: 10.836 GC heap before
{Heap before GC invocations=8 (full 0):
 garbage-first heap   total 532480K, used 320273K [0x0000000600000000, 0x0000000800000000)
  region size 4096K, 76 young (311296K), 4 survivors (16384K)
 Metaspace       used 9569K, committed 9792K, reserved 1064960K
  class space    used 1004K, committed 1088K, reserved 1048576K
}
Event: 10.838 GC heap after
{Heap after GC invocations=9 (full 0):
 garbage-first heap   total 532480K, used 30116K [0x0000000600000000, 0x0000000800000000)
  region size 4096K, 4 young (16384K), 4 survivors (16384K)
 Metaspace       used 9569K, committed 9792K, reserved 1064960K
  class space    used 1004K, committed 1088K, reserved 1048576K
}
Event: 12.000 GC heap before
{Heap before GC invocations=9 (full 0):
 garbage-first heap   total 532480K, used 320932K [0x0000000600000000, 0x0000000800000000)
  region size 4096K, 76 young (311296K), 4 survivors (16384K)
 Metaspace       used 9582K, committed 9792K, reserved 1064960K
  class space    used 1004K, committed 1088K, reserved 1048576K
}
Event: 12.003 GC heap after
{Heap after GC invocations=10 (full 0):
 garbage-first heap   total 532480K, used 31357K [0x0000000600000000, 0x0000000800000000)
  region size 4096K, 4 young (16384K), 4 survivors (16384K)
 Metaspace       used 9582K, committed 9792K, reserved 1064960K
  class space    used 1004K, committed 1088K, reserved 1048576K
}
Event: 13.164 GC heap before
{Heap before GC invocations=10 (full 0):
 garbage-first heap   total 532480K, used 322173K [0x0000000600000000, 0x0000000800000000)
  region size 4096K, 76 young (311296K), 4 survivors (16384K)
 Metaspace       used 9621K, committed 9856K, reserved 1064960K
  class space    used 1004K, committed 1088K, reserved 1048576K
}
Event: 13.167 GC heap after
{Heap after GC invocations=11 (full 0):
 garbage-first heap   total 532480K, used 30876K [0x0000000600000000, 0x0000000800000000)
  region size 4096K, 4 young (16384K), 4 survivors (16384K)
 Metaspace       used 9621K, committed 9856K, reserved 1064960K
  class space    used 1004K, committed 1088K, reserved 1048576K
}
Event: 14.328 GC heap before
{Heap before GC invocations=11 (full 0):
 garbage-first heap   total 532480K, used 321692K [0x0000000600000000, 0x0000000800000000)
  region size 4096K, 76 young (311296K), 4 survivors (16384K)
 Metaspace       used 9631K, committed 9856K, reserved 1064960K
  class space    used 1004K, committed 1088K, reserved 1048576K
}
Event: 14.330 GC heap after
{Heap after GC invocations=12 (full 0):
 garbage-first heap   total 532480K, used 30737K [0x0000000600000000, 0x0000000800000000)
  region size 4096K, 4 young (16384K), 4 survivors (16384K)
 Metaspace       used 9631K, committed 9856K, reserved 1064960K
  class space    used 1004K, committed 1088K, reserved 1048576K
}
Event: 15.492 GC heap before
{Heap before GC invocations=12 (full 0):
 garbage-first heap   total 532480K, used 321553K [0x0000000600000000, 0x0000000800000000)
  region size 4096K, 76 young (311296K), 4 survivors (16384K)
 Metaspace       used 9646K, committed 9856K, reserved 1064960K
  class space    used 1004K, committed 1088K, reserved 1048576K
}
Event: 15.494 GC heap after
{Heap after GC invocations=13 (full 0):
 garbage-first heap   total 532480K, used 29901K [0x0000000600000000, 0x0000000800000000)
  region size 4096K, 4 young (16384K), 4 survivors (16384K)
 Metaspace       used 9646K, committed 9856K, reserved 1064960K
  class space    used 1004K, committed 1088K, reserved 1048576K
}
Event: 16.646 GC heap before
{Heap before GC invocations=13 (full 0):
 garbage-first heap   total 532480K, used 320717K [0x0000000600000000, 0x0000000800000000)
  region size 4096K, 76 young (311296K), 4 survivors (16384K)
 Metaspace       used 9674K, committed 9856K, reserved 1064960K
  class space    used 1004K, committed 1088K, reserved 1048576K
}
Event: 16.649 GC heap after
{Heap after GC invocations=14 (full 0):
 garbage-first heap   total 532480K, used 35162K [0x0000000600000000, 0x0000000800000000)
  region size 4096K, 5 young (20480K), 5 survivors (20480K)
 Metaspace       used 9674K, committed 9856K, reserved 1064960K
  class space    used 1004K, committed 1088K, reserved 1048576K
}
Event: 17.788 GC heap before
{Heap before GC invocations=14 (full 0):
 garbage-first heap   total 532480K, used 321882K [0x0000000600000000, 0x0000000800000000)
  region size 4096K, 76 young (311296K), 5 survivors (20480K)
 Metaspace       used 9716K, committed 9920K, reserved 1064960K
  class space    used 1004K, committed 1088K, reserved 1048576K
}
Event: 17.790 GC heap after
{Heap after GC invocations=15 (full 0):
 garbage-first heap   total 532480K, used 34896K [0x0000000600000000, 0x0000000800000000)
  region size 4096K, 5 young (20480K), 5 survivors (20480K)
 Metaspace       used 9716K, committed 9920K, reserved 1064960K
  class space    used 1004K, committed 1088K, reserved 1048576K
}
Event: 18.935 GC heap before
{Heap before GC invocations=15 (full 0):
 garbage-first heap   total 532480K, used 321616K [0x0000000600000000, 0x0000000800000000)
  region size 4096K, 76 young (311296K), 5 survivors (20480K)
 Metaspace       used 9761K, committed 9984K, reserved 1064960K
  class space    used 1004K, committed 1088K, reserved 1048576K
}
Event: 18.938 GC heap after
{Heap after GC invocations=16 (full 0):
 garbage-first heap   total 532480K, used 34936K [0x0000000600000000, 0x0000000800000000)
  region size 4096K, 5 young (20480K), 5 survivors (20480K)
 Metaspace       used 9761K, committed 9984K, reserved 1064960K
  class space    used 1004K, committed 1088K, reserved 1048576K
}
Event: 20.083 GC heap before
{Heap before GC invocations=16 (full 0):
 garbage-first heap   total 532480K, used 321656K [0x0000000600000000, 0x0000000800000000)
  region size 4096K, 76 young (311296K), 5 survivors (20480K)
 Metaspace       used 9762K, committed 9984K, reserved 1064960K
  class space    used 1004K, committed 1088K, reserved 1048576K
}
Event: 20.086 GC heap after
{Heap after GC invocations=17 (full 0):
 garbage-first heap   total 532480K, used 36882K [0x0000000600000000, 0x0000000800000000)
  region size 4096K, 6 young (24576K), 6 survivors (24576K)
 Metaspace       used 9762K, committed 9984K, reserved 1064960K
  class space    used 1004K, committed 1088K, reserved 1048576K
}
Event: 21.214 GC heap before
{Heap before GC invocations=17 (full 0):
 garbage-first heap   total 532480K, used 319506K [0x0000000600000000, 0x0000000800000000)
  region size 4096K, 76 young (311296K), 6 survivors (24576K)
 Metaspace       used 9762K, committed 9984K, reserved 1064960K
  class space    used 1004K, committed 1088K, reserved 1048576K
}

Deoptimization events (20 events):
Event: 11.295 Thread 0x00007ff64d800a00 DEOPT PACKING pc=0x0000000122deb170 sp=0x000070000a3334c0
Event: 11.295 Thread 0x00007ff64d800a00 DEOPT UNPACKING pc=0x000000011b298099 sp=0x000070000a3333b0 mode 2
Event: 12.740 Thread 0x00007ff6580e6e00 DEOPT PACKING pc=0x000000011ba13fa5 sp=0x000070000a230310
Event: 12.740 Thread 0x00007ff6580e6e00 DEOPT UNPACKING pc=0x000000011b29882f sp=0x000070000a22f7c0 mode 0
Event: 15.815 Thread 0x00007ff64d800a00 Uncommon trap: trap_request=0xffffff45 fr.pc=0x0000000122da4398 relative=0x00000000000028f8
Event: 15.815 Thread 0x00007ff64d800a00 Uncommon trap: reason=unstable_if action=reinterpret pc=0x0000000122da4398 method=sun.java2d.loops.GraphicsPrimitive.convertFrom(Lsun/java2d/loops/Blit;Lsun/java2d/SurfaceData;IIIILsun/java2d/SurfaceData;I)Lsun/java2d/SurfaceData; @ 29 c2
Event: 15.815 Thread 0x00007ff64d800a00 DEOPT PACKING pc=0x0000000122da4398 sp=0x000070000a332f80
Event: 15.815 Thread 0x00007ff64d800a00 DEOPT UNPACKING pc=0x000000011b298099 sp=0x000070000a332cc0 mode 2
Event: 15.824 Thread 0x00007ff64d800a00 Uncommon trap: trap_request=0xffffff45 fr.pc=0x0000000122dab930 relative=0x0000000000001c90
Event: 15.824 Thread 0x00007ff64d800a00 Uncommon trap: reason=unstable_if action=reinterpret pc=0x0000000122dab930 method=sun.java2d.loops.GraphicsPrimitive.convertFrom(Lsun/java2d/loops/Blit;Lsun/java2d/SurfaceData;IIIILsun/java2d/SurfaceData;I)Lsun/java2d/SurfaceData; @ 19 c2
Event: 15.824 Thread 0x00007ff64d800a00 DEOPT PACKING pc=0x0000000122dab930 sp=0x000070000a333480
Event: 15.824 Thread 0x00007ff64d800a00 DEOPT UNPACKING pc=0x000000011b298099 sp=0x000070000a333268 mode 2
Event: 17.902 Thread 0x00007ff64d800a00 Uncommon trap: trap_request=0xffffff45 fr.pc=0x0000000122e04484 relative=0x0000000000003c04
Event: 17.902 Thread 0x00007ff64d800a00 Uncommon trap: reason=unstable_if action=reinterpret pc=0x0000000122e04484 method=sun.awt.geom.Edge.compareTo(Lsun/awt/geom/Edge;[D)I @ 16 c2
Event: 17.902 Thread 0x00007ff64d800a00 DEOPT PACKING pc=0x0000000122e04484 sp=0x000070000a3334e0
Event: 17.902 Thread 0x00007ff64d800a00 DEOPT UNPACKING pc=0x000000011b298099 sp=0x000070000a333430 mode 2
Event: 17.902 Thread 0x00007ff64d800a00 Uncommon trap: trap_request=0xffffff45 fr.pc=0x0000000122dfe050 relative=0x0000000000000190
Event: 17.902 Thread 0x00007ff64d800a00 Uncommon trap: reason=unstable_if action=reinterpret pc=0x0000000122dfe050 method=sun.awt.geom.Edge.compareTo(Lsun/awt/geom/Edge;[D)I @ 16 c2
Event: 17.902 Thread 0x00007ff64d800a00 DEOPT PACKING pc=0x0000000122dfe050 sp=0x000070000a333440
Event: 17.902 Thread 0x00007ff64d800a00 DEOPT UNPACKING pc=0x000000011b298099 sp=0x000070000a333418 mode 2

Classes unloaded (0 events):
No events

Classes redefined (0 events):
No events

Internal exceptions (20 events):
Event: 0.460 Thread 0x00007ff64e807200 Exception <a 'java/lang/NoSuchMethodError'{0x000000061feda9d0}: 'java.lang.Object java.lang.invoke.DirectMethodHandle$Holder.invokeStaticInit(java.lang.Object)'> (0x000000061feda9d0) 
thrown [src/hotspot/share/interpreter/linkResolver.cpp, line 759]
Event: 0.464 Thread 0x00007ff64e807200 Exception <a 'java/lang/ClassNotFoundException'{0x000000061fee4668}: sun/awt/resources/spi/awtosxProvider> (0x000000061fee4668) 
thrown [src/hotspot/share/classfile/systemDictionary.cpp, line 256]
Event: 1.994 Thread 0x00007ff64d097400 Exception <a 'java/lang/NoSuchMethodError'{0x000000061f91bf30}: 'void java.lang.invoke.DirectMethodHandle$Holder.invokeStatic(java.lang.Object, java.lang.Object)'> (0x000000061f91bf30) 
thrown [src/hotspot/share/interpreter/linkResolver.cpp, line 759]
Event: 3.256 Thread 0x00007ff64d097400 Exception <a 'java/lang/NoSuchMethodError'{0x000000061f9d9c40}: 'void java.lang.invoke.DirectMethodHandle$Holder.invokeSpecial(java.lang.Object, java.lang.Object, java.lang.Object)'> (0x000000061f9d9c40) 
thrown [src/hotspot/share/interpreter/linkResolver.cpp, line 759]
Event: 3.266 Thread 0x00007ff64d097400 Exception <a 'java/lang/NoSuchMethodError'{0x000000061fb0e258}: 'void java.lang.invoke.DirectMethodHandle$Holder.invokeStaticInit(java.lang.Object)'> (0x000000061fb0e258) 
thrown [src/hotspot/share/interpreter/linkResolver.cpp, line 759]
Event: 3.275 Thread 0x00007ff64d097400 Exception <a 'java/lang/NoSuchMethodError'{0x000000061fb31060}: 'java.lang.Object java.lang.invoke.DirectMethodHandle$Holder.newInvokeSpecial(java.lang.Object, java.lang.Object, java.lang.Object, java.lang.Object, java.lang.Object)'> (0x000000061fb31060) 
thrown [src/hotspot/share/interpreter/linkResolver.cpp, line 759]
Event: 3.277 Thread 0x00007ff64d097400 Exception <a 'java/lang/NoSuchMethodError'{0x000000061fb3ca28}: 'java.lang.Object java.lang.invoke.DirectMethodHandle$Holder.invokeStatic(java.lang.Object, int, java.lang.Object, java.lang.Object, java.lang.Object, java.lang.Object)'> (0x000000061fb3ca28) 
thrown [src/hotspot/share/interpreter/linkResolver.cpp, line 759]
Event: 3.280 Thread 0x00007ff64d097400 Exception <a 'java/lang/NoSuchMethodError'{0x000000061fb62118}: 'java.lang.Object java.lang.invoke.DirectMethodHandle$Holder.invokeStatic(java.lang.Object, int, java.lang.Object)'> (0x000000061fb62118) 
thrown [src/hotspot/share/interpreter/linkResolver.cpp, line 759]
Event: 3.284 Thread 0x00007ff64d097400 Exception <a 'java/lang/ClassNotFoundException'{0x000000061fb92ce8}: com/apple/laf/resources/spi/aquaProvider> (0x000000061fb92ce8) 
thrown [src/hotspot/share/classfile/systemDictionary.cpp, line 256]
Event: 3.307 Thread 0x00007ff64d097400 Exception <a 'java/lang/ClassNotFoundException'{0x000000061f401f50}: com/sun/swing/internal/plaf/basic/resources/spi/basicProvider> (0x000000061f401f50) 
thrown [src/hotspot/share/classfile/systemDictionary.cpp, line 256]
Event: 3.401 Thread 0x00007ff64d097400 Exception <a 'java/lang/NoSuchMethodError'{0x000000061f316fd8}: 'java.lang.Object java.lang.invoke.DirectMethodHandle$Holder.newInvokeSpecial(java.lang.Object, java.lang.Object, java.lang.Object, int, java.lang.Object)'> (0x000000061f316fd8) 
thrown [src/hotspot/share/interpreter/linkResolver.cpp, line 759]
Event: 3.401 Thread 0x00007ff64d097400 Exception <a 'java/lang/NoSuchMethodError'{0x000000061f31eb98}: 'java.lang.Object java.lang.invoke.Invokers$Holder.linkToTargetMethod(java.lang.Object, java.lang.Object, int, java.lang.Object, java.lang.Object)'> (0x000000061f31eb98) 
thrown [src/hotspot/share/interpreter/linkResolver.cpp, line 759]
Event: 3.420 Thread 0x00007ff64d097400 Exception <a 'java/lang/NoSuchMethodError'{0x000000061f32ffb8}: 'java.lang.Object java.lang.invoke.Invokers$Holder.linkToTargetMethod(int, int, int, int, java.lang.Object)'> (0x000000061f32ffb8) 
thrown [src/hotspot/share/interpreter/linkResolver.cpp, line 759]
Event: 3.422 Thread 0x00007ff64d097400 Exception <a 'java/lang/NoSuchMethodError'{0x000000061f333d48}: 'void java.lang.invoke.DirectMethodHandle$Holder.invokeStatic(java.lang.Object, java.lang.Object, long)'> (0x000000061f333d48) 
thrown [src/hotspot/share/interpreter/linkResolver.cpp, line 759]
Event: 3.432 Thread 0x00007ff65886a000 Exception <a 'java/lang/NoSuchMethodError'{0x000000061ffe32d0}: 'void java.lang.invoke.DirectMethodHandle$Holder.invokeSpecial(java.lang.Object, java.lang.Object, long)'> (0x000000061ffe32d0) 
thrown [src/hotspot/share/interpreter/linkResolver.cpp, line 759]
Event: 3.465 Thread 0x00007ff64d097400 Exception <a 'java/lang/NoSuchMethodError'{0x000000061f34b070}: 'void java.lang.invoke.DirectMethodHandle$Holder.invokeStatic(java.lang.Object, long, long)'> (0x000000061f34b070) 
thrown [src/hotspot/share/interpreter/linkResolver.cpp, line 759]
Event: 3.466 Thread 0x00007ff64d097400 Exception <a 'java/lang/NoSuchMethodError'{0x000000061edd6368}: 'java.lang.Object java.lang.invoke.DirectMethodHandle$Holder.newInvokeSpecial(java.lang.Object, long)'> (0x000000061edd6368) 
thrown [src/hotspot/share/interpreter/linkResolver.cpp, line 759]
Event: 3.468 Thread 0x00007ff64d097400 Exception <a 'java/lang/NoSuchMethodError'{0x000000061ede4b78}: 'java.lang.Object java.lang.invoke.DirectMethodHandle$Holder.newInvokeSpecial(java.lang.Object, java.lang.Object, int)'> (0x000000061ede4b78) 
thrown [src/hotspot/share/interpreter/linkResolver.cpp, line 759]
Event: 3.471 Thread 0x00007ff65886a000 Exception <a 'java/lang/NoSuchMethodError'{0x000000061fff0168}: 'void java.lang.invoke.DirectMethodHandle$Holder.invokeStatic(java.lang.Object, long)'> (0x000000061fff0168) 
thrown [src/hotspot/share/interpreter/linkResolver.cpp, line 759]
Event: 3.509 Thread 0x00007ff6580e6e00 Exception <a 'java/lang/NoSuchMethodError'{0x000000061fddeaf8}: 'int java.lang.invoke.DirectMethodHandle$Holder.invokeSpecial(java.lang.Object, java.lang.Object, java.lang.Object)'> (0x000000061fddeaf8) 
thrown [src/hotspot/share/interpreter/linkResolver.cpp, line 759]

VM Operations (20 events):
Event: 15.333 Executing VM operation: Cleanup done
Event: 15.492 Executing VM operation: G1CollectForAllocation
Event: 15.494 Executing VM operation: G1CollectForAllocation done
Event: 16.496 Executing VM operation: Cleanup
Event: 16.496 Executing VM operation: Cleanup done
Event: 16.646 Executing VM operation: G1CollectForAllocation
Event: 16.649 Executing VM operation: G1CollectForAllocation done
Event: 17.649 Executing VM operation: Cleanup
Event: 17.649 Executing VM operation: Cleanup done
Event: 17.787 Executing VM operation: G1CollectForAllocation
Event: 17.790 Executing VM operation: G1CollectForAllocation done
Event: 18.791 Executing VM operation: Cleanup
Event: 18.791 Executing VM operation: Cleanup done
Event: 18.935 Executing VM operation: G1CollectForAllocation
Event: 18.938 Executing VM operation: G1CollectForAllocation done
Event: 19.940 Executing VM operation: Cleanup
Event: 19.940 Executing VM operation: Cleanup done
Event: 20.083 Executing VM operation: G1CollectForAllocation
Event: 20.086 Executing VM operation: G1CollectForAllocation done
Event: 21.214 Executing VM operation: G1CollectForAllocation

Events (20 events):
Event: 5.586 loading class sun/awt/geom/Order1
Event: 5.586 loading class sun/awt/geom/Order1 done
Event: 5.586 loading class sun/awt/geom/AreaOp$NZWindOp
Event: 5.587 loading class sun/awt/geom/AreaOp
Event: 5.587 loading class sun/awt/geom/AreaOp done
Event: 5.587 loading class sun/awt/geom/AreaOp$NZWindOp done
Event: 5.587 loading class sun/awt/geom/AreaOp$1
Event: 5.587 loading class sun/awt/geom/AreaOp$1 done
Event: 5.587 loading class sun/awt/geom/CurveLink
Event: 5.587 loading class sun/awt/geom/CurveLink done
Event: 5.587 loading class sun/awt/geom/ChainEnd
Event: 5.587 loading class sun/awt/geom/ChainEnd done
Event: 5.587 loading class java/util/Vector$1
Event: 5.587 loading class java/util/Vector$1 done
Event: 5.587 loading class sun/awt/geom/Edge
Event: 5.587 loading class sun/awt/geom/Edge done
Event: 5.587 loading class sun/awt/geom/AreaOp$IntOp
Event: 5.587 loading class sun/awt/geom/AreaOp$CAGOp
Event: 5.587 loading class sun/awt/geom/AreaOp$CAGOp done
Event: 5.587 loading class sun/awt/geom/AreaOp$IntOp done


Dynamic libraries:
0x00007fff6cab9000 	/usr/lib/libz.1.dylib
0x000000010ed36000 	/Applications/BlueJ.app/Contents/PlugIns/x64/Contents/Home/lib/libjli.dylib
0x00007fff40be9000 	/System/Library/Frameworks/Cocoa.framework/Versions/A/Cocoa
0x00007fff4c9b9000 	/System/Library/Frameworks/Security.framework/Versions/A/Security
0x00007fff3f87b000 	/System/Library/Frameworks/ApplicationServices.framework/Versions/A/ApplicationServices
0x00007fff6a40f000 	/usr/lib/libSystem.B.dylib
0x00007fff6d2af000 	/usr/lib/system/libcache.dylib
0x00007fff6d2b4000 	/usr/lib/system/libcommonCrypto.dylib
0x00007fff6d2bf000 	/usr/lib/system/libcompiler_rt.dylib
0x00007fff6d2c7000 	/usr/lib/system/libcopyfile.dylib
0x00007fff6d2d1000 	/usr/lib/system/libcorecrypto.dylib
0x00007fff6d3dd000 	/usr/lib/system/libdispatch.dylib
0x00007fff6d417000 	/usr/lib/system/libdyld.dylib
0x00007fff6d444000 	/usr/lib/system/libkeymgr.dylib
0x00007fff6d452000 	/usr/lib/system/liblaunch.dylib
0x00007fff6d453000 	/usr/lib/system/libmacho.dylib
0x00007fff6d459000 	/usr/lib/system/libquarantine.dylib
0x00007fff6d45c000 	/usr/lib/system/libremovefile.dylib
0x00007fff6d45e000 	/usr/lib/system/libsystem_asl.dylib
0x00007fff6d476000 	/usr/lib/system/libsystem_blocks.dylib
0x00007fff6d477000 	/usr/lib/system/libsystem_c.dylib
0x00007fff6d4ff000 	/usr/lib/system/libsystem_configuration.dylib
0x00007fff6d503000 	/usr/lib/system/libsystem_coreservices.dylib
0x00007fff6d507000 	/usr/lib/system/libsystem_darwin.dylib
0x00007fff6d50e000 	/usr/lib/system/libsystem_dnssd.dylib
0x00007fff6d515000 	/usr/lib/system/libsystem_info.dylib
0x00007fff6d58a000 	/usr/lib/system/libsystem_m.dylib
0x00007fff6d5d6000 	/usr/lib/system/libsystem_malloc.dylib
0x00007fff6d601000 	/usr/lib/system/libsystem_networkextension.dylib
0x00007fff6d60c000 	/usr/lib/system/libsystem_notify.dylib
0x00007fff6d629000 	/usr/lib/system/libsystem_sandbox.dylib
0x00007fff6d62d000 	/usr/lib/system/libsystem_secinit.dylib
0x00007fff6d561000 	/usr/lib/system/libsystem_kernel.dylib
0x00007fff6d614000 	/usr/lib/system/libsystem_platform.dylib
0x00007fff6d61e000 	/usr/lib/system/libsystem_pthread.dylib
0x00007fff6d630000 	/usr/lib/system/libsystem_symptoms.dylib
0x00007fff6d638000 	/usr/lib/system/libsystem_trace.dylib
0x00007fff6d64f000 	/usr/lib/system/libunwind.dylib
0x00007fff6d655000 	/usr/lib/system/libxpc.dylib
0x00007fff6bc49000 	/usr/lib/libobjc.A.dylib
0x00007fff6a6a8000 	/usr/lib/libc++abi.dylib
0x00007fff6a654000 	/usr/lib/libc++.1.dylib
0x00007fff4145e000 	/System/Library/Frameworks/CoreFoundation.framework/Versions/A/CoreFoundation
0x00007fff436e6000 	/System/Library/Frameworks/Foundation.framework/Versions/C/Foundation
0x00007fff3ea74000 	/System/Library/Frameworks/AppKit.framework/Versions/C/AppKit
0x00007fff40fe7000 	/System/Library/Frameworks/CoreData.framework/Versions/A/CoreData
0x00007fff63ed4000 	/System/Library/PrivateFrameworks/RemoteViewServices.framework/Versions/A/RemoteViewServices
0x00007fff6814b000 	/System/Library/PrivateFrameworks/UIFoundation.framework/Versions/A/UIFoundation
0x00007fff69830000 	/System/Library/PrivateFrameworks/XCTTargetBootstrap.framework/Versions/A/XCTTargetBootstrap
0x00007fff4136d000 	/System/Library/Frameworks/CoreDisplay.framework/Versions/A/CoreDisplay
0x00007fff5ec0a000 	/System/Library/PrivateFrameworks/IconServices.framework/Versions/A/IconServices
0x00007fff4601d000 	/System/Library/Frameworks/Metal.framework/Versions/A/Metal
0x00007fff56148000 	/System/Library/PrivateFrameworks/DesktopServicesPriv.framework/Versions/A/DesktopServicesPriv
0x00007fff6afac000 	/usr/lib/libenergytrace.dylib
0x00007fff66633000 	/System/Library/PrivateFrameworks/SkyLight.framework/Versions/A/SkyLight
0x00007fff418a6000 	/System/Library/Frameworks/CoreGraphics.framework/Versions/A/CoreGraphics
0x00007fff3d840000 	/System/Library/Frameworks/Accelerate.framework/Versions/A/Accelerate
0x00007fff43e30000 	/System/Library/Frameworks/IOSurface.framework/Versions/A/IOSurface
0x00007fff55fb4000 	/System/Library/PrivateFrameworks/DFRFoundation.framework/Versions/A/DFRFoundation
0x00007fff3fd5e000 	/System/Library/Frameworks/AudioToolbox.framework/Versions/A/AudioToolbox
0x00007fff3ffd7000 	/System/Library/Frameworks/AudioUnit.framework/Versions/A/AudioUnit
0x00007fff56049000 	/System/Library/PrivateFrameworks/DataDetectorsCore.framework/Versions/A/DataDetectorsCore
0x00007fff406ec000 	/System/Library/Frameworks/Carbon.framework/Versions/A/Frameworks/HIToolbox.framework/Versions/A/HIToolbox
0x00007fff6b105000 	/usr/lib/libicucore.A.dylib
0x00007fff4bf2a000 	/System/Library/Frameworks/QuartzCore.framework/Versions/A/QuartzCore
0x00007fff40ac1000 	/System/Library/Frameworks/Carbon.framework/Versions/A/Frameworks/SpeechRecognition.framework/Versions/A/SpeechRecognition
0x00007fff6a563000 	/usr/lib/libauto.dylib
0x00007fff6c9ac000 	/usr/lib/libxml2.2.dylib
0x00007fff55b8f000 	/System/Library/PrivateFrameworks/CoreUI.framework/Versions/A/CoreUI
0x00007fff40ed2000 	/System/Library/Frameworks/CoreAudio.framework/Versions/A/CoreAudio
0x00007fff4351a000 	/System/Library/Frameworks/DiskArbitration.framework/Versions/A/DiskArbitration
0x00007fff6b3b3000 	/usr/lib/liblangid.dylib
0x00007fff60016000 	/System/Library/PrivateFrameworks/MultitouchSupport.framework/Versions/A/MultitouchSupport
0x00007fff43d9f000 	/System/Library/Frameworks/IOKit.framework/Versions/A/IOKit
0x00007fff69fcf000 	/usr/lib/libDiagnosticMessagesClient.dylib
0x00007fff426b6000 	/System/Library/Frameworks/CoreServices.framework/Versions/A/CoreServices
0x00007fff61cd3000 	/System/Library/PrivateFrameworks/PerformanceAnalysis.framework/Versions/A/PerformanceAnalysis
0x00007fff4b111000 	/System/Library/Frameworks/OpenGL.framework/Versions/A/OpenGL
0x00007fff40bf7000 	/System/Library/Frameworks/ColorSync.framework/Versions/A/ColorSync
0x00007fff41f38000 	/System/Library/Frameworks/CoreImage.framework/Versions/A/CoreImage
0x00007fff4308e000 	/System/Library/Frameworks/CoreText.framework/Versions/A/CoreText
0x00007fff43e93000 	/System/Library/Frameworks/ImageIO.framework/Versions/A/ImageIO
0x00007fff521df000 	/System/Library/PrivateFrameworks/Backup.framework/Versions/A/Backup
0x00007fff6a4b6000 	/usr/lib/libarchive.2.dylib
0x00007fff40330000 	/System/Library/Frameworks/CFNetwork.framework/Versions/A/CFNetwork
0x00007fff4d116000 	/System/Library/Frameworks/SystemConfiguration.framework/Versions/A/SystemConfiguration
0x00007fff69f00000 	/usr/lib/libCRFSuite.dylib
0x00007fff6a635000 	/usr/lib/libbsm.0.dylib
0x00007fff6d445000 	/usr/lib/system/libkxld.dylib
0x00007fff515cf000 	/System/Library/PrivateFrameworks/AppleFSCompression.framework/Versions/A/AppleFSCompression
0x00007fff6a2cf000 	/usr/lib/libOpenScriptingUtil.dylib
0x00007fff6a95d000 	/usr/lib/libcoretls.dylib
0x00007fff6a974000 	/usr/lib/libcoretls_cfhelpers.dylib
0x00007fff6c3e0000 	/usr/lib/libpam.2.dylib
0x00007fff6c5a0000 	/usr/lib/libsqlite3.dylib
0x00007fff6c99a000 	/usr/lib/libxar.1.dylib
0x00007fff6a646000 	/usr/lib/libbz2.1.0.dylib
0x00007fff6b3b5000 	/usr/lib/liblzma.5.dylib
0x00007fff6b866000 	/usr/lib/libnetwork.dylib
0x00007fff6a49f000 	/usr/lib/libapple_nghttp2.dylib
0x00007fff6c3e7000 	/usr/lib/libpcap.A.dylib
0x00007fff42a55000 	/System/Library/Frameworks/CoreServices.framework/Versions/A/Frameworks/FSEvents.framework/Versions/A/FSEvents
0x00007fff42734000 	/System/Library/Frameworks/CoreServices.framework/Versions/A/Frameworks/CarbonCore.framework/Versions/A/CarbonCore
0x00007fff42c10000 	/System/Library/Frameworks/CoreServices.framework/Versions/A/Frameworks/Metadata.framework/Versions/A/Metadata
0x00007fff42caf000 	/System/Library/Frameworks/CoreServices.framework/Versions/A/Frameworks/OSServices.framework/Versions/A/OSServices
0x00007fff42cfa000 	/System/Library/Frameworks/CoreServices.framework/Versions/A/Frameworks/SearchKit.framework/Versions/A/SearchKit
0x00007fff426b7000 	/System/Library/Frameworks/CoreServices.framework/Versions/A/Frameworks/AE.framework/Versions/A/AE
0x00007fff42a5e000 	/System/Library/Frameworks/CoreServices.framework/Versions/A/Frameworks/LaunchServices.framework/Versions/A/LaunchServices
0x00007fff42a0c000 	/System/Library/Frameworks/CoreServices.framework/Versions/A/Frameworks/DictionaryServices.framework/Versions/A/DictionaryServices
0x00007fff42d62000 	/System/Library/Frameworks/CoreServices.framework/Versions/A/Frameworks/SharedFileList.framework/Versions/A/SharedFileList
0x00007fff470ec000 	/System/Library/Frameworks/NetFS.framework/Versions/A/NetFS
0x00007fff6027c000 	/System/Library/PrivateFrameworks/NetAuth.framework/Versions/A/NetAuth
0x00007fff69c34000 	/System/Library/PrivateFrameworks/login.framework/Versions/A/Frameworks/loginsupport.framework/Versions/A/loginsupport
0x00007fff67d54000 	/System/Library/PrivateFrameworks/TCC.framework/Versions/A/TCC
0x00007fff551ec000 	/System/Library/PrivateFrameworks/CoreNLP.framework/Versions/A/CoreNLP
0x00007fff5fd11000 	/System/Library/PrivateFrameworks/MetadataUtilities.framework/Versions/A/MetadataUtilities
0x00007fff6b48a000 	/usr/lib/libmecabra.dylib
0x00007fff3f87c000 	/System/Library/Frameworks/ApplicationServices.framework/Versions/A/Frameworks/ATS.framework/Versions/A/ATS
0x00007fff3fbcb000 	/System/Library/Frameworks/ApplicationServices.framework/Versions/A/Frameworks/ColorSyncLegacy.framework/Versions/A/ColorSyncLegacy
0x00007fff3fc6a000 	/System/Library/Frameworks/ApplicationServices.framework/Versions/A/Frameworks/HIServices.framework/Versions/A/HIServices
0x00007fff3fcbd000 	/System/Library/Frameworks/ApplicationServices.framework/Versions/A/Frameworks/LangAnalysis.framework/Versions/A/LangAnalysis
0x00007fff3fccd000 	/System/Library/Frameworks/ApplicationServices.framework/Versions/A/Frameworks/PrintCore.framework/Versions/A/PrintCore
0x00007fff3fd17000 	/System/Library/Frameworks/ApplicationServices.framework/Versions/A/Frameworks/QD.framework/Versions/A/QD
0x00007fff3fd51000 	/System/Library/Frameworks/ApplicationServices.framework/Versions/A/Frameworks/SpeechSynthesis.framework/Versions/A/SpeechSynthesis
0x00007fff6a6d0000 	/usr/lib/libcompression.dylib
0x00007fff462ed000 	/System/Library/Frameworks/MetalPerformanceShaders.framework/Versions/A/MetalPerformanceShaders
0x00007fff3d858000 	/System/Library/Frameworks/Accelerate.framework/Versions/A/Frameworks/vImage.framework/Versions/A/vImage
0x00007fff3e8d2000 	/System/Library/Frameworks/Accelerate.framework/Versions/A/Frameworks/vecLib.framework/Versions/A/vecLib
0x00007fff3e81e000 	/System/Library/Frameworks/Accelerate.framework/Versions/A/Frameworks/vecLib.framework/Versions/A/libvMisc.dylib
0x00007fff3e636000 	/System/Library/Frameworks/Accelerate.framework/Versions/A/Frameworks/vecLib.framework/Versions/A/libvDSP.dylib
0x00007fff3def2000 	/System/Library/Frameworks/Accelerate.framework/Versions/A/Frameworks/vecLib.framework/Versions/A/libBLAS.dylib
0x00007fff3e1df000 	/System/Library/Frameworks/Accelerate.framework/Versions/A/Frameworks/vecLib.framework/Versions/A/libLAPACK.dylib
0x00007fff3e589000 	/System/Library/Frameworks/Accelerate.framework/Versions/A/Frameworks/vecLib.framework/Versions/A/libLinearAlgebra.dylib
0x00007fff3e622000 	/System/Library/Frameworks/Accelerate.framework/Versions/A/Frameworks/vecLib.framework/Versions/A/libSparseBLAS.dylib
0x00007fff3e59f000 	/System/Library/Frameworks/Accelerate.framework/Versions/A/Frameworks/vecLib.framework/Versions/A/libQuadrature.dylib
0x00007fff3e16c000 	/System/Library/Frameworks/Accelerate.framework/Versions/A/Frameworks/vecLib.framework/Versions/A/libBNNS.dylib
0x00007fff3e5a5000 	/System/Library/Frameworks/Accelerate.framework/Versions/A/Frameworks/vecLib.framework/Versions/A/libSparse.dylib
0x00007fff5c53a000 	/System/Library/PrivateFrameworks/GPUWrangler.framework/Versions/A/GPUWrangler
0x00007fff5e83f000 	/System/Library/PrivateFrameworks/IOAccelerator.framework/Versions/A/IOAccelerator
0x00007fff5e84a000 	/System/Library/PrivateFrameworks/IOPresentment.framework/Versions/A/IOPresentment
0x00007fff55fc4000 	/System/Library/PrivateFrameworks/DSExternalDisplay.framework/Versions/A/DSExternalDisplay
0x00007fff4a568000 	/System/Library/Frameworks/OpenGL.framework/Versions/A/Libraries/libCoreFSCache.dylib
0x00007fff460e1000 	/System/Library/Frameworks/MetalPerformanceShaders.framework/Frameworks/MPSCore.framework/Versions/A/MPSCore
0x00007fff46101000 	/System/Library/Frameworks/MetalPerformanceShaders.framework/Frameworks/MPSImage.framework/Versions/A/MPSImage
0x00007fff461a6000 	/System/Library/Frameworks/MetalPerformanceShaders.framework/Frameworks/MPSNeuralNetwork.framework/Versions/A/MPSNeuralNetwork
0x00007fff4617e000 	/System/Library/Frameworks/MetalPerformanceShaders.framework/Frameworks/MPSMatrix.framework/Versions/A/MPSMatrix
0x00007fff462d2000 	/System/Library/Frameworks/MetalPerformanceShaders.framework/Frameworks/MPSRayIntersector.framework/Versions/A/MPSRayIntersector
0x00007fff5fd3a000 	/System/Library/PrivateFrameworks/MetalTools.framework/Versions/A/MetalTools
0x00007fff50e79000 	/System/Library/PrivateFrameworks/AggregateDictionary.framework/Versions/A/AggregateDictionary
0x00007fff6a2af000 	/usr/lib/libMobileGestalt.dylib
0x00007fff431f3000 	/System/Library/Frameworks/CoreVideo.framework/Versions/A/CoreVideo
0x00007fff5d34b000 	/System/Library/PrivateFrameworks/GraphVisualizer.framework/Versions/A/GraphVisualizer
0x00007fff571ca000 	/System/Library/PrivateFrameworks/FaceCore.framework/Versions/A/FaceCore
0x00007fff49b96000 	/System/Library/Frameworks/OpenCL.framework/Versions/A/OpenCL
0x00007fff6a007000 	/usr/lib/libFosl_dynamic.dylib
0x00007fff60ae8000 	/System/Library/PrivateFrameworks/OTSVG.framework/Versions/A/OTSVG
0x00007fff3f980000 	/System/Library/Frameworks/ApplicationServices.framework/Versions/A/Frameworks/ATS.framework/Versions/A/Resources/libFontParser.dylib
0x00007fff3fa98000 	/System/Library/Frameworks/ApplicationServices.framework/Versions/A/Frameworks/ATS.framework/Versions/A/Resources/libFontRegistry.dylib
0x00007fff44103000 	/System/Library/Frameworks/ImageIO.framework/Versions/A/Resources/libJPEG.dylib
0x00007fff44428000 	/System/Library/Frameworks/ImageIO.framework/Versions/A/Resources/libTIFF.dylib
0x00007fff443fe000 	/System/Library/Frameworks/ImageIO.framework/Versions/A/Resources/libPng.dylib
0x00007fff44021000 	/System/Library/Frameworks/ImageIO.framework/Versions/A/Resources/libGIF.dylib
0x00007fff44026000 	/System/Library/Frameworks/ImageIO.framework/Versions/A/Resources/libJP2.dylib
0x00007fff44425000 	/System/Library/Frameworks/ImageIO.framework/Versions/A/Resources/libRadiance.dylib
0x00007fff51726000 	/System/Library/PrivateFrameworks/AppleJPEG.framework/Versions/A/AppleJPEG
0x00007fff4a573000 	/System/Library/Frameworks/OpenGL.framework/Versions/A/Libraries/libGFXShared.dylib
0x00007fff4a736000 	/System/Library/Frameworks/OpenGL.framework/Versions/A/Libraries/libGLU.dylib
0x00007fff4a57c000 	/System/Library/Frameworks/OpenGL.framework/Versions/A/Libraries/libGL.dylib
0x00007fff4a588000 	/System/Library/Frameworks/OpenGL.framework/Versions/A/Libraries/libGLImage.dylib
0x00007fff4a565000 	/System/Library/Frameworks/OpenGL.framework/Versions/A/Libraries/libCVMSPluginSupport.dylib
0x00007fff4a56e000 	/System/Library/Frameworks/OpenGL.framework/Versions/A/Libraries/libCoreVMClient.dylib
0x00007fff6ae21000 	/usr/lib/libcups.2.dylib
0x00007fff455e8000 	/System/Library/Frameworks/Kerberos.framework/Versions/A/Kerberos
0x00007fff43b03000 	/System/Library/Frameworks/GSS.framework/Versions/A/GSS
0x00007fff6c535000 	/usr/lib/libresolv.9.dylib
0x00007fff6b014000 	/usr/lib/libiconv.2.dylib
0x00007fff5d4c0000 	/System/Library/PrivateFrameworks/Heimdal.framework/Versions/A/Heimdal
0x00007fff6afe4000 	/usr/lib/libheimdal-asn1.dylib
0x00007fff49c0a000 	/System/Library/Frameworks/OpenDirectory.framework/Versions/A/OpenDirectory
0x00007fff53f4f000 	/System/Library/PrivateFrameworks/CommonAuth.framework/Versions/A/CommonAuth
0x00007fff49bee000 	/System/Library/Frameworks/OpenDirectory.framework/Versions/A/Frameworks/CFOpenDirectory.framework/Versions/A/CFOpenDirectory
0x00007fff4ccbb000 	/System/Library/Frameworks/SecurityFoundation.framework/Versions/A/SecurityFoundation
0x00007fff503bf000 	/System/Library/PrivateFrameworks/APFS.framework/Versions/A/APFS
0x00007fff6c996000 	/usr/lib/libutil.dylib
0x00007fff6a6be000 	/usr/lib/libcharset.1.dylib
0x00007fff519c3000 	/System/Library/PrivateFrameworks/AppleSauce.framework/Versions/A/AppleSauce
0x00007fff51b44000 	/System/Library/PrivateFrameworks/AssertionServices.framework/Versions/A/AssertionServices
0x00007fff52275000 	/System/Library/PrivateFrameworks/BaseBoard.framework/Versions/A/BaseBoard
0x00007fff6b3e5000 	/usr/lib/libmecab.1.0.0.dylib
0x00007fff6afde000 	/usr/lib/libgermantok.dylib
0x00007fff6a48c000 	/usr/lib/libThaiTokenizer.dylib
0x00007fff69f37000 	/usr/lib/libChineseTokenizer.dylib
0x00007fff5eef7000 	/System/Library/PrivateFrameworks/LanguageModeling.framework/Versions/A/LanguageModeling
0x00007fff54c31000 	/System/Library/PrivateFrameworks/CoreEmoji.framework/Versions/A/CoreEmoji
0x00007fff5efd3000 	/System/Library/PrivateFrameworks/Lexicon.framework/Versions/A/Lexicon
0x00007fff5f016000 	/System/Library/PrivateFrameworks/LinguisticData.framework/Versions/A/LinguisticData
0x00007fff6a6bf000 	/usr/lib/libcmph.dylib
0x00007fff4cd79000 	/System/Library/Frameworks/ServiceManagement.framework/Versions/A/ServiceManagement
0x00007fff521d6000 	/System/Library/PrivateFrameworks/BackgroundTaskManagement.framework/Versions/A/BackgroundTaskManagement
0x00007fff6ca90000 	/usr/lib/libxslt.1.dylib
0x00007fff409ee000 	/System/Library/Frameworks/Carbon.framework/Versions/A/Frameworks/Ink.framework/Versions/A/Ink
0x00007fff67fc6000 	/System/Library/PrivateFrameworks/TextureIO.framework/Versions/A/TextureIO
0x00007fff6a4e0000 	/usr/lib/libate.dylib
0x00007fff55f13000 	/System/Library/PrivateFrameworks/CrashReporterSupport.framework/Versions/A/CrashReporterSupport
0x00007fff65700000 	/System/Library/PrivateFrameworks/Sharing.framework/Versions/A/Sharing
0x00007fff51f28000 	/System/Library/PrivateFrameworks/AuthKit.framework/Versions/A/AuthKit
0x00007fff5147b000 	/System/Library/PrivateFrameworks/Apple80211.framework/Versions/A/Apple80211
0x00007fff55cbb000 	/System/Library/PrivateFrameworks/CoreUtils.framework/Versions/A/CoreUtils
0x00007fff43234000 	/System/Library/Frameworks/CoreWLAN.framework/Versions/A/CoreWLAN
0x00007fff43c32000 	/System/Library/Frameworks/IOBluetooth.framework/Versions/A/IOBluetooth
0x00007fff63b74000 	/System/Library/PrivateFrameworks/ProtocolBuffer.framework/Versions/A/ProtocolBuffer
0x00007fff5ff72000 	/System/Library/PrivateFrameworks/MobileKeyBag.framework/Versions/A/MobileKeyBag
0x00007fff554ff000 	/System/Library/PrivateFrameworks/CorePhoneNumbers.framework/Versions/A/CorePhoneNumbers
0x00007fff516da000 	/System/Library/PrivateFrameworks/AppleIDAuthSupport.framework/Versions/A/AppleIDAuthSupport
0x00007fff5eeca000 	/System/Library/PrivateFrameworks/KeychainCircle.framework/Versions/A/KeychainCircle
0x00007fff63d2a000 	/System/Library/PrivateFrameworks/ROCKit.framework/Versions/A/ROCKit
0x00007fff55eaf000 	/System/Library/PrivateFrameworks/CoreWiFi.framework/Versions/A/CoreWiFi
0x00007fff40fbc000 	/System/Library/Frameworks/CoreBluetooth.framework/Versions/A/CoreBluetooth
0x00007fff5610a000 	/System/Library/PrivateFrameworks/DebugSymbols.framework/Versions/A/DebugSymbols
0x00007fff55a7b000 	/System/Library/PrivateFrameworks/CoreSymbolication.framework/Versions/A/CoreSymbolication
0x00007fff677e3000 	/System/Library/PrivateFrameworks/Symbolication.framework/Versions/A/Symbolication
0x00007fff67086000 	/System/Library/PrivateFrameworks/SpeechRecognitionCore.framework/Versions/A/SpeechRecognitionCore
0x0000000110600000 	/Applications/BlueJ.app/Contents/PlugIns/x64/Contents/Home/lib/server/libjvm.dylib
0x000000010ed6c000 	/Applications/BlueJ.app/Contents/PlugIns/x64/Contents/Home/lib/libjimage.dylib
0x000000010ed7a000 	/Applications/BlueJ.app/Contents/PlugIns/x64/Contents/Home/lib/libjdwp.dylib
0x000000010edbd000 	/Applications/BlueJ.app/Contents/PlugIns/x64/Contents/Home/lib/./libjava.dylib
0x000000011a434000 	/Applications/BlueJ.app/Contents/PlugIns/x64/Contents/Home/lib/libdt_socket.dylib
0x000000011a440000 	/Applications/BlueJ.app/Contents/PlugIns/x64/Contents/Home/lib/libnio.dylib
0x000000011a455000 	/Applications/BlueJ.app/Contents/PlugIns/x64/Contents/Home/lib/./libnet.dylib
0x000000011a46f000 	/Applications/BlueJ.app/Contents/PlugIns/x64/Contents/Home/lib/libzip.dylib
0x000000011a47d000 	/Applications/BlueJ.app/Contents/PlugIns/x64/Contents/Home/lib/libawt.dylib
0x000000011a53c000 	/Applications/BlueJ.app/Contents/PlugIns/x64/Contents/Home/lib/./libmlib_image.dylib
0x00007fff455da000 	/System/Library/Frameworks/JavaVM.framework/Versions/A/Frameworks/JavaRuntimeSupport.framework/Versions/A/JavaRuntimeSupport
0x00007fff455d1000 	/System/Library/Frameworks/JavaVM.framework/Versions/A/Frameworks/JavaNativeFoundation.framework/Versions/A/JavaNativeFoundation
0x00007fff455e3000 	/System/Library/Frameworks/JavaVM.framework/Versions/A/JavaVM
0x00007fff406e7000 	/System/Library/Frameworks/Carbon.framework/Versions/A/Carbon
0x00007fff5ede9000 	/System/Library/PrivateFrameworks/JavaLaunching.framework/Versions/A/JavaLaunching
0x00007fff406e8000 	/System/Library/Frameworks/Carbon.framework/Versions/A/Frameworks/CommonPanels.framework/Versions/A/CommonPanels
0x00007fff409e4000 	/System/Library/Frameworks/Carbon.framework/Versions/A/Frameworks/Help.framework/Versions/A/Help
0x00007fff409e8000 	/System/Library/Frameworks/Carbon.framework/Versions/A/Frameworks/ImageCapture.framework/Versions/A/ImageCapture
0x00007fff40a84000 	/System/Library/Frameworks/Carbon.framework/Versions/A/Frameworks/OpenScripting.framework/Versions/A/OpenScripting
0x00007fff40abc000 	/System/Library/Frameworks/Carbon.framework/Versions/A/Frameworks/Print.framework/Versions/A/Print
0x00007fff40abe000 	/System/Library/Frameworks/Carbon.framework/Versions/A/Frameworks/SecurityHI.framework/Versions/A/SecurityHI
0x000000011a5d8000 	/Applications/BlueJ.app/Contents/PlugIns/x64/Contents/Home/lib/libawt_lwawt.dylib
0x000000011a702000 	/Applications/BlueJ.app/Contents/PlugIns/x64/Contents/Home/lib/./libosxapp.dylib
0x00007fff436bf000 	/System/Library/Frameworks/ExceptionHandling.framework/Versions/A/ExceptionHandling
0x000000013e246000 	/Applications/BlueJ.app/Contents/PlugIns/x64/Contents/Home/lib/libfontmanager.dylib
0x000000011a728000 	/Applications/BlueJ.app/Contents/PlugIns/x64/Contents/Home/lib/./libfreetype.dylib
0x00007fff55683000 	/System/Library/PrivateFrameworks/CoreServicesInternal.framework/Versions/A/CoreServicesInternal
0x00007fff35bc0000 	/System/Library/CoreServices/RawCamera.bundle/Contents/MacOS/RawCamera
0x00007fff5fdde000 	/System/Library/PrivateFrameworks/MobileAsset.framework/Versions/A/MobileAsset
0x00007fff67731000 	/System/Library/PrivateFrameworks/StreamingZip.framework/Versions/A/StreamingZip
0x00007fff45975000 	/System/Library/Frameworks/MediaToolbox.framework/Versions/A/MediaToolbox
0x00007fff547d5000 	/System/Library/PrivateFrameworks/CoreAVCHD.framework/Versions/A/CoreAVCHD
0x00007fff458bb000 	/System/Library/Frameworks/MediaAccessibility.framework/Versions/A/MediaAccessibility
0x00007fff5f83a000 	/System/Library/PrivateFrameworks/Mangrove.framework/Versions/A/Mangrove
0x00007fff42555000 	/System/Library/Frameworks/CoreMedia.framework/Versions/A/CoreMedia
0x00007fff4d3e2000 	/System/Library/Frameworks/VideoToolbox.framework/Versions/A/VideoToolbox
0x00007fff543f1000 	/System/Library/PrivateFrameworks/CoreAUC.framework/Versions/A/CoreAUC
0x00007fff6c59e000 	/usr/lib/libspindump.dylib
0x00007fff51aa9000 	/System/Library/PrivateFrameworks/AppleVA.framework/Versions/A/AppleVA
0x00007fff3d841000 	/System/Library/Frameworks/Accelerate.framework/Versions/A/Frameworks/vImage.framework/Versions/A/Libraries/libCGInterfaces.dylib
0x00007fff3fb34000 	/System/Library/Frameworks/ApplicationServices.framework/Versions/A/Frameworks/ATS.framework/Versions/A/Resources/libTrueTypeScaler.dylib
0x00007fff37375000 	/System/Library/Extensions/AMDRadeonX5000MTLDriver.bundle/Contents/MacOS/AMDRadeonX5000MTLDriver
0x00007fff5e835000 	/System/Library/PrivateFrameworks/IOAccelMemoryInfo.framework/Versions/A/IOAccelMemoryInfo
0x00007fff3aa02000 	/System/Library/Extensions/AppleIntelKBLGraphicsMTLDriver.bundle/Contents/MacOS/AppleIntelKBLGraphicsMTLDriver
0x00007fff5ae99000 	/System/Library/PrivateFrameworks/GPUCompiler.framework/Versions/3902/Libraries/libmetal_timestamp.dylib
0x00007fff68f7f000 	/System/Library/PrivateFrameworks/ViewBridge.framework/Versions/A/ViewBridge
0x000000011b11c000 	/usr/lib/libobjc-trampolines.dylib
0x000000013fedb000 	/Applications/BlueJ.app/Contents/PlugIns/x64/Contents/Home/lib/libjsound.dylib
0x00007fff422d2000 	/System/Library/Frameworks/CoreMIDI.framework/Versions/A/CoreMIDI
0x00007fff6afad000 	/usr/lib/libexpat.1.dylib
0x0000000141c82000 	/System/Library/Components/CoreAudio.component/Contents/MacOS/CoreAudio
0x00007fff4b121000 	/System/Library/Frameworks/OpenGL.framework/Versions/A/Resources/GLEngine.bundle/GLEngine
0x00007fff4a5c3000 	/System/Library/Frameworks/OpenGL.framework/Versions/A/Libraries/libGLProgrammability.dylib
0x00007fff39c2e000 	/System/Library/Extensions/AppleIntelKBLGraphicsGLDriver.bundle/Contents/MacOS/AppleIntelKBLGraphicsGLDriver
0x00007fff5c52e000 	/System/Library/PrivateFrameworks/GPUSupport.framework/Versions/A/Libraries/libGPUSupportMercury.dylib
0x0000000141ec9000 	/System/Library/Extensions/AMDRadeonX5000GLDriver.bundle/Contents/MacOS/AMDRadeonX5000GLDriver
0x00007fff369cf000 	/System/Library/Extensions/AMDRadeonX5000GLDriver.bundle/Contents/MacOS/ATIRadeonX5000SCLib.dylib
0x00007fff4b2b9000 	/System/Library/Frameworks/OpenGL.framework/Versions/A/Resources/GLRendererFloat.bundle/GLRendererFloat
0x00007fff49b8d000 	/System/Library/Frameworks/OpenCL.framework/Versions/A/Libraries/libcldcpuengine.dylib
0x00007fff6ab13000 	/usr/lib/libcrypto.35.dylib
0x00007fff68144000 	/System/Library/PrivateFrameworks/TrustEvaluationAgent.framework/Versions/A/TrustEvaluationAgent
0x0000000142127000 	/Applications/BlueJ.app/Contents/PlugIns/x64/Contents/Home/lib/libosxui.dylib
0x0000000145648000 	/Applications/BlueJ.app/Contents/PlugIns/x64/Contents/Home/lib/libmanagement.dylib
0x0000000145652000 	/Applications/BlueJ.app/Contents/PlugIns/x64/Contents/Home/lib/libmanagement_ext.dylib
0x00007fff69c37000 	/System/Library/PrivateFrameworks/login.framework/Versions/A/login


VM Arguments:
jvm_args: -ea -agentlib:jdwp=transport=dt_socket,address=127.0.0.1:58458 -Dfile.encoding=UTF-8 
java_command: bluej.runtime.ExecServer UTF-8
java_class_path (initial): /Applications/BlueJ.app/Contents/Java/bluejcore.jar:/Applications/BlueJ.app/Contents/Java/javafx-base-20.0.1.jar:/Applications/BlueJ.app/Contents/Java/javafx-graphics-20.0.1.jar:/Applications/BlueJ.app/Contents/Java/javafx-controls-20.0.1.jar:/Applications/BlueJ.app/Contents/Java/javafx-fxml-20.0.1-mac.jar:/Applications/BlueJ.app/Contents/Java/javafx-controls-20.0.1-mac.jar:/Applications/BlueJ.app/Contents/Java/javafx-web-20.0.1-mac.jar:/Applications/BlueJ.app/Contents/Java/javafx-media-20.0.1.jar:/Applications/BlueJ.app/Contents/Java/javafx-base-20.0.1-mac.jar:/Applications/BlueJ.app/Contents/Java/javafx-media-20.0.1-mac.jar:/Applications/BlueJ.app/Contents/Java/javafx-graphics-20.0.1-mac.jar:/Applications/BlueJ.app/Contents/Java/javafx-swing-20.0.1-mac.jar:/Applications/BlueJ.app/Contents/Java/junit-4.12.jar:/Applications/BlueJ.app/Contents/Java/junit-jupiter-params-5.5.2.jar:/Applications/BlueJ.app/Contents/Java/junit-jupiter-api-5.5.2.jar:/Applications/BlueJ.app/Contents/Java/junit-jupiter-engine-5.5.2.jar:/Applications/BlueJ.app/Contents/Java/junit-platform-suite-api-1.5.2.jar:/Applications/BlueJ.app/Contents/Java/junit-vintage-engine-5.5.2.jar:/Applications/BlueJ.app/Contents/Java/junit-jupiter-5.5.2.jar:/Applications/BlueJ.app/Contents/Java/junit-platform-engine-1.5.2.jar:/Applications/BlueJ.app/Contents/Java/junit-platform-launcher-1.5.2.jar:/Applications/BlueJ.app/Contents/Java/junit-platform-commons-1.5.2.jar:/Applications/BlueJ.app/Contents/Java/hamcrest-core-1.3.jar:/Applications/BlueJ.app/Contents/Java/opentest4j-1.2.0.jar:/Applications/BlueJ.app/Contents/Java/lang-stride.jar:/Users/sylvie_ruseva/Downloads/mayflower3.3.7.jar
Launcher Type: SUN_STANDARD

[Global flags]
     intx CICompilerCount                          = 4                                         {product} {ergonomic}
     uint ConcGCThreads                            = 3                                         {product} {ergonomic}
     uint G1ConcRefinementThreads                  = 10                                        {product} {ergonomic}
   size_t G1HeapRegionSize                         = 4194304                                   {product} {ergonomic}
    uintx GCDrainStackTargetSize                   = 64                                        {product} {ergonomic}
   size_t InitialHeapSize                          = 536870912                                 {product} {ergonomic}
   size_t MarkStackSize                            = 4194304                                   {product} {ergonomic}
   size_t MaxHeapSize                              = 8589934592                                {product} {ergonomic}
   size_t MaxNewSize                               = 5150605312                                {product} {ergonomic}
   size_t MinHeapDeltaBytes                        = 4194304                                   {product} {ergonomic}
   size_t MinHeapSize                              = 8388608                                   {product} {ergonomic}
    uintx NonNMethodCodeHeapSize                   = 5839372                                {pd product} {ergonomic}
    uintx NonProfiledCodeHeapSize                  = 122909434                              {pd product} {ergonomic}
    uintx ProfiledCodeHeapSize                     = 122909434                              {pd product} {ergonomic}
    uintx ReservedCodeCacheSize                    = 251658240                              {pd product} {ergonomic}
     bool SegmentedCodeCache                       = true                                      {product} {ergonomic}
   size_t SoftMaxHeapSize                          = 8589934592                             {manageable} {ergonomic}
     bool UseCompressedClassPointers               = true                           {product lp64_product} {ergonomic}
     bool UseCompressedOops                        = true                           {product lp64_product} {ergonomic}
     bool UseG1GC                                  = true                                      {product} {ergonomic}
     bool UseNUMA                                  = false                                     {product} {ergonomic}
     bool UseNUMAInterleaving                      = false                                     {product} {ergonomic}

Logging:
Log output configuration:
 #0: stdout all=warning uptime,level,tags
 #1: stderr all=off uptime,level,tags

Environment Variables:
JAVA_HOME=/Applications/BlueJ.app/Contents/PlugIns/x64/Contents/Home
PATH=/usr/bin:/bin:/usr/sbin:/sbin
SHELL=/bin/bash
LC_CTYPE=UTF-8
TMPDIR=/var/folders/_4/nb3d316x11ddkqfrnpcb1x5m0000gp/T/

Signal Handlers:
   SIGSEGV: _ZL13crash_handleriP9__siginfoPv in libjvm.dylib, mask=11100110000111110111111111111111, flags=SA_RESTART|SA_SIGINFO
    SIGBUS: _ZL13crash_handleriP9__siginfoPv in libjvm.dylib, mask=11100110000111110111111111111111, flags=SA_RESTART|SA_SIGINFO
    SIGFPE: _ZL13crash_handleriP9__siginfoPv in libjvm.dylib, mask=11100110000111110111111111111111, flags=SA_RESTART|SA_SIGINFO
   SIGPIPE: _ZL17javaSignalHandleriP9__siginfoPv in libjvm.dylib, mask=11100110000111110111111111111111, flags=SA_RESTART|SA_SIGINFO
   SIGXFSZ: _ZL17javaSignalHandleriP9__siginfoPv in libjvm.dylib, mask=11100110000111110111111111111111, flags=SA_RESTART|SA_SIGINFO
    SIGILL: _ZL13crash_handleriP9__siginfoPv in libjvm.dylib, mask=11100110000111110111111111111111, flags=SA_RESTART|SA_SIGINFO
   SIGUSR2: _ZL10SR_handleriP9__siginfoP17__darwin_ucontext in libjvm.dylib, mask=00100000000000000000000000000000, flags=SA_RESTART|SA_SIGINFO
    SIGHUP: _ZL11UserHandleriPvS_ in libjvm.dylib, mask=11100110000111110111111111111111, flags=SA_RESTART|SA_SIGINFO
    SIGINT: _ZL11UserHandleriPvS_ in libjvm.dylib, mask=11100110000111110111111111111111, flags=SA_RESTART|SA_SIGINFO
   SIGTERM: _ZL11UserHandleriPvS_ in libjvm.dylib, mask=11100110000111110111111111111111, flags=SA_RESTART|SA_SIGINFO
   SIGQUIT: _ZL11UserHandleriPvS_ in libjvm.dylib, mask=11100110000111110111111111111111, flags=SA_RESTART|SA_SIGINFO
  *** Handler was modified!
  *** Expected: _ZL17javaSignalHandleriP9__siginfoPv in libjvm.dylib, mask=11100110100111111111111111111111, flags=SA_RESTART|SA_SIGINFO
   SIGTRAP: _ZL13crash_handleriP9__siginfoPv in libjvm.dylib, mask=11100110000111110111111111111111, flags=SA_RESTART|SA_SIGINFO


---------------  S Y S T E M  ---------------

OS:
uname: Darwin 18.7.0 Darwin Kernel Version 18.7.0: Tue Jun 22 19:37:08 PDT 2021; root:xnu-4903.278.70~1/RELEASE_X86_64 x86_64
OS uptime: 3 days 11:18 hours
rlimit (soft/hard): STACK 8192k/65532k , CORE 0k/infinity , NPROC 2837/4256 , NOFILE 10240/infinity , AS infinity/infinity , CPU infinity/infinity , DATA infinity/infinity , FSIZE infinity/infinity , MEMLOCK infinity/infinity , RSS infinity/infinity
load average: 1.90 1.65 1.60

CPU: total 12 (initial active 12) (6 cores per cpu, 2 threads per core) family 6 model 158 stepping 10 microcode 0xf2, cx8, cmov, fxsr, ht, mmx, 3dnowpref, sse, sse2, sse3, ssse3, sse4.1, sse4.2, popcnt, lzcnt, tsc, tscinvbit, avx, avx2, aes, erms, clmul, bmi1, bmi2, rtm, adx, fma, vzeroupper, clflush, clflushopt

Memory: 4k page, physical 33554432k(2205248k free), swap 2097152k(1475072k free)

vm_info: OpenJDK 64-Bit Server VM (17.0.4.1+1) for bsd-amd64 JRE (17.0.4.1+1), built on Aug 17 2022 13:35:43 by "temurin" with clang 4.2.1 Compatible Apple LLVM 10.0.1 (clang-1001.0.46.4)

END.
