#
# A fatal error has been detected by the Java Runtime Environment:
#
#  SIGSEGV (0xb) at pc=0x000000010661c22c, pid=11955, tid=41475
#
# JRE version: OpenJDK Runtime Environment Temurin-17.0.4.1+1 (17.0.4.1+1) (build 17.0.4.1+1)
# Java VM: OpenJDK 64-Bit Server VM Temurin-17.0.4.1+1 (17.0.4.1+1, mixed mode, sharing, tiered, compressed oops, compressed class ptrs, g1 gc, bsd-amd64)
# Problematic frame:
# V  [libjvm.dylib+0x81c22c]  Matcher::xform(Node*, int)+0x5ec
#
# No core dump will be written. Core dumps have been disabled. To enable core dumping, try "ulimit -c unlimited" before starting Java again
#
# If you would like to submit a bug report, please visit:
#   https://github.com/adoptium/adoptium-support/issues
#

---------------  S U M M A R Y ------------

Command Line: -ea -agentlib:jdwp=transport=dt_socket,address=127.0.0.1:57885 -Dfile.encoding=UTF-8 bluej.runtime.ExecServer UTF-8

Host: "MacBookPro15,3" x86_64 2900 MHz, 12 cores, 32G, Darwin 18.7.0, macOS 10.14.6 (18G9323)
Time: Sat Oct  7 01:07:14 2023 CDT elapsed time: 16.505128 seconds (0d 0h 0m 16s)

---------------  T H R E A D  ---------------

Current thread (0x00007f975601ea00):  JavaThread "C2 CompilerThread0" daemon [_thread_in_native, id=41475, stack(0x0000700001fdd000,0x00007000020dd000)]


Current CompileTask:
C2:  16505 2129       4       mayflower.Actor::setLocation (104 bytes)

Stack: [0x0000700001fdd000,0x00007000020dd000],  sp=0x00007000020d9a10,  free space=1010k
Native frames: (J=compiled Java code, j=interpreted, Vv=VM code, C=native code)
V  [libjvm.dylib+0x81c22c]  Matcher::xform(Node*, int)+0x5ec
V  [libjvm.dylib+0x81ae95]  Matcher::match()+0x835
V  [libjvm.dylib+0x32950a]  Compile::Code_Gen()+0xaa
V  [libjvm.dylib+0x325d83]  Compile::Compile(ciEnv*, ciMethod*, int, bool, bool, bool, bool, bool, DirectiveSet*)+0x1263
V  [libjvm.dylib+0x2878f6]  C2Compiler::compile_method(ciEnv*, ciMethod*, int, bool, DirectiveSet*)+0xb6
V  [libjvm.dylib+0x33a0f9]  CompileBroker::invoke_compiler_on_method(CompileTask*)+0x659
V  [libjvm.dylib+0x33999e]  CompileBroker::compiler_thread_loop()+0x3ee
V  [libjvm.dylib+0xaa3acf]  JavaThread::thread_main_inner()+0x14f
V  [libjvm.dylib+0xaa1e4a]  Thread::call_run()+0x11a
V  [libjvm.dylib+0x8ae6db]  thread_native_entry(Thread*)+0x14b
C  [libsystem_pthread.dylib+0x32eb]  _pthread_body+0x7e
C  [libsystem_pthread.dylib+0x6249]  _pthread_start+0x42
C  [libsystem_pthread.dylib+0x240d]  thread_start+0xd


siginfo: si_signo: 11 (SIGSEGV), si_code: 1 (SEGV_MAPERR), si_addr: 0x00007797612784bc

Register to memory mapping:

RAX=0x00007f97612785a0 points into unknown readable memory: 0x0000779761278490 | 90 84 27 61 97 77 00 00
RBX=0x00007000020dc0b8 is pointing into the stack for thread: 0x00007f975601ea00
RCX=0x00000000edff0000 is an unknown value
RDX=0x00007f97570780a0 points into unknown readable memory: 0x0000000000000003 | 03 00 00 00 00 00 00 00
RSP=0x00007000020d9a10 is pointing into the stack for thread: 0x00007f975601ea00
RBP=0x00007000020d9a80 is pointing into the stack for thread: 0x00007f975601ea00
RSI=0x00007f9761278560 points into unknown readable memory: 0x0000000106adb368 | 68 b3 ad 06 01 00 00 00
RDI=0x0000779761278490 is an unknown value
R8 =0x0000000000000002 is an unknown value
R9 =0x0000000000000002 is an unknown value
R10=0x00007f975621a720 points into unknown readable memory: 0x00007f9760e7f3a8 | a8 f3 e7 60 97 7f 00 00
R11=0xfffffffff5524228 is an unknown value
R12=0x00007f9761278560 points into unknown readable memory: 0x0000000106adb368 | 68 b3 ad 06 01 00 00 00
R13=0x0 is NULL
R14=0x0000000000001f02 is an unknown value
R15=0x00007000020d9b40 is pointing into the stack for thread: 0x00007f975601ea00


Registers:
RAX=0x00007f97612785a0, RBX=0x00007000020dc0b8, RCX=0x00000000edff0000, RDX=0x00007f97570780a0
RSP=0x00007000020d9a10, RBP=0x00007000020d9a80, RSI=0x00007f9761278560, RDI=0x0000779761278490
R8 =0x0000000000000002, R9 =0x0000000000000002, R10=0x00007f975621a720, R11=0xfffffffff5524228
R12=0x00007f9761278560, R13=0x0000000000000000, R14=0x0000000000001f02, R15=0x00007000020d9b40
RIP=0x000000010661c22c, EFLAGS=0x0000000000010206, ERR=0x0000000000000004
  TRAPNO=0x000000000000000e

Top of Stack: (sp=0x00007000020d9a10)
0x00007000020d9a10:   00007f9754c11e10 00007000020d9b60
0x00007000020d9a20:   00007000020da4f8 0000000105f5f678
0x00007000020d9a30:   00007000020d9b40 00007f9740b98500
0x00007000020d9a40:   00007f9740c34f50 00007f9740b98010
0x00007000020d9a50:   00007f9754c11e10 00007000020dc0b8
0x00007000020d9a60:   00007000020d9b40 00007000020dc358
0x00007000020d9a70:   00007000020dc0b8 00007f96d64a8290
0x00007000020d9a80:   00007000020d9b30 000000010661ae95
0x00007000020d9a90:   0000000000000000 0000000000000000
0x00007000020d9aa0:   0000000000000000 0000000000000000
0x00007000020d9ab0:   0000000000000000 0000000000000000
0x00007000020d9ac0:   0000000000000000 0000000000000000
0x00007000020d9ad0:   0000000000000000 0000000000004000
0x00007000020d9ae0:   0000000000000000 0000000900000009
0x00007000020d9af0:   00000000000001e0 00007f96d6458070
0x00007000020d9b00:   00007000020d9b40 00000001069a6694
0x00007000020d9b10:   00007000020dc0b8 0000000106b65a83
0x00007000020d9b20:   00007000020d9b40 00007000020dc0b8
0x00007000020d9b30:   00007000020db4b0 000000010612950a
0x00007000020d9b40:   0000000106b09fb8 00007f9700000006
0x00007000020d9b50:   00007000020dc0b8 00007f9754c11e10
0x00007000020d9b60:   00007f9754c11e10 0000000100004000
0x00007000020d9b70:   00007f9740af8010 0000000100000000
0x00007000020d9b80:   00007f9754c11e10 00007f9700004000
0x00007000020d9b90:   00007f9740a80010 0000000000000000
0x00007000020d9ba0:   0000000000000000 0000000000000000
0x00007000020d9bb0:   0000000000000000 0000000000000000
0x00007000020d9bc0:   0000000000000000 0000000000000000
0x00007000020d9bd0:   0000000000000000 0000000000000000
0x00007000020d9be0:   0000000000000000 0000000000000000
0x00007000020d9bf0:   0000000000000000 0000000000000000
0x00007000020d9c00:   0000000000000000 0000000000000000 

Instructions: (pc=0x000000010661c22c)
0x000000010661c12c:   00 00 00 48 8d 48 10 48 89 4d b8 4c 89 70 10 c7
0x000000010661c13c:   40 18 01 00 00 00 45 39 e7 0f 8f 45 ff ff ff eb
0x000000010661c14c:   4d 0f 1f 00 48 8b 4d b8 48 8d 41 10 48 89 45 b8
0x000000010661c15c:   48 83 c1 20 48 3b 4d c0 72 0d 48 8d 7d b8 e8 c1
0x000000010661c16c:   06 07 00 48 8b 45 b8 4c 89 28 48 8b 45 b8 44 89
0x000000010661c17c:   78 08 48 8d 48 10 48 89 4d b8 48 89 58 10 c7 40
0x000000010661c18c:   18 01 00 00 00 45 39 e7 0f 8f f6 fe ff ff 41 ff
0x000000010661c19c:   cc 45 89 e7 45 85 ff 0f 89 b4 00 00 00 e9 08 01
0x000000010661c1ac:   00 00 83 f8 ff 0f 84 36 01 00 00 be 9f 04 00 00
0x000000010661c1bc:   48 8d 3d 02 4b 3c 00 e8 68 67 b4 ff e8 13 20 09
0x000000010661c1cc:   00 0f 1f 00 48 83 45 b8 f0 48 8b 45 b8 4c 89 e3
0x000000010661c1dc:   48 3b 45 c8 0f 83 5a fb ff ff e9 ad 02 00 00 48
0x000000010661c1ec:   89 c1 48 c1 e9 05 41 3b 8f f8 09 00 00 0f 83 d4
0x000000010661c1fc:   00 00 00 49 8b 97 00 0a 00 00 8b 0c 8a 0f a3 c1
0x000000010661c20c:   0f 83 c1 00 00 00 41 8b 44 24 2c 83 e0 0f 83 f8
0x000000010661c21c:   08 75 17 49 8b 44 24 08 48 8b 38 48 85 ff 74 0a
0x000000010661c22c:   f6 47 2c 01 0f 85 f6 01 00 00 4c 89 e7 e8 52 c8
0x000000010661c23c:   06 00 49 89 c5 41 8b 5c 24 28 41 39 5f 28 0f 86
0x000000010661c24c:   25 01 00 00 e9 2b 01 00 00 41 ff cf 45 85 ff 78
0x000000010661c25c:   59 44 89 fb 49 8b 45 08 4c 8b 3c d8 4d 85 ff 74
0x000000010661c26c:   40 48 8b 4d b8 48 8d 41 10 48 89 45 b8 48 83 c1
0x000000010661c27c:   20 48 3b 4d c0 72 0d 48 8d 7d b8 e8 a4 05 07 00
0x000000010661c28c:   48 8b 45 b8 4c 89 28 48 8b 45 b8 89 58 08 48 8d
0x000000010661c29c:   48 10 48 89 4d b8 4c 89 78 10 c7 40 18 01 00 00
0x000000010661c2ac:   00 48 85 db 48 8d 5b ff 7f aa 4d 89 ec 4c 8b 7d
0x000000010661c2bc:   b0 48 8b 45 b8 4c 89 e3 48 3b 45 c8 0f 83 72 fa
0x000000010661c2cc:   ff ff e9 c5 01 00 00 41 8b 44 24 2c 83 e0 03 4c
0x000000010661c2dc:   89 ff 4c 89 e6 83 f8 03 75 2d e8 05 36 00 00 eb
0x000000010661c2ec:   2b 48 89 df 4c 89 e6 e8 b8 e4 06 00 48 83 45 b8
0x000000010661c2fc:   f0 48 8b 45 b8 4c 89 e3 48 3b 45 c8 0f 83 32 fa
0x000000010661c30c:   ff ff e9 85 01 00 00 e8 98 01 00 00 49 89 c5 49
0x000000010661c31c:   8b 47 10 48 8b 88 70 01 00 00 48 83 79 58 00 0f 


Stack slot to memory mapping:
stack at sp + 0 slots: 0x00007f9754c11e10 points into unknown readable memory: 0x0000000000000006 | 06 00 00 00 00 00 00 00
stack at sp + 1 slots: 0x00007000020d9b60 is pointing into the stack for thread: 0x00007f975601ea00
stack at sp + 2 slots: 0x00007000020da4f8 is pointing into the stack for thread: 0x00007f975601ea00
stack at sp + 3 slots: 0x0000000105f5f678: _ZN5Arena8AreallocEPvmmN17AllocFailStrategy13AllocFailEnumE+0x68 in /Applications/BlueJ.app/Contents/PlugIns/x64/Contents/Home/lib/server/libjvm.dylib at 0x0000000105e00000
stack at sp + 4 slots: 0x00007000020d9b40 is pointing into the stack for thread: 0x00007f975601ea00
stack at sp + 5 slots: 0x00007f9740b98500 points into unknown readable memory: 0x00007f9761278560 | 60 85 27 61 97 7f 00 00
stack at sp + 6 slots: 0x00007f9740c34f50 points into unknown readable memory: 0x0000000000000000 | 00 00 00 00 00 00 00 00
stack at sp + 7 slots: 0x00007f9740b98010 points into unknown readable memory: 0x0000000000000000 | 00 00 00 00 00 00 00 00


---------------  P R O C E S S  ---------------

Threads class SMR info:
_java_thread_list=0x00007f96d59557d0, length=24, elements={
0x00007f975701d400, 0x00007f9760892400, 0x00007f975601b600, 0x00007f975601de00,
0x00007f975601e400, 0x00007f975601ea00, 0x00007f9755802a00, 0x00007f9760892a00,
0x00007f9755002a00, 0x00007f9755007400, 0x00007f9755803800, 0x00007f9755818600,
0x00007f9755818c00, 0x00007f97610af600, 0x00007f9760a17200, 0x00007f975700c400,
0x00007f9761078200, 0x00007f975588e600, 0x00007f97560ac200, 0x00007f9755086600,
0x00007f975594a400, 0x00007f97550fe000, 0x00007f9760a5cc00, 0x00007f97611bb000
}

Java Threads: ( => current thread )
  0x00007f975701d400 JavaThread "Reference Handler" daemon [_thread_blocked, id=15619, stack(0x0000700001ace000,0x0000700001bce000)]
  0x00007f9760892400 JavaThread "Finalizer" daemon [_thread_blocked, id=21763, stack(0x0000700001bd1000,0x0000700001cd1000)]
  0x00007f975601b600 JavaThread "Signal Dispatcher" daemon [_thread_blocked, id=22531, stack(0x0000700001cd4000,0x0000700001dd4000)]
  0x00007f975601de00 JavaThread "Service Thread" daemon [_thread_blocked, id=23043, stack(0x0000700001dd7000,0x0000700001ed7000)]
  0x00007f975601e400 JavaThread "Monitor Deflation Thread" daemon [_thread_blocked, id=41731, stack(0x0000700001eda000,0x0000700001fda000)]
=>0x00007f975601ea00 JavaThread "C2 CompilerThread0" daemon [_thread_in_native, id=41475, stack(0x0000700001fdd000,0x00007000020dd000)]
  0x00007f9755802a00 JavaThread "C1 CompilerThread0" daemon [_thread_blocked, id=40963, stack(0x00007000020e0000,0x00007000021e0000)]
  0x00007f9760892a00 JavaThread "Sweeper thread" daemon [_thread_blocked, id=40707, stack(0x00007000021e3000,0x00007000022e3000)]
  0x00007f9755002a00 JavaThread "JDWP Transport Listener: dt_socket" daemon [_thread_blocked, id=24071, stack(0x00007000022e6000,0x00007000023e6000)]
  0x00007f9755007400 JavaThread "JDWP Event Helper Thread" daemon [_thread_blocked, id=24579, stack(0x00007000023e9000,0x00007000024e9000)]
  0x00007f9755803800 JavaThread "JDWP Command Reader" daemon [_thread_in_native, id=40195, stack(0x00007000024ec000,0x00007000025ec000)]
  0x00007f9755818600 JavaThread "Notification Thread" daemon [_thread_blocked, id=39683, stack(0x00007000025ef000,0x00007000026ef000)]
  0x00007f9755818c00 JavaThread "Common-Cleaner" daemon [_thread_blocked, id=38915, stack(0x00007000027f5000,0x00007000028f5000)]
  0x00007f97610af600 JavaThread "AppKit Thread" daemon [_thread_in_native, id=775, stack(0x00007ffeeae76000,0x00007ffeeb676000)]
  0x00007f9760a17200 JavaThread "BlueJ worker thread" [_thread_blocked, id=54019, stack(0x000070000301c000,0x000070000311c000)]
  0x00007f975700c400 JavaThread "DestroyJavaVM" [_thread_blocked, id=8707, stack(0x00007000013b9000,0x00007000014b9000)]
  0x00007f9761078200 JavaThread "Java Sound Event Dispatcher" daemon [_thread_blocked, id=90627, stack(0x000070000311f000,0x000070000321f000)]
  0x00007f975588e600 JavaThread "AWT-Shutdown" [_thread_blocked, id=126211, stack(0x00007000032a5000,0x00007000033a5000)]
  0x00007f97560ac200 JavaThread "Thread-0" daemon [_thread_blocked, id=125191, stack(0x00007000033a8000,0x00007000034a8000)]
  0x00007f9755086600 JavaThread "Java2D Queue Flusher" daemon [_thread_blocked, id=124675, stack(0x00007000034ab000,0x00007000035ab000)]
  0x00007f975594a400 JavaThread "Java2D Disposer" daemon [_thread_blocked, id=92683, stack(0x00007000035ae000,0x00007000036ae000)]
  0x00007f97550fe000 JavaThread "AWT-EventQueue-0" [_thread_blocked, id=121107, stack(0x00007000037b4000,0x00007000038b4000)]
  0x00007f9760a5cc00 JavaThread "Thread-1" [_thread_in_vm, id=120075, stack(0x00007000038b7000,0x00007000039b7000)]
  0x00007f97611bb000 JavaThread "main" [_thread_blocked, id=119555, stack(0x00007000039ba000,0x0000700003aba000)]

Other Threads:
  0x00007f9756917c30 VMThread "VM Thread" [stack: 0x00007000019cb000,0x0000700001acb000] [id=16387]
  0x00007f9754e20090 WatcherThread [stack: 0x00007000026f2000,0x00007000027f2000] [id=39427]
  0x00007f9754c07ac0 GCTaskThread "GC Thread#0" [stack: 0x00007000014bc000,0x00007000015bc000] [id=12803]
  0x00007f9756c81cf0 GCTaskThread "GC Thread#1" [stack: 0x00007000028f8000,0x00007000029f8000] [id=96791]
  0x00007f9756c82340 GCTaskThread "GC Thread#2" [stack: 0x0000700003abd000,0x0000700003bbd000] [id=33291]
  0x00007f9754db34b0 GCTaskThread "GC Thread#3" [stack: 0x0000700003bc0000,0x0000700003cc0000] [id=97799]
  0x00007f9754db6070 GCTaskThread "GC Thread#4" [stack: 0x0000700003cc3000,0x0000700003dc3000] [id=119043]
  0x00007f9754db6980 GCTaskThread "GC Thread#5" [stack: 0x0000700003dc6000,0x0000700003ec6000] [id=118531]
  0x00007f9754db7290 GCTaskThread "GC Thread#6" [stack: 0x0000700003ec9000,0x0000700003fc9000] [id=98051]
  0x00007f9754db7b50 GCTaskThread "GC Thread#7" [stack: 0x0000700003fcc000,0x00007000040cc000] [id=118019]
  0x00007f9754db8460 GCTaskThread "GC Thread#8" [stack: 0x00007000040cf000,0x00007000041cf000] [id=117763]
  0x00007f9754db8d20 GCTaskThread "GC Thread#9" [stack: 0x00007000041d2000,0x00007000042d2000] [id=99075]
  0x00007f9756c03400 ConcurrentGCThread "G1 Main Marker" [stack: 0x00007000015bf000,0x00007000016bf000] [id=13059]
  0x00007f9756c04140 ConcurrentGCThread "G1 Conc#0" [stack: 0x00007000016c2000,0x00007000017c2000] [id=18691]
  0x00007f9756912e60 ConcurrentGCThread "G1 Refine#0" [stack: 0x00007000017c5000,0x00007000018c5000] [id=18179]
  0x00007f9756c154e0 ConcurrentGCThread "G1 Service" [stack: 0x00007000018c8000,0x00007000019c8000] [id=17667]

Threads with active compile tasks:
C2 CompilerThread0    16516 2129       4       mayflower.Actor::setLocation (104 bytes)

VM state: not at safepoint (normal execution)

VM Mutex/Monitor currently owned by a thread: None

Heap address: 0x0000000600000000, size: 8192 MB, Compressed Oops mode: Zero based, Oop shift amount: 3

CDS archive(s) mapped at: [0x0000000800000000-0x0000000800bd4000-0x0000000800bd4000), size 12402688, SharedBaseAddress: 0x0000000800000000, ArchiveRelocationMode: 0.
Compressed class space mapped at: 0x0000000800c00000-0x0000000840c00000, reserved size: 1073741824
Narrow klass base: 0x0000000800000000, Narrow klass shift: 0, Narrow klass range: 0x100000000

GC Precious Log:
 CPUs: 12 total, 12 available
 Memory: 32768M
 Large Page Support: Disabled
 NUMA Support: Disabled
 Compressed Oops: Enabled (Zero based)
 Heap Region Size: 4M
 Heap Min Capacity: 8M
 Heap Initial Capacity: 512M
 Heap Max Capacity: 8G
 Pre-touch: Disabled
 Parallel Workers: 10
 Concurrent Workers: 3
 Concurrent Refinement Workers: 10
 Periodic GC: Disabled

Heap:
 garbage-first heap   total 532480K, used 166597K [0x0000000600000000, 0x0000000800000000)
  region size 4096K, 37 young (151552K), 5 survivors (20480K)
 Metaspace       used 9734K, committed 9920K, reserved 1064960K
  class space    used 1003K, committed 1088K, reserved 1048576K

Heap Regions: E=young(eden), S=young(survivor), O=old, HS=humongous(starts), HC=humongous(continues), CS=collection set, F=free, OA=open archive, CA=closed archive, TAMS=top-at-mark-start (previous, next)
|   0|0x0000000600000000, 0x0000000600400000, 0x0000000600400000|100%| O|  |TAMS 0x0000000600000000, 0x0000000600000000| Untracked 
|   1|0x0000000600400000, 0x0000000600800000, 0x0000000600800000|100%| O|  |TAMS 0x0000000600400000, 0x0000000600400000| Untracked 
|   2|0x0000000600800000, 0x0000000600c00000, 0x0000000600c00000|100%| O|  |TAMS 0x0000000600800000, 0x0000000600800000| Untracked 
|   3|0x0000000600c00000, 0x0000000601000000, 0x0000000601000000|100%| O|  |TAMS 0x0000000600c00000, 0x0000000600c00000| Untracked 
|   4|0x0000000601000000, 0x00000006013d1e00, 0x0000000601400000| 95%| O|  |TAMS 0x0000000601000000, 0x0000000601000000| Untracked 
|   5|0x0000000601400000, 0x0000000601400000, 0x0000000601800000|  0%| F|  |TAMS 0x0000000601400000, 0x0000000601400000| Untracked 
|   6|0x0000000601800000, 0x0000000601800000, 0x0000000601c00000|  0%| F|  |TAMS 0x0000000601800000, 0x0000000601800000| Untracked 
|   7|0x0000000601c00000, 0x0000000601c00000, 0x0000000602000000|  0%| F|  |TAMS 0x0000000601c00000, 0x0000000601c00000| Untracked 
|   8|0x0000000602000000, 0x0000000602000000, 0x0000000602400000|  0%| F|  |TAMS 0x0000000602000000, 0x0000000602000000| Untracked 
|   9|0x0000000602400000, 0x0000000602400000, 0x0000000602800000|  0%| F|  |TAMS 0x0000000602400000, 0x0000000602400000| Untracked 
|  10|0x0000000602800000, 0x0000000602800000, 0x0000000602c00000|  0%| F|  |TAMS 0x0000000602800000, 0x0000000602800000| Untracked 
|  11|0x0000000602c00000, 0x0000000602c00000, 0x0000000603000000|  0%| F|  |TAMS 0x0000000602c00000, 0x0000000602c00000| Untracked 
|  12|0x0000000603000000, 0x0000000603000000, 0x0000000603400000|  0%| F|  |TAMS 0x0000000603000000, 0x0000000603000000| Untracked 
|  13|0x0000000603400000, 0x0000000603400000, 0x0000000603800000|  0%| F|  |TAMS 0x0000000603400000, 0x0000000603400000| Untracked 
|  14|0x0000000603800000, 0x0000000603800000, 0x0000000603c00000|  0%| F|  |TAMS 0x0000000603800000, 0x0000000603800000| Untracked 
|  15|0x0000000603c00000, 0x0000000603c00000, 0x0000000604000000|  0%| F|  |TAMS 0x0000000603c00000, 0x0000000603c00000| Untracked 
|  16|0x0000000604000000, 0x0000000604000000, 0x0000000604400000|  0%| F|  |TAMS 0x0000000604000000, 0x0000000604000000| Untracked 
|  17|0x0000000604400000, 0x0000000604400000, 0x0000000604800000|  0%| F|  |TAMS 0x0000000604400000, 0x0000000604400000| Untracked 
|  18|0x0000000604800000, 0x0000000604800000, 0x0000000604c00000|  0%| F|  |TAMS 0x0000000604800000, 0x0000000604800000| Untracked 
|  19|0x0000000604c00000, 0x0000000604c00000, 0x0000000605000000|  0%| F|  |TAMS 0x0000000604c00000, 0x0000000604c00000| Untracked 
|  20|0x0000000605000000, 0x0000000605000000, 0x0000000605400000|  0%| F|  |TAMS 0x0000000605000000, 0x0000000605000000| Untracked 
|  21|0x0000000605400000, 0x0000000605400000, 0x0000000605800000|  0%| F|  |TAMS 0x0000000605400000, 0x0000000605400000| Untracked 
|  22|0x0000000605800000, 0x0000000605800000, 0x0000000605c00000|  0%| F|  |TAMS 0x0000000605800000, 0x0000000605800000| Untracked 
|  23|0x0000000605c00000, 0x0000000605c00000, 0x0000000606000000|  0%| F|  |TAMS 0x0000000605c00000, 0x0000000605c00000| Untracked 
|  24|0x0000000606000000, 0x0000000606000000, 0x0000000606400000|  0%| F|  |TAMS 0x0000000606000000, 0x0000000606000000| Untracked 
|  25|0x0000000606400000, 0x0000000606400000, 0x0000000606800000|  0%| F|  |TAMS 0x0000000606400000, 0x0000000606400000| Untracked 
|  26|0x0000000606800000, 0x0000000606800000, 0x0000000606c00000|  0%| F|  |TAMS 0x0000000606800000, 0x0000000606800000| Untracked 
|  27|0x0000000606c00000, 0x0000000606c00000, 0x0000000607000000|  0%| F|  |TAMS 0x0000000606c00000, 0x0000000606c00000| Untracked 
|  28|0x0000000607000000, 0x0000000607000000, 0x0000000607400000|  0%| F|  |TAMS 0x0000000607000000, 0x0000000607000000| Untracked 
|  29|0x0000000607400000, 0x0000000607400000, 0x0000000607800000|  0%| F|  |TAMS 0x0000000607400000, 0x0000000607400000| Untracked 
|  30|0x0000000607800000, 0x0000000607800000, 0x0000000607c00000|  0%| F|  |TAMS 0x0000000607800000, 0x0000000607800000| Untracked 
|  31|0x0000000607c00000, 0x0000000607c00000, 0x0000000608000000|  0%| F|  |TAMS 0x0000000607c00000, 0x0000000607c00000| Untracked 
|  32|0x0000000608000000, 0x0000000608000000, 0x0000000608400000|  0%| F|  |TAMS 0x0000000608000000, 0x0000000608000000| Untracked 
|  33|0x0000000608400000, 0x0000000608400000, 0x0000000608800000|  0%| F|  |TAMS 0x0000000608400000, 0x0000000608400000| Untracked 
|  34|0x0000000608800000, 0x0000000608800000, 0x0000000608c00000|  0%| F|  |TAMS 0x0000000608800000, 0x0000000608800000| Untracked 
|  35|0x0000000608c00000, 0x0000000608c00000, 0x0000000609000000|  0%| F|  |TAMS 0x0000000608c00000, 0x0000000608c00000| Untracked 
|  36|0x0000000609000000, 0x0000000609000000, 0x0000000609400000|  0%| F|  |TAMS 0x0000000609000000, 0x0000000609000000| Untracked 
|  37|0x0000000609400000, 0x0000000609400000, 0x0000000609800000|  0%| F|  |TAMS 0x0000000609400000, 0x0000000609400000| Untracked 
|  38|0x0000000609800000, 0x0000000609800000, 0x0000000609c00000|  0%| F|  |TAMS 0x0000000609800000, 0x0000000609800000| Untracked 
|  39|0x0000000609c00000, 0x0000000609c00000, 0x000000060a000000|  0%| F|  |TAMS 0x0000000609c00000, 0x0000000609c00000| Untracked 
|  40|0x000000060a000000, 0x000000060a000000, 0x000000060a400000|  0%| F|  |TAMS 0x000000060a000000, 0x000000060a000000| Untracked 
|  41|0x000000060a400000, 0x000000060a400000, 0x000000060a800000|  0%| F|  |TAMS 0x000000060a400000, 0x000000060a400000| Untracked 
|  42|0x000000060a800000, 0x000000060a800000, 0x000000060ac00000|  0%| F|  |TAMS 0x000000060a800000, 0x000000060a800000| Untracked 
|  43|0x000000060ac00000, 0x000000060ac00000, 0x000000060b000000|  0%| F|  |TAMS 0x000000060ac00000, 0x000000060ac00000| Untracked 
|  44|0x000000060b000000, 0x000000060b000000, 0x000000060b400000|  0%| F|  |TAMS 0x000000060b000000, 0x000000060b000000| Untracked 
|  45|0x000000060b400000, 0x000000060b400000, 0x000000060b800000|  0%| F|  |TAMS 0x000000060b400000, 0x000000060b400000| Untracked 
|  46|0x000000060b800000, 0x000000060b800000, 0x000000060bc00000|  0%| F|  |TAMS 0x000000060b800000, 0x000000060b800000| Untracked 
|  47|0x000000060bc00000, 0x000000060bc00000, 0x000000060c000000|  0%| F|  |TAMS 0x000000060bc00000, 0x000000060bc00000| Untracked 
|  48|0x000000060c000000, 0x000000060c000000, 0x000000060c400000|  0%| F|  |TAMS 0x000000060c000000, 0x000000060c000000| Untracked 
|  49|0x000000060c400000, 0x000000060c400000, 0x000000060c800000|  0%| F|  |TAMS 0x000000060c400000, 0x000000060c400000| Untracked 
|  50|0x000000060c800000, 0x000000060caea8f8, 0x000000060cc00000| 72%| S|CS|TAMS 0x000000060c800000, 0x000000060c800000| Complete 
|  51|0x000000060cc00000, 0x000000060d000000, 0x000000060d000000|100%| S|CS|TAMS 0x000000060cc00000, 0x000000060cc00000| Complete 
|  52|0x000000060d000000, 0x000000060d000000, 0x000000060d400000|  0%| F|  |TAMS 0x000000060d000000, 0x000000060d000000| Untracked 
|  53|0x000000060d400000, 0x000000060d400000, 0x000000060d800000|  0%| F|  |TAMS 0x000000060d400000, 0x000000060d400000| Untracked 
|  54|0x000000060d800000, 0x000000060dc00000, 0x000000060dc00000|100%| S|CS|TAMS 0x000000060d800000, 0x000000060d800000| Complete 
|  55|0x000000060dc00000, 0x000000060e000000, 0x000000060e000000|100%| S|CS|TAMS 0x000000060dc00000, 0x000000060dc00000| Complete 
|  56|0x000000060e000000, 0x000000060e400000, 0x000000060e400000|100%| S|CS|TAMS 0x000000060e000000, 0x000000060e000000| Complete 
|  57|0x000000060e400000, 0x000000060e400000, 0x000000060e800000|  0%| F|  |TAMS 0x000000060e400000, 0x000000060e400000| Untracked 
|  58|0x000000060e800000, 0x000000060e800000, 0x000000060ec00000|  0%| F|  |TAMS 0x000000060e800000, 0x000000060e800000| Untracked 
|  59|0x000000060ec00000, 0x000000060ec00000, 0x000000060f000000|  0%| F|  |TAMS 0x000000060ec00000, 0x000000060ec00000| Untracked 
|  60|0x000000060f000000, 0x000000060f000000, 0x000000060f400000|  0%| F|  |TAMS 0x000000060f000000, 0x000000060f000000| Untracked 
|  61|0x000000060f400000, 0x000000060f400000, 0x000000060f800000|  0%| F|  |TAMS 0x000000060f400000, 0x000000060f400000| Untracked 
|  62|0x000000060f800000, 0x000000060f800000, 0x000000060fc00000|  0%| F|  |TAMS 0x000000060f800000, 0x000000060f800000| Untracked 
|  63|0x000000060fc00000, 0x000000060fc00000, 0x0000000610000000|  0%| F|  |TAMS 0x000000060fc00000, 0x000000060fc00000| Untracked 
|  64|0x0000000610000000, 0x0000000610000000, 0x0000000610400000|  0%| F|  |TAMS 0x0000000610000000, 0x0000000610000000| Untracked 
|  65|0x0000000610400000, 0x0000000610400000, 0x0000000610800000|  0%| F|  |TAMS 0x0000000610400000, 0x0000000610400000| Untracked 
|  66|0x0000000610800000, 0x0000000610800000, 0x0000000610c00000|  0%| F|  |TAMS 0x0000000610800000, 0x0000000610800000| Untracked 
|  67|0x0000000610c00000, 0x0000000610c00000, 0x0000000611000000|  0%| F|  |TAMS 0x0000000610c00000, 0x0000000610c00000| Untracked 
|  68|0x0000000611000000, 0x0000000611000000, 0x0000000611400000|  0%| F|  |TAMS 0x0000000611000000, 0x0000000611000000| Untracked 
|  69|0x0000000611400000, 0x0000000611400000, 0x0000000611800000|  0%| F|  |TAMS 0x0000000611400000, 0x0000000611400000| Untracked 
|  70|0x0000000611800000, 0x0000000611800000, 0x0000000611c00000|  0%| F|  |TAMS 0x0000000611800000, 0x0000000611800000| Untracked 
|  71|0x0000000611c00000, 0x0000000611c00000, 0x0000000612000000|  0%| F|  |TAMS 0x0000000611c00000, 0x0000000611c00000| Untracked 
|  72|0x0000000612000000, 0x0000000612000000, 0x0000000612400000|  0%| F|  |TAMS 0x0000000612000000, 0x0000000612000000| Untracked 
|  73|0x0000000612400000, 0x0000000612400000, 0x0000000612800000|  0%| F|  |TAMS 0x0000000612400000, 0x0000000612400000| Untracked 
|  74|0x0000000612800000, 0x0000000612800000, 0x0000000612c00000|  0%| F|  |TAMS 0x0000000612800000, 0x0000000612800000| Untracked 
|  75|0x0000000612c00000, 0x0000000612c00000, 0x0000000613000000|  0%| F|  |TAMS 0x0000000612c00000, 0x0000000612c00000| Untracked 
|  76|0x0000000613000000, 0x0000000613000000, 0x0000000613400000|  0%| F|  |TAMS 0x0000000613000000, 0x0000000613000000| Untracked 
|  77|0x0000000613400000, 0x0000000613400000, 0x0000000613800000|  0%| F|  |TAMS 0x0000000613400000, 0x0000000613400000| Untracked 
|  78|0x0000000613800000, 0x0000000613800000, 0x0000000613c00000|  0%| F|  |TAMS 0x0000000613800000, 0x0000000613800000| Untracked 
|  79|0x0000000613c00000, 0x0000000613c00000, 0x0000000614000000|  0%| F|  |TAMS 0x0000000613c00000, 0x0000000613c00000| Untracked 
|  80|0x0000000614000000, 0x0000000614000000, 0x0000000614400000|  0%| F|  |TAMS 0x0000000614000000, 0x0000000614000000| Untracked 
|  81|0x0000000614400000, 0x0000000614400000, 0x0000000614800000|  0%| F|  |TAMS 0x0000000614400000, 0x0000000614400000| Untracked 
|  82|0x0000000614800000, 0x0000000614800000, 0x0000000614c00000|  0%| F|  |TAMS 0x0000000614800000, 0x0000000614800000| Untracked 
|  83|0x0000000614c00000, 0x0000000614c00000, 0x0000000615000000|  0%| F|  |TAMS 0x0000000614c00000, 0x0000000614c00000| Untracked 
|  84|0x0000000615000000, 0x0000000615000000, 0x0000000615400000|  0%| F|  |TAMS 0x0000000615000000, 0x0000000615000000| Untracked 
|  85|0x0000000615400000, 0x0000000615400000, 0x0000000615800000|  0%| F|  |TAMS 0x0000000615400000, 0x0000000615400000| Untracked 
|  86|0x0000000615800000, 0x0000000615800000, 0x0000000615c00000|  0%| F|  |TAMS 0x0000000615800000, 0x0000000615800000| Untracked 
|  87|0x0000000615c00000, 0x0000000615c00000, 0x0000000616000000|  0%| F|  |TAMS 0x0000000615c00000, 0x0000000615c00000| Untracked 
|  88|0x0000000616000000, 0x0000000616000000, 0x0000000616400000|  0%| F|  |TAMS 0x0000000616000000, 0x0000000616000000| Untracked 
|  89|0x0000000616400000, 0x0000000616400000, 0x0000000616800000|  0%| F|  |TAMS 0x0000000616400000, 0x0000000616400000| Untracked 
|  90|0x0000000616800000, 0x0000000616800000, 0x0000000616c00000|  0%| F|  |TAMS 0x0000000616800000, 0x0000000616800000| Untracked 
|  91|0x0000000616c00000, 0x0000000616c00000, 0x0000000617000000|  0%| F|  |TAMS 0x0000000616c00000, 0x0000000616c00000| Untracked 
|  92|0x0000000617000000, 0x0000000617000000, 0x0000000617400000|  0%| F|  |TAMS 0x0000000617000000, 0x0000000617000000| Untracked 
|  93|0x0000000617400000, 0x0000000617400000, 0x0000000617800000|  0%| F|  |TAMS 0x0000000617400000, 0x0000000617400000| Untracked 
|  94|0x0000000617800000, 0x0000000617800000, 0x0000000617c00000|  0%| F|  |TAMS 0x0000000617800000, 0x0000000617800000| Untracked 
|  95|0x0000000617c00000, 0x0000000617c00000, 0x0000000618000000|  0%| F|  |TAMS 0x0000000617c00000, 0x0000000617c00000| Untracked 
|  96|0x0000000618000000, 0x00000006181d4c10, 0x0000000618400000| 45%| E|  |TAMS 0x0000000618000000, 0x0000000618000000| Complete 
|  97|0x0000000618400000, 0x0000000618800000, 0x0000000618800000|100%| E|CS|TAMS 0x0000000618400000, 0x0000000618400000| Complete 
|  98|0x0000000618800000, 0x0000000618bbb9a8, 0x0000000618c00000| 93%| E|  |TAMS 0x0000000618800000, 0x0000000618800000| Complete 
|  99|0x0000000618c00000, 0x0000000619000000, 0x0000000619000000|100%| E|CS|TAMS 0x0000000618c00000, 0x0000000618c00000| Complete 
| 100|0x0000000619000000, 0x0000000619400000, 0x0000000619400000|100%| E|CS|TAMS 0x0000000619000000, 0x0000000619000000| Complete 
| 101|0x0000000619400000, 0x0000000619800000, 0x0000000619800000|100%| E|CS|TAMS 0x0000000619400000, 0x0000000619400000| Complete 
| 102|0x0000000619800000, 0x0000000619c00000, 0x0000000619c00000|100%| E|CS|TAMS 0x0000000619800000, 0x0000000619800000| Complete 
| 103|0x0000000619c00000, 0x000000061a000000, 0x000000061a000000|100%| E|CS|TAMS 0x0000000619c00000, 0x0000000619c00000| Complete 
| 104|0x000000061a000000, 0x000000061a400000, 0x000000061a400000|100%| E|CS|TAMS 0x000000061a000000, 0x000000061a000000| Complete 
| 105|0x000000061a400000, 0x000000061a800000, 0x000000061a800000|100%| E|CS|TAMS 0x000000061a400000, 0x000000061a400000| Complete 
| 106|0x000000061a800000, 0x000000061ac00000, 0x000000061ac00000|100%| E|CS|TAMS 0x000000061a800000, 0x000000061a800000| Complete 
| 107|0x000000061ac00000, 0x000000061b000000, 0x000000061b000000|100%| E|CS|TAMS 0x000000061ac00000, 0x000000061ac00000| Complete 
| 108|0x000000061b000000, 0x000000061b400000, 0x000000061b400000|100%| E|CS|TAMS 0x000000061b000000, 0x000000061b000000| Complete 
| 109|0x000000061b400000, 0x000000061b800000, 0x000000061b800000|100%| E|CS|TAMS 0x000000061b400000, 0x000000061b400000| Complete 
| 110|0x000000061b800000, 0x000000061bc00000, 0x000000061bc00000|100%| E|CS|TAMS 0x000000061b800000, 0x000000061b800000| Complete 
| 111|0x000000061bc00000, 0x000000061c000000, 0x000000061c000000|100%| E|CS|TAMS 0x000000061bc00000, 0x000000061bc00000| Complete 
| 112|0x000000061c000000, 0x000000061c400000, 0x000000061c400000|100%| E|CS|TAMS 0x000000061c000000, 0x000000061c000000| Complete 
| 113|0x000000061c400000, 0x000000061c800000, 0x000000061c800000|100%| E|CS|TAMS 0x000000061c400000, 0x000000061c400000| Complete 
| 114|0x000000061c800000, 0x000000061cc00000, 0x000000061cc00000|100%| E|CS|TAMS 0x000000061c800000, 0x000000061c800000| Complete 
| 115|0x000000061cc00000, 0x000000061d000000, 0x000000061d000000|100%| E|CS|TAMS 0x000000061cc00000, 0x000000061cc00000| Complete 
| 116|0x000000061d000000, 0x000000061d400000, 0x000000061d400000|100%| E|CS|TAMS 0x000000061d000000, 0x000000061d000000| Complete 
| 117|0x000000061d400000, 0x000000061d800000, 0x000000061d800000|100%| E|CS|TAMS 0x000000061d400000, 0x000000061d400000| Complete 
| 118|0x000000061d800000, 0x000000061dc00000, 0x000000061dc00000|100%| E|CS|TAMS 0x000000061d800000, 0x000000061d800000| Complete 
| 119|0x000000061dc00000, 0x000000061e000000, 0x000000061e000000|100%| E|CS|TAMS 0x000000061dc00000, 0x000000061dc00000| Complete 
| 120|0x000000061e000000, 0x000000061e400000, 0x000000061e400000|100%| E|CS|TAMS 0x000000061e000000, 0x000000061e000000| Complete 
| 121|0x000000061e400000, 0x000000061e800000, 0x000000061e800000|100%| E|CS|TAMS 0x000000061e400000, 0x000000061e400000| Complete 
| 122|0x000000061e800000, 0x000000061ec00000, 0x000000061ec00000|100%| E|CS|TAMS 0x000000061e800000, 0x000000061e800000| Complete 
| 123|0x000000061ec00000, 0x000000061f000000, 0x000000061f000000|100%| E|CS|TAMS 0x000000061ec00000, 0x000000061ec00000| Complete 
| 124|0x000000061f000000, 0x000000061f400000, 0x000000061f400000|100%| E|CS|TAMS 0x000000061f000000, 0x000000061f000000| Complete 
| 125|0x000000061f400000, 0x000000061f800000, 0x000000061f800000|100%| E|CS|TAMS 0x000000061f400000, 0x000000061f400000| Complete 
| 126|0x000000061f800000, 0x000000061fc00000, 0x000000061fc00000|100%| E|CS|TAMS 0x000000061f800000, 0x000000061f800000| Complete 
| 127|0x000000061fc00000, 0x0000000620000000, 0x0000000620000000|100%| E|CS|TAMS 0x000000061fc00000, 0x000000061fc00000| Complete 
|2046|0x00000007ff800000, 0x00000007ffb76000, 0x00000007ffc00000| 86%|OA|  |TAMS 0x00000007ff800000, 0x00000007ff800000| Untracked 
|2047|0x00000007ffc00000, 0x00000007ffc7f000, 0x0000000800000000| 12%|CA|  |TAMS 0x00000007ffc00000, 0x00000007ffc00000| Untracked 

Card table byte_map: [0x000000011f961000,0x0000000120961000] _byte_map_base: 0x000000011c961000

Marking Bits (Prev, Next): (CMBitMap*) 0x00007f9760806610, (CMBitMap*) 0x00007f9760806650
 Prev Bits: [0x0000000121961000, 0x0000000129961000)
 Next Bits: [0x0000000129961000, 0x0000000131961000)

Polling page: 0x00000001045d9000

Metaspace:

Usage:
  Non-class:      8.53 MB used.
      Class:   1003.77 KB used.
       Both:      9.51 MB used.

Virtual space:
  Non-class space:       16.00 MB reserved,       8.62 MB ( 54%) committed,  2 nodes.
      Class space:        1.00 GB reserved,       1.06 MB ( <1%) committed,  1 nodes.
             Both:        1.02 GB reserved,       9.69 MB ( <1%) committed. 

Chunk freelists:
   Non-Class:  2.98 MB
       Class:  2.75 MB
        Both:  5.73 MB

MaxMetaspaceSize: unlimited
CompressedClassSpaceSize: 1.00 GB
Initial GC threshold: 21.00 MB
Current GC threshold: 21.00 MB
CDS: on
MetaspaceReclaimPolicy: balanced
 - commit_granule_bytes: 65536.
 - commit_granule_words: 8192.
 - virtual_space_node_default_size: 1048576.
 - enlarge_chunks_in_place: 1.
 - new_chunks_are_fully_committed: 0.
 - uncommit_free_chunks: 1.
 - use_allocation_guard: 0.
 - handle_deallocations: 1.


Internal statistics:

num_allocs_failed_limit: 0.
num_arena_births: 166.
num_arena_deaths: 0.
num_vsnodes_births: 3.
num_vsnodes_deaths: 0.
num_space_committed: 155.
num_space_uncommitted: 0.
num_chunks_returned_to_freelist: 0.
num_chunks_taken_from_freelist: 249.
num_chunk_merges: 0.
num_chunk_splits: 156.
num_chunks_enlarged: 89.
num_purges: 0.
num_inconsistent_stats: 0.

CodeHeap 'non-profiled nmethods': size=120028Kb used=1101Kb max_used=1101Kb free=118926Kb
 bounds [0x000000011742a000, 0x000000011769a000, 0x000000011e961000]
CodeHeap 'profiled nmethods': size=120028Kb used=4117Kb max_used=4117Kb free=115910Kb
 bounds [0x000000010fef3000, 0x0000000110303000, 0x000000011742a000]
CodeHeap 'non-nmethods': size=5704Kb used=1357Kb max_used=1443Kb free=4346Kb
 bounds [0x000000010f961000, 0x000000010fbd1000, 0x000000010fef3000]
 total_blobs=2770 nmethods=2128 adapters=556
 compilation: enabled
              stopped_count=0, restarted_count=0
 full_count=0

Compilation events (20 events):
Event: 15.720 Thread 0x00007f9755802a00 nmethod 2119 0x00000001102f2b90 code [0x00000001102f2dc0, 0x00000001102f3600]
Event: 15.720 Thread 0x00007f9755802a00 2120       3       sun.font.Font2D::getStrike (27 bytes)
Event: 15.720 Thread 0x00007f9755802a00 nmethod 2120 0x00000001102f3990 code [0x00000001102f3b40, 0x00000001102f3e10]
Event: 15.720 Thread 0x00007f9755802a00 2121       3       sun.font.FontStrikeDesc::<init> (144 bytes)
Event: 15.720 Thread 0x00007f9755802a00 nmethod 2121 0x00000001102f3f90 code [0x00000001102f4140, 0x00000001102f4530]
Event: 15.721 Thread 0x00007f9755802a00 2122       3       sun.font.Font2D::getStrike (174 bytes)
Event: 15.721 Thread 0x00007f9755802a00 nmethod 2122 0x00000001102f4610 code [0x00000001102f4920, 0x00000001102f5d20]
Event: 15.721 Thread 0x00007f9755802a00 2123       3       sun.font.GlyphList::setFromString (75 bytes)
Event: 15.721 Thread 0x00007f9755802a00 nmethod 2123 0x00000001102f6390 code [0x00000001102f6580, 0x00000001102f6900]
Event: 15.721 Thread 0x00007f9755802a00 2124       3       sun.font.GlyphList::ensureCapacity (79 bytes)
Event: 15.722 Thread 0x00007f9755802a00 nmethod 2124 0x00000001102f6a90 code [0x00000001102f6c60, 0x00000001102f72b0]
Event: 15.722 Thread 0x00007f9755802a00 2125       3       sun.font.GlyphList::mapChars (47 bytes)
Event: 15.722 Thread 0x00007f9755802a00 nmethod 2125 0x00000001102f7390 code [0x00000001102f7560, 0x00000001102f7920]
Event: 15.722 Thread 0x00007f9755802a00 2126       3       sun.font.CFont::getMapper (24 bytes)
Event: 15.722 Thread 0x00007f9755802a00 nmethod 2126 0x00000001102f7a90 code [0x00000001102f7c80, 0x00000001102f8330]
Event: 15.868 Thread 0x00007f975601ea00 2127       4       java.util.IdentityHashMap$IdentityHashMapIterator::hasNext (50 bytes)
Event: 15.870 Thread 0x00007f975601ea00 nmethod 2127 0x000000011753cd10 code [0x000000011753cea0, 0x000000011753d0d8]
Event: 16.279 Thread 0x00007f975601ea00 2128       4       sun.java2d.pipe.Region::clipRound (34 bytes)
Event: 16.280 Thread 0x00007f975601ea00 nmethod 2128 0x000000011753d210 code [0x000000011753d3c0, 0x000000011753d4d8]
Event: 16.440 Thread 0x00007f975601ea00 2129       4       mayflower.Actor::setLocation (104 bytes)

GC Heap History (20 events):
Event: 5.615 GC heap before
{Heap before GC invocations=2 (full 0):
 garbage-first heap   total 532480K, used 62456K [0x0000000600000000, 0x0000000800000000)
  region size 4096K, 12 young (49152K), 1 survivors (4096K)
 Metaspace       used 7958K, committed 8256K, reserved 1056768K
  class space    used 889K, committed 1024K, reserved 1048576K
}
Event: 5.618 GC heap after
{Heap after GC invocations=3 (full 0):
 garbage-first heap   total 532480K, used 21547K [0x0000000600000000, 0x0000000800000000)
  region size 4096K, 1 young (4096K), 1 survivors (4096K)
 Metaspace       used 7958K, committed 8256K, reserved 1056768K
  class space    used 889K, committed 1024K, reserved 1048576K
}
Event: 6.597 GC heap before
{Heap before GC invocations=3 (full 0):
 garbage-first heap   total 532480K, used 324651K [0x0000000600000000, 0x0000000800000000)
  region size 4096K, 76 young (311296K), 1 survivors (4096K)
 Metaspace       used 8520K, committed 8704K, reserved 1056768K
  class space    used 945K, committed 1024K, reserved 1048576K
}
Event: 6.603 GC heap after
{Heap after GC invocations=4 (full 0):
 garbage-first heap   total 532480K, used 33750K [0x0000000600000000, 0x0000000800000000)
  region size 4096K, 4 young (16384K), 4 survivors (16384K)
 Metaspace       used 8520K, committed 8704K, reserved 1056768K
  class space    used 945K, committed 1024K, reserved 1048576K
}
Event: 8.119 GC heap before
{Heap before GC invocations=4 (full 0):
 garbage-first heap   total 532480K, used 324566K [0x0000000600000000, 0x0000000800000000)
  region size 4096K, 76 young (311296K), 4 survivors (16384K)
 Metaspace       used 9335K, committed 9600K, reserved 1064960K
  class space    used 1003K, committed 1088K, reserved 1048576K
}
Event: 8.121 GC heap after
{Heap after GC invocations=5 (full 0):
 garbage-first heap   total 532480K, used 33315K [0x0000000600000000, 0x0000000800000000)
  region size 4096K, 4 young (16384K), 4 survivors (16384K)
 Metaspace       used 9335K, committed 9600K, reserved 1064960K
  class space    used 1003K, committed 1088K, reserved 1048576K
}
Event: 9.237 GC heap before
{Heap before GC invocations=5 (full 0):
 garbage-first heap   total 532480K, used 324131K [0x0000000600000000, 0x0000000800000000)
  region size 4096K, 76 young (311296K), 4 survivors (16384K)
 Metaspace       used 9430K, committed 9664K, reserved 1064960K
  class space    used 1003K, committed 1088K, reserved 1048576K
}
Event: 9.241 GC heap after
{Heap after GC invocations=6 (full 0):
 garbage-first heap   total 532480K, used 36172K [0x0000000600000000, 0x0000000800000000)
  region size 4096K, 5 young (20480K), 5 survivors (20480K)
 Metaspace       used 9430K, committed 9664K, reserved 1064960K
  class space    used 1003K, committed 1088K, reserved 1048576K
}
Event: 10.353 GC heap before
{Heap before GC invocations=6 (full 0):
 garbage-first heap   total 532480K, used 322892K [0x0000000600000000, 0x0000000800000000)
  region size 4096K, 76 young (311296K), 5 survivors (20480K)
 Metaspace       used 9507K, committed 9728K, reserved 1064960K
  class space    used 1003K, committed 1088K, reserved 1048576K
}
Event: 10.356 GC heap after
{Heap after GC invocations=7 (full 0):
 garbage-first heap   total 532480K, used 38262K [0x0000000600000000, 0x0000000800000000)
  region size 4096K, 6 young (24576K), 6 survivors (24576K)
 Metaspace       used 9507K, committed 9728K, reserved 1064960K
  class space    used 1003K, committed 1088K, reserved 1048576K
}
Event: 11.484 GC heap before
{Heap before GC invocations=7 (full 0):
 garbage-first heap   total 532480K, used 320886K [0x0000000600000000, 0x0000000800000000)
  region size 4096K, 76 young (311296K), 6 survivors (24576K)
 Metaspace       used 9577K, committed 9792K, reserved 1064960K
  class space    used 1003K, committed 1088K, reserved 1048576K
}
Event: 11.487 GC heap after
{Heap after GC invocations=8 (full 0):
 garbage-first heap   total 532480K, used 38108K [0x0000000600000000, 0x0000000800000000)
  region size 4096K, 5 young (20480K), 5 survivors (20480K)
 Metaspace       used 9577K, committed 9792K, reserved 1064960K
  class space    used 1003K, committed 1088K, reserved 1048576K
}
Event: 12.624 GC heap before
{Heap before GC invocations=8 (full 0):
 garbage-first heap   total 532480K, used 324828K [0x0000000600000000, 0x0000000800000000)
  region size 4096K, 76 young (311296K), 5 survivors (20480K)
 Metaspace       used 9639K, committed 9856K, reserved 1064960K
  class space    used 1003K, committed 1088K, reserved 1048576K
}
Event: 12.628 GC heap after
{Heap after GC invocations=9 (full 0):
 garbage-first heap   total 532480K, used 42991K [0x0000000600000000, 0x0000000800000000)
  region size 4096K, 7 young (28672K), 7 survivors (28672K)
 Metaspace       used 9639K, committed 9856K, reserved 1064960K
  class space    used 1003K, committed 1088K, reserved 1048576K
}
Event: 13.718 GC heap before
{Heap before GC invocations=9 (full 0):
 garbage-first heap   total 532480K, used 321519K [0x0000000600000000, 0x0000000800000000)
  region size 4096K, 76 young (311296K), 7 survivors (28672K)
 Metaspace       used 9692K, committed 9920K, reserved 1064960K
  class space    used 1003K, committed 1088K, reserved 1048576K
}
Event: 13.722 GC heap after
{Heap after GC invocations=10 (full 0):
 garbage-first heap   total 532480K, used 43588K [0x0000000600000000, 0x0000000800000000)
  region size 4096K, 5 young (20480K), 5 survivors (20480K)
 Metaspace       used 9692K, committed 9920K, reserved 1064960K
  class space    used 1003K, committed 1088K, reserved 1048576K
}
Event: 14.866 GC heap before
{Heap before GC invocations=10 (full 0):
 garbage-first heap   total 532480K, used 330308K [0x0000000600000000, 0x0000000800000000)
  region size 4096K, 76 young (311296K), 5 survivors (20480K)
 Metaspace       used 9705K, committed 9920K, reserved 1064960K
  class space    used 1003K, committed 1088K, reserved 1048576K
}
Event: 14.868 GC heap after
{Heap after GC invocations=11 (full 0):
 garbage-first heap   total 532480K, used 43452K [0x0000000600000000, 0x0000000800000000)
  region size 4096K, 5 young (20480K), 5 survivors (20480K)
 Metaspace       used 9705K, committed 9920K, reserved 1064960K
  class space    used 1003K, committed 1088K, reserved 1048576K
}
Event: 16.013 GC heap before
{Heap before GC invocations=11 (full 0):
 garbage-first heap   total 532480K, used 330172K [0x0000000600000000, 0x0000000800000000)
  region size 4096K, 76 young (311296K), 5 survivors (20480K)
 Metaspace       used 9734K, committed 9920K, reserved 1064960K
  class space    used 1003K, committed 1088K, reserved 1048576K
}
Event: 16.016 GC heap after
{Heap after GC invocations=12 (full 0):
 garbage-first heap   total 532480K, used 43717K [0x0000000600000000, 0x0000000800000000)
  region size 4096K, 5 young (20480K), 5 survivors (20480K)
 Metaspace       used 9734K, committed 9920K, reserved 1064960K
  class space    used 1003K, committed 1088K, reserved 1048576K
}

Deoptimization events (20 events):
Event: 9.532 Thread 0x00007f9760a5cc00 Uncommon trap: trap_request=0xffffffbe fr.pc=0x00000001174eebb4 relative=0x00000000000067f4
Event: 9.532 Thread 0x00007f9760a5cc00 Uncommon trap: reason=profile_predicate action=maybe_recompile pc=0x00000001174eebb4 method=sun.awt.geom.AreaOp.pruneEdges(Ljava/util/Vector;)Ljava/util/Vector; @ 474 c2
Event: 9.532 Thread 0x00007f9760a5cc00 DEOPT PACKING pc=0x00000001174eebb4 sp=0x00007000039b63c0
Event: 9.532 Thread 0x00007f9760a5cc00 DEOPT UNPACKING pc=0x000000010f9b3099 sp=0x00007000039b6380 mode 2
Event: 9.533 Thread 0x00007f9760a5cc00 Uncommon trap: trap_request=0xffffffbe fr.pc=0x00000001174eebb4 relative=0x00000000000067f4
Event: 9.533 Thread 0x00007f9760a5cc00 Uncommon trap: reason=profile_predicate action=maybe_recompile pc=0x00000001174eebb4 method=sun.awt.geom.AreaOp.pruneEdges(Ljava/util/Vector;)Ljava/util/Vector; @ 474 c2
Event: 9.533 Thread 0x00007f9760a5cc00 DEOPT PACKING pc=0x00000001174eebb4 sp=0x00007000039b6390
Event: 9.533 Thread 0x00007f9760a5cc00 DEOPT UNPACKING pc=0x000000010f9b3099 sp=0x00007000039b6350 mode 2
Event: 9.533 Thread 0x00007f9760a5cc00 Uncommon trap: trap_request=0xffffffbe fr.pc=0x00000001174eebb4 relative=0x00000000000067f4
Event: 9.533 Thread 0x00007f9760a5cc00 Uncommon trap: reason=profile_predicate action=maybe_recompile pc=0x00000001174eebb4 method=sun.awt.geom.AreaOp.pruneEdges(Ljava/util/Vector;)Ljava/util/Vector; @ 474 c2
Event: 9.533 Thread 0x00007f9760a5cc00 DEOPT PACKING pc=0x00000001174eebb4 sp=0x00007000039b6390
Event: 9.533 Thread 0x00007f9760a5cc00 DEOPT UNPACKING pc=0x000000010f9b3099 sp=0x00007000039b6350 mode 2
Event: 13.149 Thread 0x00007f9760a5cc00 DEOPT PACKING pc=0x00000001100c4264 sp=0x00007000039b5f30
Event: 13.149 Thread 0x00007f9760a5cc00 DEOPT UNPACKING pc=0x000000010f9b382f sp=0x00007000039b53a8 mode 0
Event: 13.158 Thread 0x00007f9760a5cc00 Uncommon trap: trap_request=0xffffff45 fr.pc=0x0000000117500854 relative=0x00000000000058d4
Event: 13.158 Thread 0x00007f9760a5cc00 Uncommon trap: reason=unstable_if action=reinterpret pc=0x0000000117500854 method=java.util.TimSort.countRunAndMakeAscending([Ljava/lang/Object;IILjava/util/Comparator;)I @ 114 c2
Event: 13.158 Thread 0x00007f9760a5cc00 DEOPT PACKING pc=0x0000000117500854 sp=0x00007000039b63c0
Event: 13.158 Thread 0x00007f9760a5cc00 DEOPT UNPACKING pc=0x000000010f9b3099 sp=0x00007000039b61e8 mode 2
Event: 13.687 Thread 0x00007f97550fe000 DEOPT PACKING pc=0x000000011012eb25 sp=0x00007000038b3310
Event: 13.687 Thread 0x00007f97550fe000 DEOPT UNPACKING pc=0x000000010f9b382f sp=0x00007000038b27c0 mode 0

Classes unloaded (0 events):
No events

Classes redefined (0 events):
No events

Internal exceptions (20 events):
Event: 0.476 Thread 0x00007f975700c400 Exception <a 'java/lang/NoSuchMethodError'{0x000000061feda9d0}: 'java.lang.Object java.lang.invoke.DirectMethodHandle$Holder.invokeStaticInit(java.lang.Object)'> (0x000000061feda9d0) 
thrown [src/hotspot/share/interpreter/linkResolver.cpp, line 759]
Event: 0.480 Thread 0x00007f975700c400 Exception <a 'java/lang/ClassNotFoundException'{0x000000061fee4668}: sun/awt/resources/spi/awtosxProvider> (0x000000061fee4668) 
thrown [src/hotspot/share/classfile/systemDictionary.cpp, line 256]
Event: 4.539 Thread 0x00007f975586b200 Exception <a 'java/lang/NoSuchMethodError'{0x000000061f996de0}: 'void java.lang.invoke.DirectMethodHandle$Holder.invokeStatic(java.lang.Object, java.lang.Object)'> (0x000000061f996de0) 
thrown [src/hotspot/share/interpreter/linkResolver.cpp, line 759]
Event: 5.115 Thread 0x00007f975586b200 Exception <a 'java/lang/NoSuchMethodError'{0x000000061fa54238}: 'void java.lang.invoke.DirectMethodHandle$Holder.invokeSpecial(java.lang.Object, java.lang.Object, java.lang.Object)'> (0x000000061fa54238) 
thrown [src/hotspot/share/interpreter/linkResolver.cpp, line 759]
Event: 5.126 Thread 0x00007f975586b200 Exception <a 'java/lang/NoSuchMethodError'{0x000000061fb888c8}: 'void java.lang.invoke.DirectMethodHandle$Holder.invokeStaticInit(java.lang.Object)'> (0x000000061fb888c8) 
thrown [src/hotspot/share/interpreter/linkResolver.cpp, line 759]
Event: 5.136 Thread 0x00007f975586b200 Exception <a 'java/lang/NoSuchMethodError'{0x000000061fbab6d0}: 'java.lang.Object java.lang.invoke.DirectMethodHandle$Holder.newInvokeSpecial(java.lang.Object, java.lang.Object, java.lang.Object, java.lang.Object, java.lang.Object)'> (0x000000061fbab6d0) 
thrown [src/hotspot/share/interpreter/linkResolver.cpp, line 759]
Event: 5.137 Thread 0x00007f975586b200 Exception <a 'java/lang/NoSuchMethodError'{0x000000061fbb7098}: 'java.lang.Object java.lang.invoke.DirectMethodHandle$Holder.invokeStatic(java.lang.Object, int, java.lang.Object, java.lang.Object, java.lang.Object, java.lang.Object)'> (0x000000061fbb7098) 
thrown [src/hotspot/share/interpreter/linkResolver.cpp, line 759]
Event: 5.141 Thread 0x00007f975586b200 Exception <a 'java/lang/NoSuchMethodError'{0x000000061fbdc788}: 'java.lang.Object java.lang.invoke.DirectMethodHandle$Holder.invokeStatic(java.lang.Object, int, java.lang.Object)'> (0x000000061fbdc788) 
thrown [src/hotspot/share/interpreter/linkResolver.cpp, line 759]
Event: 5.146 Thread 0x00007f975586b200 Exception <a 'java/lang/ClassNotFoundException'{0x000000061f40d578}: com/apple/laf/resources/spi/aquaProvider> (0x000000061f40d578) 
thrown [src/hotspot/share/classfile/systemDictionary.cpp, line 256]
Event: 5.168 Thread 0x00007f975586b200 Exception <a 'java/lang/ClassNotFoundException'{0x000000061f47c690}: com/sun/swing/internal/plaf/basic/resources/spi/basicProvider> (0x000000061f47c690) 
thrown [src/hotspot/share/classfile/systemDictionary.cpp, line 256]
Event: 5.266 Thread 0x00007f975586b200 Exception <a 'java/lang/NoSuchMethodError'{0x000000061f390d90}: 'java.lang.Object java.lang.invoke.DirectMethodHandle$Holder.newInvokeSpecial(java.lang.Object, java.lang.Object, java.lang.Object, int, java.lang.Object)'> (0x000000061f390d90) 
thrown [src/hotspot/share/interpreter/linkResolver.cpp, line 759]
Event: 5.267 Thread 0x00007f975586b200 Exception <a 'java/lang/NoSuchMethodError'{0x000000061f398950}: 'java.lang.Object java.lang.invoke.Invokers$Holder.linkToTargetMethod(java.lang.Object, java.lang.Object, int, java.lang.Object, java.lang.Object)'> (0x000000061f398950) 
thrown [src/hotspot/share/interpreter/linkResolver.cpp, line 759]
Event: 5.283 Thread 0x00007f975586b200 Exception <a 'java/lang/NoSuchMethodError'{0x000000061f3a9d70}: 'java.lang.Object java.lang.invoke.Invokers$Holder.linkToTargetMethod(int, int, int, int, java.lang.Object)'> (0x000000061f3a9d70) 
thrown [src/hotspot/share/interpreter/linkResolver.cpp, line 759]
Event: 5.284 Thread 0x00007f975586b200 Exception <a 'java/lang/NoSuchMethodError'{0x000000061f3adb00}: 'void java.lang.invoke.DirectMethodHandle$Holder.invokeStatic(java.lang.Object, java.lang.Object, long)'> (0x000000061f3adb00) 
thrown [src/hotspot/share/interpreter/linkResolver.cpp, line 759]
Event: 5.294 Thread 0x00007f97610af600 Exception <a 'java/lang/NoSuchMethodError'{0x000000061ffe3488}: 'void java.lang.invoke.DirectMethodHandle$Holder.invokeSpecial(java.lang.Object, java.lang.Object, long)'> (0x000000061ffe3488) 
thrown [src/hotspot/share/interpreter/linkResolver.cpp, line 759]
Event: 5.330 Thread 0x00007f975586b200 Exception <a 'java/lang/NoSuchMethodError'{0x000000061f3c4d60}: 'void java.lang.invoke.DirectMethodHandle$Holder.invokeStatic(java.lang.Object, long, long)'> (0x000000061f3c4d60) 
thrown [src/hotspot/share/interpreter/linkResolver.cpp, line 759]
Event: 5.330 Thread 0x00007f975586b200 Exception <a 'java/lang/NoSuchMethodError'{0x000000061f3ca630}: 'java.lang.Object java.lang.invoke.DirectMethodHandle$Holder.newInvokeSpecial(java.lang.Object, long)'> (0x000000061f3ca630) 
thrown [src/hotspot/share/interpreter/linkResolver.cpp, line 759]
Event: 5.333 Thread 0x00007f975586b200 Exception <a 'java/lang/NoSuchMethodError'{0x000000061ee65af0}: 'java.lang.Object java.lang.invoke.DirectMethodHandle$Holder.newInvokeSpecial(java.lang.Object, java.lang.Object, int)'> (0x000000061ee65af0) 
thrown [src/hotspot/share/interpreter/linkResolver.cpp, line 759]
Event: 5.336 Thread 0x00007f97610af600 Exception <a 'java/lang/NoSuchMethodError'{0x000000061fff0320}: 'void java.lang.invoke.DirectMethodHandle$Holder.invokeStatic(java.lang.Object, long)'> (0x000000061fff0320) 
thrown [src/hotspot/share/interpreter/linkResolver.cpp, line 759]
Event: 5.387 Thread 0x00007f97550fe000 Exception <a 'java/lang/NoSuchMethodError'{0x000000061fddf340}: 'int java.lang.invoke.DirectMethodHandle$Holder.invokeSpecial(java.lang.Object, java.lang.Object, java.lang.Object)'> (0x000000061fddf340) 
thrown [src/hotspot/share/interpreter/linkResolver.cpp, line 759]

VM Operations (20 events):
Event: 11.356 Executing VM operation: Cleanup
Event: 11.356 Executing VM operation: Cleanup done
Event: 11.484 Executing VM operation: G1CollectForAllocation
Event: 11.487 Executing VM operation: G1CollectForAllocation done
Event: 12.488 Executing VM operation: Cleanup
Event: 12.488 Executing VM operation: Cleanup done
Event: 12.624 Executing VM operation: G1CollectForAllocation
Event: 12.628 Executing VM operation: G1CollectForAllocation done
Event: 13.629 Executing VM operation: Cleanup
Event: 13.629 Executing VM operation: Cleanup done
Event: 13.718 Executing VM operation: G1CollectForAllocation
Event: 13.722 Executing VM operation: G1CollectForAllocation done
Event: 14.726 Executing VM operation: Cleanup
Event: 14.726 Executing VM operation: Cleanup done
Event: 14.866 Executing VM operation: G1CollectForAllocation
Event: 14.868 Executing VM operation: G1CollectForAllocation done
Event: 15.868 Executing VM operation: Cleanup
Event: 15.868 Executing VM operation: Cleanup done
Event: 16.013 Executing VM operation: G1CollectForAllocation
Event: 16.016 Executing VM operation: G1CollectForAllocation done

Events (20 events):
Event: 7.293 loading class sun/font/CStrikeDisposer done
Event: 7.293 loading class sun/font/CStrike$GlyphInfoCache done
Event: 7.293 loading class sun/font/CStrike$GlyphAdvanceCache
Event: 7.293 loading class sun/font/CStrike$GlyphAdvanceCache done
Event: 7.293 loading class sun/font/StrikeCache$SoftDisposerRef
Event: 7.293 loading class sun/font/StrikeCache$DisposableStrike
Event: 7.293 loading class sun/font/StrikeCache$DisposableStrike done
Event: 7.293 loading class sun/font/StrikeCache$SoftDisposerRef done
Event: 7.293 loading class sun/font/CCharToGlyphMapper
Event: 7.293 loading class sun/font/CCharToGlyphMapper done
Event: 7.293 loading class sun/font/CCharToGlyphMapper$Cache
Event: 7.293 loading class sun/font/CCharToGlyphMapper$Cache done
Event: 9.487 Thread 0x00007f975613fa00 Thread added: 0x00007f975613fa00
Event: 9.487 Protecting memory [0x0000700002d0d000,0x0000700002d11000] with protection modes 0
Event: 9.487 Thread 0x00007f97551cbe00 Thread added: 0x00007f97551cbe00
Event: 9.487 Protecting memory [0x00007000036b1000,0x00007000036b5000] with protection modes 0
Event: 9.601 Protecting memory [0x00007000036b1000,0x00007000036b5000] with protection modes 3
Event: 9.601 Thread 0x00007f97551cbe00 Thread exited: 0x00007f97551cbe00
Event: 9.961 Protecting memory [0x0000700002d0d000,0x0000700002d11000] with protection modes 3
Event: 9.961 Thread 0x00007f975613fa00 Thread exited: 0x00007f975613fa00


Dynamic libraries:
0x00007fff6cab9000 	/usr/lib/libz.1.dylib
0x0000000104592000 	/Applications/BlueJ.app/Contents/PlugIns/x64/Contents/Home/lib/libjli.dylib
0x00007fff40be9000 	/System/Library/Frameworks/Cocoa.framework/Versions/A/Cocoa
0x00007fff4c9b9000 	/System/Library/Frameworks/Security.framework/Versions/A/Security
0x00007fff3f87b000 	/System/Library/Frameworks/ApplicationServices.framework/Versions/A/ApplicationServices
0x00007fff6a40f000 	/usr/lib/libSystem.B.dylib
0x00007fff6d2af000 	/usr/lib/system/libcache.dylib
0x00007fff6d2b4000 	/usr/lib/system/libcommonCrypto.dylib
0x00007fff6d2bf000 	/usr/lib/system/libcompiler_rt.dylib
0x00007fff6d2c7000 	/usr/lib/system/libcopyfile.dylib
0x00007fff6d2d1000 	/usr/lib/system/libcorecrypto.dylib
0x00007fff6d3dd000 	/usr/lib/system/libdispatch.dylib
0x00007fff6d417000 	/usr/lib/system/libdyld.dylib
0x00007fff6d444000 	/usr/lib/system/libkeymgr.dylib
0x00007fff6d452000 	/usr/lib/system/liblaunch.dylib
0x00007fff6d453000 	/usr/lib/system/libmacho.dylib
0x00007fff6d459000 	/usr/lib/system/libquarantine.dylib
0x00007fff6d45c000 	/usr/lib/system/libremovefile.dylib
0x00007fff6d45e000 	/usr/lib/system/libsystem_asl.dylib
0x00007fff6d476000 	/usr/lib/system/libsystem_blocks.dylib
0x00007fff6d477000 	/usr/lib/system/libsystem_c.dylib
0x00007fff6d4ff000 	/usr/lib/system/libsystem_configuration.dylib
0x00007fff6d503000 	/usr/lib/system/libsystem_coreservices.dylib
0x00007fff6d507000 	/usr/lib/system/libsystem_darwin.dylib
0x00007fff6d50e000 	/usr/lib/system/libsystem_dnssd.dylib
0x00007fff6d515000 	/usr/lib/system/libsystem_info.dylib
0x00007fff6d58a000 	/usr/lib/system/libsystem_m.dylib
0x00007fff6d5d6000 	/usr/lib/system/libsystem_malloc.dylib
0x00007fff6d601000 	/usr/lib/system/libsystem_networkextension.dylib
0x00007fff6d60c000 	/usr/lib/system/libsystem_notify.dylib
0x00007fff6d629000 	/usr/lib/system/libsystem_sandbox.dylib
0x00007fff6d62d000 	/usr/lib/system/libsystem_secinit.dylib
0x00007fff6d561000 	/usr/lib/system/libsystem_kernel.dylib
0x00007fff6d614000 	/usr/lib/system/libsystem_platform.dylib
0x00007fff6d61e000 	/usr/lib/system/libsystem_pthread.dylib
0x00007fff6d630000 	/usr/lib/system/libsystem_symptoms.dylib
0x00007fff6d638000 	/usr/lib/system/libsystem_trace.dylib
0x00007fff6d64f000 	/usr/lib/system/libunwind.dylib
0x00007fff6d655000 	/usr/lib/system/libxpc.dylib
0x00007fff6bc49000 	/usr/lib/libobjc.A.dylib
0x00007fff6a6a8000 	/usr/lib/libc++abi.dylib
0x00007fff6a654000 	/usr/lib/libc++.1.dylib
0x00007fff4145e000 	/System/Library/Frameworks/CoreFoundation.framework/Versions/A/CoreFoundation
0x00007fff436e6000 	/System/Library/Frameworks/Foundation.framework/Versions/C/Foundation
0x00007fff3ea74000 	/System/Library/Frameworks/AppKit.framework/Versions/C/AppKit
0x00007fff40fe7000 	/System/Library/Frameworks/CoreData.framework/Versions/A/CoreData
0x00007fff63ed4000 	/System/Library/PrivateFrameworks/RemoteViewServices.framework/Versions/A/RemoteViewServices
0x00007fff6814b000 	/System/Library/PrivateFrameworks/UIFoundation.framework/Versions/A/UIFoundation
0x00007fff69830000 	/System/Library/PrivateFrameworks/XCTTargetBootstrap.framework/Versions/A/XCTTargetBootstrap
0x00007fff4136d000 	/System/Library/Frameworks/CoreDisplay.framework/Versions/A/CoreDisplay
0x00007fff5ec0a000 	/System/Library/PrivateFrameworks/IconServices.framework/Versions/A/IconServices
0x00007fff4601d000 	/System/Library/Frameworks/Metal.framework/Versions/A/Metal
0x00007fff56148000 	/System/Library/PrivateFrameworks/DesktopServicesPriv.framework/Versions/A/DesktopServicesPriv
0x00007fff6afac000 	/usr/lib/libenergytrace.dylib
0x00007fff66633000 	/System/Library/PrivateFrameworks/SkyLight.framework/Versions/A/SkyLight
0x00007fff418a6000 	/System/Library/Frameworks/CoreGraphics.framework/Versions/A/CoreGraphics
0x00007fff3d840000 	/System/Library/Frameworks/Accelerate.framework/Versions/A/Accelerate
0x00007fff43e30000 	/System/Library/Frameworks/IOSurface.framework/Versions/A/IOSurface
0x00007fff55fb4000 	/System/Library/PrivateFrameworks/DFRFoundation.framework/Versions/A/DFRFoundation
0x00007fff3fd5e000 	/System/Library/Frameworks/AudioToolbox.framework/Versions/A/AudioToolbox
0x00007fff3ffd7000 	/System/Library/Frameworks/AudioUnit.framework/Versions/A/AudioUnit
0x00007fff56049000 	/System/Library/PrivateFrameworks/DataDetectorsCore.framework/Versions/A/DataDetectorsCore
0x00007fff406ec000 	/System/Library/Frameworks/Carbon.framework/Versions/A/Frameworks/HIToolbox.framework/Versions/A/HIToolbox
0x00007fff6b105000 	/usr/lib/libicucore.A.dylib
0x00007fff4bf2a000 	/System/Library/Frameworks/QuartzCore.framework/Versions/A/QuartzCore
0x00007fff40ac1000 	/System/Library/Frameworks/Carbon.framework/Versions/A/Frameworks/SpeechRecognition.framework/Versions/A/SpeechRecognition
0x00007fff6a563000 	/usr/lib/libauto.dylib
0x00007fff6c9ac000 	/usr/lib/libxml2.2.dylib
0x00007fff55b8f000 	/System/Library/PrivateFrameworks/CoreUI.framework/Versions/A/CoreUI
0x00007fff40ed2000 	/System/Library/Frameworks/CoreAudio.framework/Versions/A/CoreAudio
0x00007fff4351a000 	/System/Library/Frameworks/DiskArbitration.framework/Versions/A/DiskArbitration
0x00007fff6b3b3000 	/usr/lib/liblangid.dylib
0x00007fff60016000 	/System/Library/PrivateFrameworks/MultitouchSupport.framework/Versions/A/MultitouchSupport
0x00007fff43d9f000 	/System/Library/Frameworks/IOKit.framework/Versions/A/IOKit
0x00007fff69fcf000 	/usr/lib/libDiagnosticMessagesClient.dylib
0x00007fff426b6000 	/System/Library/Frameworks/CoreServices.framework/Versions/A/CoreServices
0x00007fff61cd3000 	/System/Library/PrivateFrameworks/PerformanceAnalysis.framework/Versions/A/PerformanceAnalysis
0x00007fff4b111000 	/System/Library/Frameworks/OpenGL.framework/Versions/A/OpenGL
0x00007fff40bf7000 	/System/Library/Frameworks/ColorSync.framework/Versions/A/ColorSync
0x00007fff41f38000 	/System/Library/Frameworks/CoreImage.framework/Versions/A/CoreImage
0x00007fff4308e000 	/System/Library/Frameworks/CoreText.framework/Versions/A/CoreText
0x00007fff43e93000 	/System/Library/Frameworks/ImageIO.framework/Versions/A/ImageIO
0x00007fff521df000 	/System/Library/PrivateFrameworks/Backup.framework/Versions/A/Backup
0x00007fff6a4b6000 	/usr/lib/libarchive.2.dylib
0x00007fff40330000 	/System/Library/Frameworks/CFNetwork.framework/Versions/A/CFNetwork
0x00007fff4d116000 	/System/Library/Frameworks/SystemConfiguration.framework/Versions/A/SystemConfiguration
0x00007fff69f00000 	/usr/lib/libCRFSuite.dylib
0x00007fff6a635000 	/usr/lib/libbsm.0.dylib
0x00007fff6d445000 	/usr/lib/system/libkxld.dylib
0x00007fff515cf000 	/System/Library/PrivateFrameworks/AppleFSCompression.framework/Versions/A/AppleFSCompression
0x00007fff6a2cf000 	/usr/lib/libOpenScriptingUtil.dylib
0x00007fff6a95d000 	/usr/lib/libcoretls.dylib
0x00007fff6a974000 	/usr/lib/libcoretls_cfhelpers.dylib
0x00007fff6c3e0000 	/usr/lib/libpam.2.dylib
0x00007fff6c5a0000 	/usr/lib/libsqlite3.dylib
0x00007fff6c99a000 	/usr/lib/libxar.1.dylib
0x00007fff6a646000 	/usr/lib/libbz2.1.0.dylib
0x00007fff6b3b5000 	/usr/lib/liblzma.5.dylib
0x00007fff6b866000 	/usr/lib/libnetwork.dylib
0x00007fff6a49f000 	/usr/lib/libapple_nghttp2.dylib
0x00007fff6c3e7000 	/usr/lib/libpcap.A.dylib
0x00007fff42a55000 	/System/Library/Frameworks/CoreServices.framework/Versions/A/Frameworks/FSEvents.framework/Versions/A/FSEvents
0x00007fff42734000 	/System/Library/Frameworks/CoreServices.framework/Versions/A/Frameworks/CarbonCore.framework/Versions/A/CarbonCore
0x00007fff42c10000 	/System/Library/Frameworks/CoreServices.framework/Versions/A/Frameworks/Metadata.framework/Versions/A/Metadata
0x00007fff42caf000 	/System/Library/Frameworks/CoreServices.framework/Versions/A/Frameworks/OSServices.framework/Versions/A/OSServices
0x00007fff42cfa000 	/System/Library/Frameworks/CoreServices.framework/Versions/A/Frameworks/SearchKit.framework/Versions/A/SearchKit
0x00007fff426b7000 	/System/Library/Frameworks/CoreServices.framework/Versions/A/Frameworks/AE.framework/Versions/A/AE
0x00007fff42a5e000 	/System/Library/Frameworks/CoreServices.framework/Versions/A/Frameworks/LaunchServices.framework/Versions/A/LaunchServices
0x00007fff42a0c000 	/System/Library/Frameworks/CoreServices.framework/Versions/A/Frameworks/DictionaryServices.framework/Versions/A/DictionaryServices
0x00007fff42d62000 	/System/Library/Frameworks/CoreServices.framework/Versions/A/Frameworks/SharedFileList.framework/Versions/A/SharedFileList
0x00007fff470ec000 	/System/Library/Frameworks/NetFS.framework/Versions/A/NetFS
0x00007fff6027c000 	/System/Library/PrivateFrameworks/NetAuth.framework/Versions/A/NetAuth
0x00007fff69c34000 	/System/Library/PrivateFrameworks/login.framework/Versions/A/Frameworks/loginsupport.framework/Versions/A/loginsupport
0x00007fff67d54000 	/System/Library/PrivateFrameworks/TCC.framework/Versions/A/TCC
0x00007fff551ec000 	/System/Library/PrivateFrameworks/CoreNLP.framework/Versions/A/CoreNLP
0x00007fff5fd11000 	/System/Library/PrivateFrameworks/MetadataUtilities.framework/Versions/A/MetadataUtilities
0x00007fff6b48a000 	/usr/lib/libmecabra.dylib
0x00007fff3f87c000 	/System/Library/Frameworks/ApplicationServices.framework/Versions/A/Frameworks/ATS.framework/Versions/A/ATS
0x00007fff3fbcb000 	/System/Library/Frameworks/ApplicationServices.framework/Versions/A/Frameworks/ColorSyncLegacy.framework/Versions/A/ColorSyncLegacy
0x00007fff3fc6a000 	/System/Library/Frameworks/ApplicationServices.framework/Versions/A/Frameworks/HIServices.framework/Versions/A/HIServices
0x00007fff3fcbd000 	/System/Library/Frameworks/ApplicationServices.framework/Versions/A/Frameworks/LangAnalysis.framework/Versions/A/LangAnalysis
0x00007fff3fccd000 	/System/Library/Frameworks/ApplicationServices.framework/Versions/A/Frameworks/PrintCore.framework/Versions/A/PrintCore
0x00007fff3fd17000 	/System/Library/Frameworks/ApplicationServices.framework/Versions/A/Frameworks/QD.framework/Versions/A/QD
0x00007fff3fd51000 	/System/Library/Frameworks/ApplicationServices.framework/Versions/A/Frameworks/SpeechSynthesis.framework/Versions/A/SpeechSynthesis
0x00007fff6a6d0000 	/usr/lib/libcompression.dylib
0x00007fff462ed000 	/System/Library/Frameworks/MetalPerformanceShaders.framework/Versions/A/MetalPerformanceShaders
0x00007fff3d858000 	/System/Library/Frameworks/Accelerate.framework/Versions/A/Frameworks/vImage.framework/Versions/A/vImage
0x00007fff3e8d2000 	/System/Library/Frameworks/Accelerate.framework/Versions/A/Frameworks/vecLib.framework/Versions/A/vecLib
0x00007fff3e81e000 	/System/Library/Frameworks/Accelerate.framework/Versions/A/Frameworks/vecLib.framework/Versions/A/libvMisc.dylib
0x00007fff3e636000 	/System/Library/Frameworks/Accelerate.framework/Versions/A/Frameworks/vecLib.framework/Versions/A/libvDSP.dylib
0x00007fff3def2000 	/System/Library/Frameworks/Accelerate.framework/Versions/A/Frameworks/vecLib.framework/Versions/A/libBLAS.dylib
0x00007fff3e1df000 	/System/Library/Frameworks/Accelerate.framework/Versions/A/Frameworks/vecLib.framework/Versions/A/libLAPACK.dylib
0x00007fff3e589000 	/System/Library/Frameworks/Accelerate.framework/Versions/A/Frameworks/vecLib.framework/Versions/A/libLinearAlgebra.dylib
0x00007fff3e622000 	/System/Library/Frameworks/Accelerate.framework/Versions/A/Frameworks/vecLib.framework/Versions/A/libSparseBLAS.dylib
0x00007fff3e59f000 	/System/Library/Frameworks/Accelerate.framework/Versions/A/Frameworks/vecLib.framework/Versions/A/libQuadrature.dylib
0x00007fff3e16c000 	/System/Library/Frameworks/Accelerate.framework/Versions/A/Frameworks/vecLib.framework/Versions/A/libBNNS.dylib
0x00007fff3e5a5000 	/System/Library/Frameworks/Accelerate.framework/Versions/A/Frameworks/vecLib.framework/Versions/A/libSparse.dylib
0x00007fff5c53a000 	/System/Library/PrivateFrameworks/GPUWrangler.framework/Versions/A/GPUWrangler
0x00007fff5e83f000 	/System/Library/PrivateFrameworks/IOAccelerator.framework/Versions/A/IOAccelerator
0x00007fff5e84a000 	/System/Library/PrivateFrameworks/IOPresentment.framework/Versions/A/IOPresentment
0x00007fff55fc4000 	/System/Library/PrivateFrameworks/DSExternalDisplay.framework/Versions/A/DSExternalDisplay
0x00007fff4a568000 	/System/Library/Frameworks/OpenGL.framework/Versions/A/Libraries/libCoreFSCache.dylib
0x00007fff460e1000 	/System/Library/Frameworks/MetalPerformanceShaders.framework/Frameworks/MPSCore.framework/Versions/A/MPSCore
0x00007fff46101000 	/System/Library/Frameworks/MetalPerformanceShaders.framework/Frameworks/MPSImage.framework/Versions/A/MPSImage
0x00007fff461a6000 	/System/Library/Frameworks/MetalPerformanceShaders.framework/Frameworks/MPSNeuralNetwork.framework/Versions/A/MPSNeuralNetwork
0x00007fff4617e000 	/System/Library/Frameworks/MetalPerformanceShaders.framework/Frameworks/MPSMatrix.framework/Versions/A/MPSMatrix
0x00007fff462d2000 	/System/Library/Frameworks/MetalPerformanceShaders.framework/Frameworks/MPSRayIntersector.framework/Versions/A/MPSRayIntersector
0x00007fff5fd3a000 	/System/Library/PrivateFrameworks/MetalTools.framework/Versions/A/MetalTools
0x00007fff50e79000 	/System/Library/PrivateFrameworks/AggregateDictionary.framework/Versions/A/AggregateDictionary
0x00007fff6a2af000 	/usr/lib/libMobileGestalt.dylib
0x00007fff431f3000 	/System/Library/Frameworks/CoreVideo.framework/Versions/A/CoreVideo
0x00007fff5d34b000 	/System/Library/PrivateFrameworks/GraphVisualizer.framework/Versions/A/GraphVisualizer
0x00007fff571ca000 	/System/Library/PrivateFrameworks/FaceCore.framework/Versions/A/FaceCore
0x00007fff49b96000 	/System/Library/Frameworks/OpenCL.framework/Versions/A/OpenCL
0x00007fff6a007000 	/usr/lib/libFosl_dynamic.dylib
0x00007fff60ae8000 	/System/Library/PrivateFrameworks/OTSVG.framework/Versions/A/OTSVG
0x00007fff3f980000 	/System/Library/Frameworks/ApplicationServices.framework/Versions/A/Frameworks/ATS.framework/Versions/A/Resources/libFontParser.dylib
0x00007fff3fa98000 	/System/Library/Frameworks/ApplicationServices.framework/Versions/A/Frameworks/ATS.framework/Versions/A/Resources/libFontRegistry.dylib
0x00007fff44103000 	/System/Library/Frameworks/ImageIO.framework/Versions/A/Resources/libJPEG.dylib
0x00007fff44428000 	/System/Library/Frameworks/ImageIO.framework/Versions/A/Resources/libTIFF.dylib
0x00007fff443fe000 	/System/Library/Frameworks/ImageIO.framework/Versions/A/Resources/libPng.dylib
0x00007fff44021000 	/System/Library/Frameworks/ImageIO.framework/Versions/A/Resources/libGIF.dylib
0x00007fff44026000 	/System/Library/Frameworks/ImageIO.framework/Versions/A/Resources/libJP2.dylib
0x00007fff44425000 	/System/Library/Frameworks/ImageIO.framework/Versions/A/Resources/libRadiance.dylib
0x00007fff51726000 	/System/Library/PrivateFrameworks/AppleJPEG.framework/Versions/A/AppleJPEG
0x00007fff4a573000 	/System/Library/Frameworks/OpenGL.framework/Versions/A/Libraries/libGFXShared.dylib
0x00007fff4a736000 	/System/Library/Frameworks/OpenGL.framework/Versions/A/Libraries/libGLU.dylib
0x00007fff4a57c000 	/System/Library/Frameworks/OpenGL.framework/Versions/A/Libraries/libGL.dylib
0x00007fff4a588000 	/System/Library/Frameworks/OpenGL.framework/Versions/A/Libraries/libGLImage.dylib
0x00007fff4a565000 	/System/Library/Frameworks/OpenGL.framework/Versions/A/Libraries/libCVMSPluginSupport.dylib
0x00007fff4a56e000 	/System/Library/Frameworks/OpenGL.framework/Versions/A/Libraries/libCoreVMClient.dylib
0x00007fff6ae21000 	/usr/lib/libcups.2.dylib
0x00007fff455e8000 	/System/Library/Frameworks/Kerberos.framework/Versions/A/Kerberos
0x00007fff43b03000 	/System/Library/Frameworks/GSS.framework/Versions/A/GSS
0x00007fff6c535000 	/usr/lib/libresolv.9.dylib
0x00007fff6b014000 	/usr/lib/libiconv.2.dylib
0x00007fff5d4c0000 	/System/Library/PrivateFrameworks/Heimdal.framework/Versions/A/Heimdal
0x00007fff6afe4000 	/usr/lib/libheimdal-asn1.dylib
0x00007fff49c0a000 	/System/Library/Frameworks/OpenDirectory.framework/Versions/A/OpenDirectory
0x00007fff53f4f000 	/System/Library/PrivateFrameworks/CommonAuth.framework/Versions/A/CommonAuth
0x00007fff49bee000 	/System/Library/Frameworks/OpenDirectory.framework/Versions/A/Frameworks/CFOpenDirectory.framework/Versions/A/CFOpenDirectory
0x00007fff4ccbb000 	/System/Library/Frameworks/SecurityFoundation.framework/Versions/A/SecurityFoundation
0x00007fff503bf000 	/System/Library/PrivateFrameworks/APFS.framework/Versions/A/APFS
0x00007fff6c996000 	/usr/lib/libutil.dylib
0x00007fff6a6be000 	/usr/lib/libcharset.1.dylib
0x00007fff519c3000 	/System/Library/PrivateFrameworks/AppleSauce.framework/Versions/A/AppleSauce
0x00007fff51b44000 	/System/Library/PrivateFrameworks/AssertionServices.framework/Versions/A/AssertionServices
0x00007fff52275000 	/System/Library/PrivateFrameworks/BaseBoard.framework/Versions/A/BaseBoard
0x00007fff6b3e5000 	/usr/lib/libmecab.1.0.0.dylib
0x00007fff6afde000 	/usr/lib/libgermantok.dylib
0x00007fff6a48c000 	/usr/lib/libThaiTokenizer.dylib
0x00007fff69f37000 	/usr/lib/libChineseTokenizer.dylib
0x00007fff5eef7000 	/System/Library/PrivateFrameworks/LanguageModeling.framework/Versions/A/LanguageModeling
0x00007fff54c31000 	/System/Library/PrivateFrameworks/CoreEmoji.framework/Versions/A/CoreEmoji
0x00007fff5efd3000 	/System/Library/PrivateFrameworks/Lexicon.framework/Versions/A/Lexicon
0x00007fff5f016000 	/System/Library/PrivateFrameworks/LinguisticData.framework/Versions/A/LinguisticData
0x00007fff6a6bf000 	/usr/lib/libcmph.dylib
0x00007fff4cd79000 	/System/Library/Frameworks/ServiceManagement.framework/Versions/A/ServiceManagement
0x00007fff521d6000 	/System/Library/PrivateFrameworks/BackgroundTaskManagement.framework/Versions/A/BackgroundTaskManagement
0x00007fff6ca90000 	/usr/lib/libxslt.1.dylib
0x00007fff409ee000 	/System/Library/Frameworks/Carbon.framework/Versions/A/Frameworks/Ink.framework/Versions/A/Ink
0x00007fff67fc6000 	/System/Library/PrivateFrameworks/TextureIO.framework/Versions/A/TextureIO
0x00007fff6a4e0000 	/usr/lib/libate.dylib
0x00007fff55f13000 	/System/Library/PrivateFrameworks/CrashReporterSupport.framework/Versions/A/CrashReporterSupport
0x00007fff65700000 	/System/Library/PrivateFrameworks/Sharing.framework/Versions/A/Sharing
0x00007fff51f28000 	/System/Library/PrivateFrameworks/AuthKit.framework/Versions/A/AuthKit
0x00007fff5147b000 	/System/Library/PrivateFrameworks/Apple80211.framework/Versions/A/Apple80211
0x00007fff55cbb000 	/System/Library/PrivateFrameworks/CoreUtils.framework/Versions/A/CoreUtils
0x00007fff43234000 	/System/Library/Frameworks/CoreWLAN.framework/Versions/A/CoreWLAN
0x00007fff43c32000 	/System/Library/Frameworks/IOBluetooth.framework/Versions/A/IOBluetooth
0x00007fff63b74000 	/System/Library/PrivateFrameworks/ProtocolBuffer.framework/Versions/A/ProtocolBuffer
0x00007fff5ff72000 	/System/Library/PrivateFrameworks/MobileKeyBag.framework/Versions/A/MobileKeyBag
0x00007fff554ff000 	/System/Library/PrivateFrameworks/CorePhoneNumbers.framework/Versions/A/CorePhoneNumbers
0x00007fff516da000 	/System/Library/PrivateFrameworks/AppleIDAuthSupport.framework/Versions/A/AppleIDAuthSupport
0x00007fff5eeca000 	/System/Library/PrivateFrameworks/KeychainCircle.framework/Versions/A/KeychainCircle
0x00007fff63d2a000 	/System/Library/PrivateFrameworks/ROCKit.framework/Versions/A/ROCKit
0x00007fff55eaf000 	/System/Library/PrivateFrameworks/CoreWiFi.framework/Versions/A/CoreWiFi
0x00007fff40fbc000 	/System/Library/Frameworks/CoreBluetooth.framework/Versions/A/CoreBluetooth
0x00007fff5610a000 	/System/Library/PrivateFrameworks/DebugSymbols.framework/Versions/A/DebugSymbols
0x00007fff55a7b000 	/System/Library/PrivateFrameworks/CoreSymbolication.framework/Versions/A/CoreSymbolication
0x00007fff677e3000 	/System/Library/PrivateFrameworks/Symbolication.framework/Versions/A/Symbolication
0x00007fff67086000 	/System/Library/PrivateFrameworks/SpeechRecognitionCore.framework/Versions/A/SpeechRecognitionCore
0x0000000105e00000 	/Applications/BlueJ.app/Contents/PlugIns/x64/Contents/Home/lib/server/libjvm.dylib
0x00000001045cd000 	/Applications/BlueJ.app/Contents/PlugIns/x64/Contents/Home/lib/libjimage.dylib
0x0000000106f80000 	/Applications/BlueJ.app/Contents/PlugIns/x64/Contents/Home/lib/libjdwp.dylib
0x0000000106fc3000 	/Applications/BlueJ.app/Contents/PlugIns/x64/Contents/Home/lib/./libjava.dylib
0x0000000107289000 	/Applications/BlueJ.app/Contents/PlugIns/x64/Contents/Home/lib/libdt_socket.dylib
0x0000000107295000 	/Applications/BlueJ.app/Contents/PlugIns/x64/Contents/Home/lib/libnio.dylib
0x00000001072aa000 	/Applications/BlueJ.app/Contents/PlugIns/x64/Contents/Home/lib/./libnet.dylib
0x00000001072c4000 	/Applications/BlueJ.app/Contents/PlugIns/x64/Contents/Home/lib/libzip.dylib
0x00000001072d2000 	/Applications/BlueJ.app/Contents/PlugIns/x64/Contents/Home/lib/libawt.dylib
0x0000000107391000 	/Applications/BlueJ.app/Contents/PlugIns/x64/Contents/Home/lib/./libmlib_image.dylib
0x00007fff455da000 	/System/Library/Frameworks/JavaVM.framework/Versions/A/Frameworks/JavaRuntimeSupport.framework/Versions/A/JavaRuntimeSupport
0x00007fff455d1000 	/System/Library/Frameworks/JavaVM.framework/Versions/A/Frameworks/JavaNativeFoundation.framework/Versions/A/JavaNativeFoundation
0x00007fff455e3000 	/System/Library/Frameworks/JavaVM.framework/Versions/A/JavaVM
0x00007fff406e7000 	/System/Library/Frameworks/Carbon.framework/Versions/A/Carbon
0x00007fff5ede9000 	/System/Library/PrivateFrameworks/JavaLaunching.framework/Versions/A/JavaLaunching
0x00007fff406e8000 	/System/Library/Frameworks/Carbon.framework/Versions/A/Frameworks/CommonPanels.framework/Versions/A/CommonPanels
0x00007fff409e4000 	/System/Library/Frameworks/Carbon.framework/Versions/A/Frameworks/Help.framework/Versions/A/Help
0x00007fff409e8000 	/System/Library/Frameworks/Carbon.framework/Versions/A/Frameworks/ImageCapture.framework/Versions/A/ImageCapture
0x00007fff40a84000 	/System/Library/Frameworks/Carbon.framework/Versions/A/Frameworks/OpenScripting.framework/Versions/A/OpenScripting
0x00007fff40abc000 	/System/Library/Frameworks/Carbon.framework/Versions/A/Frameworks/Print.framework/Versions/A/Print
0x00007fff40abe000 	/System/Library/Frameworks/Carbon.framework/Versions/A/Frameworks/SecurityHI.framework/Versions/A/SecurityHI
0x000000010742d000 	/Applications/BlueJ.app/Contents/PlugIns/x64/Contents/Home/lib/libawt_lwawt.dylib
0x0000000107557000 	/Applications/BlueJ.app/Contents/PlugIns/x64/Contents/Home/lib/./libosxapp.dylib
0x00007fff436bf000 	/System/Library/Frameworks/ExceptionHandling.framework/Versions/A/ExceptionHandling
0x000000010757d000 	/Applications/BlueJ.app/Contents/PlugIns/x64/Contents/Home/lib/libfontmanager.dylib
0x0000000107708000 	/Applications/BlueJ.app/Contents/PlugIns/x64/Contents/Home/lib/./libfreetype.dylib
0x00007fff55683000 	/System/Library/PrivateFrameworks/CoreServicesInternal.framework/Versions/A/CoreServicesInternal
0x00007fff35bc0000 	/System/Library/CoreServices/RawCamera.bundle/Contents/MacOS/RawCamera
0x00007fff5fdde000 	/System/Library/PrivateFrameworks/MobileAsset.framework/Versions/A/MobileAsset
0x00007fff67731000 	/System/Library/PrivateFrameworks/StreamingZip.framework/Versions/A/StreamingZip
0x00007fff45975000 	/System/Library/Frameworks/MediaToolbox.framework/Versions/A/MediaToolbox
0x00007fff547d5000 	/System/Library/PrivateFrameworks/CoreAVCHD.framework/Versions/A/CoreAVCHD
0x00007fff458bb000 	/System/Library/Frameworks/MediaAccessibility.framework/Versions/A/MediaAccessibility
0x00007fff5f83a000 	/System/Library/PrivateFrameworks/Mangrove.framework/Versions/A/Mangrove
0x00007fff42555000 	/System/Library/Frameworks/CoreMedia.framework/Versions/A/CoreMedia
0x00007fff4d3e2000 	/System/Library/Frameworks/VideoToolbox.framework/Versions/A/VideoToolbox
0x00007fff543f1000 	/System/Library/PrivateFrameworks/CoreAUC.framework/Versions/A/CoreAUC
0x00007fff6c59e000 	/usr/lib/libspindump.dylib
0x00007fff51aa9000 	/System/Library/PrivateFrameworks/AppleVA.framework/Versions/A/AppleVA
0x00007fff3d841000 	/System/Library/Frameworks/Accelerate.framework/Versions/A/Frameworks/vImage.framework/Versions/A/Libraries/libCGInterfaces.dylib
0x00007fff3fb34000 	/System/Library/Frameworks/ApplicationServices.framework/Versions/A/Frameworks/ATS.framework/Versions/A/Resources/libTrueTypeScaler.dylib
0x00007fff37375000 	/System/Library/Extensions/AMDRadeonX5000MTLDriver.bundle/Contents/MacOS/AMDRadeonX5000MTLDriver
0x00007fff5e835000 	/System/Library/PrivateFrameworks/IOAccelMemoryInfo.framework/Versions/A/IOAccelMemoryInfo
0x00007fff3aa02000 	/System/Library/Extensions/AppleIntelKBLGraphicsMTLDriver.bundle/Contents/MacOS/AppleIntelKBLGraphicsMTLDriver
0x00007fff5ae99000 	/System/Library/PrivateFrameworks/GPUCompiler.framework/Versions/3902/Libraries/libmetal_timestamp.dylib
0x00007fff68f7f000 	/System/Library/PrivateFrameworks/ViewBridge.framework/Versions/A/ViewBridge
0x0000000107892000 	/usr/lib/libobjc-trampolines.dylib
0x00000001079e8000 	/Applications/BlueJ.app/Contents/PlugIns/x64/Contents/Home/lib/libjsound.dylib
0x00007fff422d2000 	/System/Library/Frameworks/CoreMIDI.framework/Versions/A/CoreMIDI
0x00007fff6afad000 	/usr/lib/libexpat.1.dylib
0x00000001374ce000 	/System/Library/Components/CoreAudio.component/Contents/MacOS/CoreAudio
0x00007fff4b121000 	/System/Library/Frameworks/OpenGL.framework/Versions/A/Resources/GLEngine.bundle/GLEngine
0x00007fff4a5c3000 	/System/Library/Frameworks/OpenGL.framework/Versions/A/Libraries/libGLProgrammability.dylib
0x00007fff39c2e000 	/System/Library/Extensions/AppleIntelKBLGraphicsGLDriver.bundle/Contents/MacOS/AppleIntelKBLGraphicsGLDriver
0x00007fff5c52e000 	/System/Library/PrivateFrameworks/GPUSupport.framework/Versions/A/Libraries/libGPUSupportMercury.dylib
0x000000013770a000 	/System/Library/Extensions/AMDRadeonX5000GLDriver.bundle/Contents/MacOS/AMDRadeonX5000GLDriver
0x00007fff369cf000 	/System/Library/Extensions/AMDRadeonX5000GLDriver.bundle/Contents/MacOS/ATIRadeonX5000SCLib.dylib
0x00007fff4b2b9000 	/System/Library/Frameworks/OpenGL.framework/Versions/A/Resources/GLRendererFloat.bundle/GLRendererFloat
0x00007fff49b8d000 	/System/Library/Frameworks/OpenCL.framework/Versions/A/Libraries/libcldcpuengine.dylib
0x00007fff6ab13000 	/usr/lib/libcrypto.35.dylib
0x00007fff68144000 	/System/Library/PrivateFrameworks/TrustEvaluationAgent.framework/Versions/A/TrustEvaluationAgent
0x0000000137965000 	/Applications/BlueJ.app/Contents/PlugIns/x64/Contents/Home/lib/libosxui.dylib
0x000000013ae90000 	/Applications/BlueJ.app/Contents/PlugIns/x64/Contents/Home/lib/libmanagement.dylib
0x000000013ae9a000 	/Applications/BlueJ.app/Contents/PlugIns/x64/Contents/Home/lib/libmanagement_ext.dylib
0x00007fff69c37000 	/System/Library/PrivateFrameworks/login.framework/Versions/A/login


VM Arguments:
jvm_args: -ea -agentlib:jdwp=transport=dt_socket,address=127.0.0.1:57885 -Dfile.encoding=UTF-8 
java_command: bluej.runtime.ExecServer UTF-8
java_class_path (initial): /Applications/BlueJ.app/Contents/Java/bluejcore.jar:/Applications/BlueJ.app/Contents/Java/javafx-base-20.0.1.jar:/Applications/BlueJ.app/Contents/Java/javafx-graphics-20.0.1.jar:/Applications/BlueJ.app/Contents/Java/javafx-controls-20.0.1.jar:/Applications/BlueJ.app/Contents/Java/javafx-fxml-20.0.1-mac.jar:/Applications/BlueJ.app/Contents/Java/javafx-controls-20.0.1-mac.jar:/Applications/BlueJ.app/Contents/Java/javafx-web-20.0.1-mac.jar:/Applications/BlueJ.app/Contents/Java/javafx-media-20.0.1.jar:/Applications/BlueJ.app/Contents/Java/javafx-base-20.0.1-mac.jar:/Applications/BlueJ.app/Contents/Java/javafx-media-20.0.1-mac.jar:/Applications/BlueJ.app/Contents/Java/javafx-graphics-20.0.1-mac.jar:/Applications/BlueJ.app/Contents/Java/javafx-swing-20.0.1-mac.jar:/Applications/BlueJ.app/Contents/Java/junit-4.12.jar:/Applications/BlueJ.app/Contents/Java/junit-jupiter-params-5.5.2.jar:/Applications/BlueJ.app/Contents/Java/junit-jupiter-api-5.5.2.jar:/Applications/BlueJ.app/Contents/Java/junit-jupiter-engine-5.5.2.jar:/Applications/BlueJ.app/Contents/Java/junit-platform-suite-api-1.5.2.jar:/Applications/BlueJ.app/Contents/Java/junit-vintage-engine-5.5.2.jar:/Applications/BlueJ.app/Contents/Java/junit-jupiter-5.5.2.jar:/Applications/BlueJ.app/Contents/Java/junit-platform-engine-1.5.2.jar:/Applications/BlueJ.app/Contents/Java/junit-platform-launcher-1.5.2.jar:/Applications/BlueJ.app/Contents/Java/junit-platform-commons-1.5.2.jar:/Applications/BlueJ.app/Contents/Java/hamcrest-core-1.3.jar:/Applications/BlueJ.app/Contents/Java/opentest4j-1.2.0.jar:/Applications/BlueJ.app/Contents/Java/lang-stride.jar:/Users/sylvie_ruseva/Downloads/mayflower3.3.7.jar
Launcher Type: SUN_STANDARD

[Global flags]
     intx CICompilerCount                          = 4                                         {product} {ergonomic}
     uint ConcGCThreads                            = 3                                         {product} {ergonomic}
     uint G1ConcRefinementThreads                  = 10                                        {product} {ergonomic}
   size_t G1HeapRegionSize                         = 4194304                                   {product} {ergonomic}
    uintx GCDrainStackTargetSize                   = 64                                        {product} {ergonomic}
   size_t InitialHeapSize                          = 536870912                                 {product} {ergonomic}
   size_t MarkStackSize                            = 4194304                                   {product} {ergonomic}
   size_t MaxHeapSize                              = 8589934592                                {product} {ergonomic}
   size_t MaxNewSize                               = 5150605312                                {product} {ergonomic}
   size_t MinHeapDeltaBytes                        = 4194304                                   {product} {ergonomic}
   size_t MinHeapSize                              = 8388608                                   {product} {ergonomic}
    uintx NonNMethodCodeHeapSize                   = 5839372                                {pd product} {ergonomic}
    uintx NonProfiledCodeHeapSize                  = 122909434                              {pd product} {ergonomic}
    uintx ProfiledCodeHeapSize                     = 122909434                              {pd product} {ergonomic}
    uintx ReservedCodeCacheSize                    = 251658240                              {pd product} {ergonomic}
     bool SegmentedCodeCache                       = true                                      {product} {ergonomic}
   size_t SoftMaxHeapSize                          = 8589934592                             {manageable} {ergonomic}
     bool UseCompressedClassPointers               = true                           {product lp64_product} {ergonomic}
     bool UseCompressedOops                        = true                           {product lp64_product} {ergonomic}
     bool UseG1GC                                  = true                                      {product} {ergonomic}
     bool UseNUMA                                  = false                                     {product} {ergonomic}
     bool UseNUMAInterleaving                      = false                                     {product} {ergonomic}

Logging:
Log output configuration:
 #0: stdout all=warning uptime,level,tags
 #1: stderr all=off uptime,level,tags

Environment Variables:
JAVA_HOME=/Applications/BlueJ.app/Contents/PlugIns/x64/Contents/Home
PATH=/usr/bin:/bin:/usr/sbin:/sbin
SHELL=/bin/bash
LC_CTYPE=UTF-8
TMPDIR=/var/folders/_4/nb3d316x11ddkqfrnpcb1x5m0000gp/T/

Signal Handlers:
   SIGSEGV: crash_handler in libjvm.dylib, mask=11100110000111110111111111111111, flags=SA_RESTART|SA_SIGINFO
    SIGBUS: crash_handler in libjvm.dylib, mask=11100110000111110111111111111111, flags=SA_RESTART|SA_SIGINFO
    SIGFPE: crash_handler in libjvm.dylib, mask=11100110000111110111111111111111, flags=SA_RESTART|SA_SIGINFO
   SIGPIPE: javaSignalHandler in libjvm.dylib, mask=11100110000111110111111111111111, flags=SA_RESTART|SA_SIGINFO
   SIGXFSZ: javaSignalHandler in libjvm.dylib, mask=11100110000111110111111111111111, flags=SA_RESTART|SA_SIGINFO
    SIGILL: crash_handler in libjvm.dylib, mask=11100110000111110111111111111111, flags=SA_RESTART|SA_SIGINFO
   SIGUSR2: SR_handler in libjvm.dylib, mask=00100000000000000000000000000000, flags=SA_RESTART|SA_SIGINFO
    SIGHUP: UserHandler in libjvm.dylib, mask=11100110000111110111111111111111, flags=SA_RESTART|SA_SIGINFO
    SIGINT: UserHandler in libjvm.dylib, mask=11100110000111110111111111111111, flags=SA_RESTART|SA_SIGINFO
   SIGTERM: UserHandler in libjvm.dylib, mask=11100110000111110111111111111111, flags=SA_RESTART|SA_SIGINFO
   SIGQUIT: UserHandler in libjvm.dylib, mask=11100110000111110111111111111111, flags=SA_RESTART|SA_SIGINFO
  *** Handler was modified!
  *** Expected: javaSignalHandler in libjvm.dylib, mask=11100110100111111111111111111111, flags=SA_RESTART|SA_SIGINFO
   SIGTRAP: crash_handler in libjvm.dylib, mask=11100110000111110111111111111111, flags=SA_RESTART|SA_SIGINFO


---------------  S Y S T E M  ---------------

OS:
uname: Darwin 18.7.0 Darwin Kernel Version 18.7.0: Tue Jun 22 19:37:08 PDT 2021; root:xnu-4903.278.70~1/RELEASE_X86_64 x86_64
OS uptime: 3 days 2:23 hours
rlimit (soft/hard): STACK 8192k/65532k , CORE 0k/infinity , NPROC 2837/4256 , NOFILE 10240/infinity , AS infinity/infinity , CPU infinity/infinity , DATA infinity/infinity , FSIZE infinity/infinity , MEMLOCK infinity/infinity , RSS infinity/infinity
load average: 1.68 1.68 1.69

CPU: total 12 (initial active 12) (6 cores per cpu, 2 threads per core) family 6 model 158 stepping 10 microcode 0xf2, cx8, cmov, fxsr, ht, mmx, 3dnowpref, sse, sse2, sse3, ssse3, sse4.1, sse4.2, popcnt, lzcnt, tsc, tscinvbit, avx, avx2, aes, erms, clmul, bmi1, bmi2, rtm, adx, fma, vzeroupper, clflush, clflushopt

Memory: 4k page, physical 33554432k(2636184k free), swap 2097152k(1442304k free)

vm_info: OpenJDK 64-Bit Server VM (17.0.4.1+1) for bsd-amd64 JRE (17.0.4.1+1), built on Aug 17 2022 13:35:43 by "temurin" with clang 4.2.1 Compatible Apple LLVM 10.0.1 (clang-1001.0.46.4)

END.
